2023-05-24 02:01:46,842 INFO | Server [0] was established !
2023-05-24 02:01:46,843 INFO | Server [0] is listening !
2023-05-24 02:01:46,845 INFO | Server [1] was established !
2023-05-24 02:01:46,845 INFO | Server [1] is listening !
2023-05-24 02:01:46,846 INFO | Server [2] was established !
2023-05-24 02:01:46,847 INFO | Server [2] is listening !
2023-05-24 02:01:46,848 INFO | Server [3] was established !
2023-05-24 02:01:46,849 INFO | Server [3] is listening !
2023-05-24 02:01:46,850 INFO | Server [4] was established !
2023-05-24 02:01:46,850 INFO | Server [4] is listening !
2023-05-24 02:01:46,852 INFO | Server [5] was established !
2023-05-24 02:01:46,855 INFO | Server [6] was established !
2023-05-24 02:01:46,855 INFO | Server [5] is listening !
2023-05-24 02:01:46,858 INFO | Server [6] is listening !
2023-05-24 02:01:46,858 INFO | Server [7] was established !
2023-05-24 02:01:46,859 INFO | Server [7] is listening !
2023-05-24 02:01:46,861 INFO | Client [0] was established !
2023-05-24 02:01:46,861 INFO | Client [0] is listening!
2023-05-24 02:01:46,935 INFO 1 <---- 0 with PRE_PREPARE [0, 0]
2023-05-24 02:01:46,939 INFO 0 <---- 1 with PREPARE - [0, 0]
2023-05-24 02:01:47,001 INFO 1 <---- 0 with PRE_PREPARE [0, 1]
2023-05-24 02:01:47,004 INFO 0 <---- 1 with PREPARE - [0, 1]
2023-05-24 02:01:47,048 INFO 2 <---- 1 with PREPARE - [0, 0]
2023-05-24 02:01:47,086 INFO 1 <---- 0 with PRE_PREPARE [0, 2]
2023-05-24 02:01:47,090 INFO 0 <---- 1 with PREPARE - [0, 2]
2023-05-24 02:01:47,198 INFO 1 <---- 0 with PRE_PREPARE [0, 3]
2023-05-24 02:01:47,202 INFO 0 <---- 1 with PREPARE - [0, 3]
2023-05-24 02:01:47,206 INFO 3 <---- 1 with PREPARE - [0, 0]
2023-05-24 02:01:47,221 INFO 2 <---- 0 with PRE_PREPARE [0, 2]
2023-05-24 02:01:47,225 INFO 0 <---- 2 with PREPARE - [0, 2]
2023-05-24 02:01:47,254 INFO 2 <---- 0 with PRE_PREPARE [0, 1]
2023-05-24 02:01:47,259 INFO 0 <---- 2 with PREPARE - [0, 1]
2023-05-24 02:01:47,302 INFO 1 <---- 0 with PRE_PREPARE [0, 4]
2023-05-24 02:01:47,304 INFO 0 <---- 1 with PREPARE - [0, 4]
2023-05-24 02:01:47,412 INFO 1 <---- 0 with PRE_PREPARE [0, 5]
2023-05-24 02:01:47,414 INFO 0 <---- 1 with PREPARE - [0, 5]
2023-05-24 02:01:47,437 INFO 2 <---- 0 with PRE_PREPARE [0, 0]
2023-05-24 02:01:47,439 INFO 2 <---- 0 with PRE_PREPARE [0, 4]
2023-05-24 02:01:47,440 INFO 0 <---- 1 with PREPARE - [0, 0]
2023-05-24 02:01:47,441 INFO 0 <---- 2 with PREPARE - [0, 4]
2023-05-24 02:01:47,469 INFO 3 <---- 0 with PRE_PREPARE [0, 1]
2023-05-24 02:01:47,471 INFO 0 <---- 3 with PREPARE - [0, 1]
2023-05-24 02:01:47,485 INFO 2 <---- 1 with PREPARE - [0, 2]
2023-05-24 02:01:47,487 INFO 1 <---- 2 with PREPARE - [0, 1]
2023-05-24 02:01:47,488 INFO 2 <---- 1 with PREPARE - [0, 1]
2023-05-24 02:01:47,520 INFO 1 <---- 0 with PRE_PREPARE [0, 6]
2023-05-24 02:01:47,523 INFO 0 <---- 1 with PREPARE - [0, 6]
2023-05-24 02:01:47,530 INFO 3 <---- 0 with PRE_PREPARE [0, 2]
2023-05-24 02:01:47,533 INFO 0 <---- 3 with PREPARE - [0, 2]
2023-05-24 02:01:47,547 INFO 4 <---- 1 with PREPARE - [0, 0]
2023-05-24 02:01:47,578 INFO 2 <---- 1 with PREPARE - [0, 5]
2023-05-24 02:01:47,626 INFO 4 <---- 0 with PRE_PREPARE [0, 1]
2023-05-24 02:01:47,629 INFO 2 <---- 1 with PREPARE - [0, 4]
2023-05-24 02:01:47,634 INFO 0 <---- 4 with PREPARE - [0, 1]
2023-05-24 02:01:47,638 INFO 1 <---- 0 with COMMIT - [0, 1]
2023-05-24 02:01:47,640 INFO 2 <---- 0 with PRE_PREPARE [0, 3]
2023-05-24 02:01:47,642 INFO 2 <---- 1 with PREPARE - [0, 3]
2023-05-24 02:01:47,645 INFO 0 <---- 2 with PREPARE - [0, 3]
2023-05-24 02:01:47,686 INFO 1 <---- 2 with PREPARE - [0, 2]
2023-05-24 02:01:47,701 INFO 2 <---- 1 with PREPARE - [0, 6]
2023-05-24 02:01:47,716 INFO 1 <---- 3 with PREPARE - [0, 1]
2023-05-24 02:01:47,735 INFO 1 <---- 1 with PREPARE - [0, 0]
2023-05-24 02:01:47,748 INFO 3 <---- 1 with PREPARE - [0, 2]
2023-05-24 02:01:47,749 INFO 5 <---- 1 with PREPARE - [0, 0]
2023-05-24 02:01:47,764 INFO 1 <---- 4 with PREPARE - [0, 1]
2023-05-24 02:01:47,765 INFO 2 <---- 0 with PRE_PREPARE [0, 5]
2023-05-24 02:01:47,770 INFO 0 <---- 1 with PREPARE - [0, 5]
2023-05-24 02:01:47,810 INFO 3 <---- 1 with PREPARE - [0, 4]
2023-05-24 02:01:47,811 INFO 2 <---- 0 with COMMIT - [0, 1]
2023-05-24 02:01:47,825 INFO 3 <---- 2 with PREPARE - [0, 2]
2023-05-24 02:01:47,826 INFO 3 <---- 1 with PREPARE - [0, 5]
2023-05-24 02:01:47,841 INFO 4 <---- 0 with PRE_PREPARE [0, 2]
2023-05-24 02:01:47,847 INFO 0 <---- 4 with PREPARE - [0, 2]
2023-05-24 02:01:47,852 INFO 1 <---- 0 with COMMIT - [0, 2]
2023-05-24 02:01:47,857 INFO 1 <---- 2 with PREPARE - [0, 4]
2023-05-24 02:01:47,859 INFO 1 <---- 2 with PREPARE - [0, 3]
2023-05-24 02:01:47,872 INFO 2 <---- 0 with PRE_PREPARE [0, 6]
2023-05-24 02:01:47,877 INFO 0 <---- 1 with PREPARE - [0, 6]
2023-05-24 02:01:47,888 INFO 6 <---- 1 with PREPARE - [0, 0]
2023-05-24 02:01:47,889 INFO 3 <---- 1 with PREPARE - [0, 1]
2023-05-24 02:01:47,905 INFO 3 <---- 0 with PRE_PREPARE [0, 4]
2023-05-24 02:01:47,906 INFO 3 <---- 0 with PRE_PREPARE [0, 5]
2023-05-24 02:01:47,912 INFO 0 <---- 1 with PREPARE - [0, 4]
2023-05-24 02:01:47,913 INFO 0 <---- 1 with PREPARE - [0, 5]
2023-05-24 02:01:47,922 INFO 2 <---- 3 with PREPARE - [0, 1]
2023-05-24 02:01:47,923 INFO 1 <---- 3 with PREPARE - [0, 2]
2023-05-24 02:01:47,925 INFO 5 <---- 0 with PRE_PREPARE [0, 1]
2023-05-24 02:01:47,931 INFO 0 <---- 5 with PREPARE - [0, 1]
2023-05-24 02:01:47,936 INFO 3 <---- 0 with PRE_PREPARE [0, 3]
2023-05-24 02:01:47,942 INFO 0 <---- 3 with PREPARE - [0, 3]
2023-05-24 02:01:47,951 INFO 3 <---- 0 with PRE_PREPARE [0, 0]
2023-05-24 02:01:47,953 INFO 4 <---- 1 with PREPARE - [0, 2]
2023-05-24 02:01:47,960 INFO 0 <---- 1 with PREPARE - [0, 0]
2023-05-24 02:01:48,000 INFO 3 <---- 2 with PREPARE - [0, 1]
2023-05-24 02:01:48,015 INFO 1 <---- 1 with PREPARE - [0, 5]
2023-05-24 02:01:48,051 INFO 4 <---- 1 with PREPARE - [0, 5]
2023-05-24 02:01:48,064 INFO 4 <---- 3 with PREPARE - [0, 1]
2023-05-24 02:01:48,080 INFO 1 <---- 1 with PREPARE - [0, 0]
2023-05-24 02:01:48,081 INFO 3 <---- 1 with PREPARE - [0, 3]
2023-05-24 02:01:48,082 INFO 4 <---- 1 with PREPARE - [0, 4]
2023-05-24 02:01:48,110 INFO 3 <---- 1 with PREPARE - [0, 6]
2023-05-24 02:01:48,111 INFO 1 <---- 1 with PREPARE - [0, 5]
2023-05-24 02:01:48,126 INFO 2 <---- 0 with COMMIT - [0, 2]
2023-05-24 02:01:48,128 INFO 5 <---- 0 with PRE_PREPARE [0, 2]
2023-05-24 02:01:48,137 INFO 0 <---- 5 with PREPARE - [0, 2]
2023-05-24 02:01:48,143 INFO 1 <---- 5 with PREPARE - [0, 1]
2023-05-24 02:01:48,144 INFO 5 <---- 1 with PREPARE - [0, 2]
2023-05-24 02:01:48,155 INFO 0 <---- 0 with COMMIT - [0, 1]
2023-05-24 02:01:48,172 INFO 7 <---- 1 with PREPARE - [0, 0]
2023-05-24 02:01:48,174 INFO 2 <---- 3 with PREPARE - [0, 2]
2023-05-24 02:01:48,188 INFO 3 <---- 0 with PRE_PREPARE [0, 6]
2023-05-24 02:01:48,189 INFO 3 <---- 2 with PREPARE - [0, 4]
2023-05-24 02:01:48,199 INFO 0 <---- 1 with PREPARE - [0, 6]
2023-05-24 02:01:48,205 INFO 3 <---- 2 with PREPARE - [0, 3]
2023-05-24 02:01:48,206 INFO 1 <---- 1 with PREPARE - [0, 4]
2023-05-24 02:01:48,209 INFO 2 <---- 4 with PREPARE - [0, 1]
2023-05-24 02:01:48,218 INFO 3 <---- 1 with PREPARE - [0, 0]
2023-05-24 02:01:48,233 INFO 1 <---- 3 with PREPARE - [0, 3]
2023-05-24 02:01:48,248 INFO 1 <---- 4 with PREPARE - [0, 2]
2023-05-24 02:01:48,265 INFO 4 <---- 0 with PRE_PREPARE [0, 3]
2023-05-24 02:01:48,266 INFO 5 <---- 1 with PREPARE - [0, 4]
2023-05-24 02:01:48,276 INFO 0 <---- 4 with PREPARE - [0, 3]
2023-05-24 02:01:48,282 INFO 4 <---- 2 with PREPARE - [0, 2]
2023-05-24 02:01:48,283 INFO 3 <---- 0 with COMMIT - [0, 2]
2023-05-24 02:01:48,284 INFO 3 <---- 0 with COMMIT - [0, 1]
2023-05-24 02:01:48,291 INFO 1 <---- 0 with COMMIT - [0, 3]
2023-05-24 02:01:48,311 INFO 4 <---- 2 with PREPARE - [0, 4]
2023-05-24 02:01:48,313 INFO 4 <---- 0 with PRE_PREPARE [0, 5]
2023-05-24 02:01:48,327 INFO 0 <---- 1 with PREPARE - [0, 5]
2023-05-24 02:01:48,332 INFO 6 <---- 0 with PRE_PREPARE [0, 1]
2023-05-24 02:01:48,333 INFO 4 <---- 0 with PRE_PREPARE [0, 4]
2023-05-24 02:01:48,335 INFO 4 <---- 1 with PREPARE - [0, 1]
2023-05-24 02:01:48,341 INFO 1 <---- 0 with COMMIT - [0, 5]
2023-05-24 02:01:48,348 INFO 0 <---- 6 with PREPARE - [0, 1]
2023-05-24 02:01:48,348 INFO 4 <---- 1 with PREPARE - [0, 0]
2023-05-24 02:01:48,350 INFO 5 <---- 1 with PREPARE - [0, 5]
2023-05-24 02:01:48,351 INFO 0 <---- 1 with PREPARE - [0, 4]
2023-05-24 02:01:48,362 INFO 4 <---- 0 with PRE_PREPARE [0, 0]
2023-05-24 02:01:48,364 INFO 1 <---- 0 with COMMIT - [0, 4]
2023-05-24 02:01:48,374 INFO 0 <---- 1 with PREPARE - [0, 0]
2023-05-24 02:01:48,377 INFO 2 <---- 4 with PREPARE - [0, 2]
2023-05-24 02:01:48,387 INFO 1 <---- 0 with COMMIT - [0, 0]
2023-05-24 02:01:48,393 INFO 4 <---- 1 with PREPARE - [0, 6]
2023-05-24 02:01:48,394 INFO 1 <---- 1 with PREPARE - [0, 6]
2023-05-24 02:01:48,398 INFO 4 <---- 2 with PREPARE - [0, 1]
2023-05-24 02:01:48,411 INFO 2 <---- 3 with PREPARE - [0, 3]
2023-05-24 02:01:48,422 INFO 3 <---- 4 with PREPARE - [0, 1]
2023-05-24 02:01:48,424 INFO 5 <---- 2 with PREPARE - [0, 2]
2023-05-24 02:01:48,427 INFO 2 <---- 5 with PREPARE - [0, 1]
2023-05-24 02:01:48,429 INFO 1 <---- 4 with PREPARE - [0, 3]
2023-05-24 02:01:48,430 INFO 4 <---- 0 with PRE_PREPARE [0, 6]
2023-05-24 02:01:48,443 INFO 0 <---- 0 with COMMIT - [0, 1]
2023-05-24 02:01:48,445 INFO 0 <---- 1 with PREPARE - [0, 6]
2023-05-24 02:01:48,456 INFO 2 <---- 1 with PREPARE - [0, 0]
2023-05-24 02:01:48,460 INFO 1 <---- 0 with COMMIT - [0, 6]
2023-05-24 02:01:48,466 INFO 5 <---- 3 with PREPARE - [0, 1]
2023-05-24 02:01:48,471 INFO 3 <---- 1 with PREPARE - [0, 5]
2023-05-24 02:01:48,483 INFO 2 <---- 0 with COMMIT - [0, 1]
2023-05-24 02:01:48,498 INFO 1 <---- 1 with PREPARE - [0, 0]
2023-05-24 02:01:48,501 INFO 5 <---- 0 with PRE_PREPARE [0, 3]
2023-05-24 02:01:48,524 INFO 2 <---- 0 with COMMIT - [0, 0]
2023-05-24 02:01:48,529 INFO 0 <---- 5 with PREPARE - [0, 3]
2023-05-24 02:01:48,537 INFO 6 <---- 0 with PRE_PREPARE [0, 2]
2023-05-24 02:01:48,538 INFO 6 <---- 1 with PREPARE - [0, 2]
2023-05-24 02:01:48,550 INFO 1 <---- 5 with PREPARE - [0, 2]
2023-05-24 02:01:48,551 INFO 4 <---- 0 with COMMIT - [0, 2]
2023-05-24 02:01:48,553 INFO 2 <---- 1 with PREPARE - [0, 5]
2023-05-24 02:01:48,558 INFO 0 <---- 6 with PREPARE - [0, 2]
2023-05-24 02:01:48,567 INFO 2 <---- 1 with PREPARE - [0, 4]
2023-05-24 02:01:48,568 INFO 4 <---- 3 with PREPARE - [0, 2]
2023-05-24 02:01:48,571 INFO 4 <---- 0 with COMMIT - [0, 1]
2023-05-24 02:01:48,574 INFO 0 <---- 0 with COMMIT - [0, 2]
2023-05-24 02:01:48,583 INFO 2 <---- 4 with PREPARE - [0, 3]
2023-05-24 02:01:48,584 INFO 2 <---- 0 with COMMIT - [0, 3]
2023-05-24 02:01:48,585 INFO 5 <---- 1 with PREPARE - [0, 0]
2023-05-24 02:01:48,611 INFO 5 <---- 1 with PREPARE - [0, 6]
2023-05-24 02:01:48,612 INFO 4 <---- 1 with PREPARE - [0, 5]
2023-05-24 02:01:48,614 INFO 6 <---- 1 with PREPARE - [0, 4]
2023-05-24 02:01:48,616 INFO 4 <---- 1 with PREPARE - [0, 3]
2023-05-24 02:01:48,632 INFO 1 <---- 6 with PREPARE - [0, 1]
2023-05-24 02:01:48,633 INFO 4 <---- 1 with PREPARE - [0, 0]
2023-05-24 02:01:48,643 INFO 4 <---- 3 with PREPARE - [0, 3]
2023-05-24 02:01:48,659 INFO 1 <---- 1 with PREPARE - [0, 6]
2023-05-24 02:01:48,675 INFO 3 <---- 4 with PREPARE - [0, 2]
2023-05-24 02:01:48,676 INFO 5 <---- 2 with PREPARE - [0, 1]
2023-05-24 02:01:48,693 INFO 5 <---- 0 with PRE_PREPARE [0, 6]
2023-05-24 02:01:48,694 INFO 1 <---- 1 with PREPARE - [0, 6]
2023-05-24 02:01:48,704 INFO 4 <---- 2 with PREPARE - [0, 3]
2023-05-24 02:01:48,705 INFO 3 <---- 0 with COMMIT - [0, 0]
2023-05-24 02:01:48,712 INFO 0 <---- 1 with PREPARE - [0, 6]
2023-05-24 02:01:48,720 INFO 6 <---- 0 with PRE_PREPARE [0, 3]
2023-05-24 02:01:48,723 INFO 3 <---- 1 with PREPARE - [0, 6]
2023-05-24 02:01:48,724 INFO 3 <---- 5 with PREPARE - [0, 1]
2023-05-24 02:01:48,741 INFO 0 <---- 6 with PREPARE - [0, 3]
2023-05-24 02:01:48,744 INFO 0 <---- 0 with COMMIT - [0, 1]
2023-05-24 02:01:48,752 INFO 5 <---- 0 with PRE_PREPARE [0, 0]
2023-05-24 02:01:48,765 INFO 6 <---- 1 with PREPARE - [0, 5]
2023-05-24 02:01:48,766 INFO 5 <---- 3 with PREPARE - [0, 2]
2023-05-24 02:01:48,768 INFO 2 <---- 1 with PREPARE - [0, 0]
2023-05-24 02:01:48,769 INFO 3 <---- 0 with COMMIT - [0, 3]
2023-05-24 02:01:48,771 INFO 2 <---- 5 with PREPARE - [0, 2]
2023-05-24 02:01:48,776 INFO 0 <---- 1 with PREPARE - [0, 0]
2023-05-24 02:01:48,787 INFO 7 <---- 0 with PRE_PREPARE [0, 1]
2023-05-24 02:01:48,789 INFO 5 <---- 0 with PRE_PREPARE [0, 5]
2023-05-24 02:01:48,790 INFO 1 <---- 1 with PREPARE - [0, 5]
2023-05-24 02:01:48,793 INFO 0 <---- 0 with COMMIT - [0, 2]
2023-05-24 02:01:48,797 INFO 7 <---- 1 with PREPARE - [0, 4]
2023-05-24 02:01:48,801 INFO 5 <---- 2 with PREPARE - [0, 4]
2023-05-24 02:01:48,803 INFO 5 <---- 3 with PREPARE - [0, 3]
2023-05-24 02:01:48,803 INFO 1 <---- 0 with COMMIT - [0, 1]
2023-05-24 02:01:48,805 INFO 2 <---- 6 with PREPARE - [0, 1]
2023-05-24 02:01:48,817 INFO 0 <---- 7 with PREPARE - [0, 1]
2023-05-24 02:01:48,818 INFO 0 <---- 1 with PREPARE - [0, 5]
2023-05-24 02:01:48,831 INFO 7 <---- 0 with PRE_PREPARE [0, 2]
2023-05-24 02:01:48,834 INFO 2 <---- 0 with COMMIT - [0, 6]
2023-05-24 02:01:48,841 INFO 0 <---- 7 with PRE_PREPARE [2, 0]
2023-05-24 02:01:48,846 INFO 2 <---- 0 with COMMIT - [0, 4]
2023-05-24 02:01:48,848 INFO 5 <---- 1 with PREPARE - [0, 1]
2023-05-24 02:01:48,849 INFO 2 <---- 0 with COMMIT - [0, 5]
2023-05-24 02:01:48,857 INFO 0 <---- 7 with PREPARE - [0, 2]
2023-05-24 02:01:48,866 INFO 5 <---- 0 with PRE_PREPARE [0, 4]
2023-05-24 02:01:48,867 INFO 6 <---- 1 with PREPARE - [0, 0]
2023-05-24 02:01:48,868 INFO 1 <---- 1 with PREPARE - [0, 4]
2023-05-24 02:01:48,870 INFO 1 <---- 0 with PREPARE - [2, 0]
2023-05-24 02:01:48,881 INFO 6 <---- 2 with PREPARE - [0, 2]
2023-05-24 02:01:48,882 INFO 0 <---- 7 with PRE_PREPARE [2, 1]
2023-05-24 02:01:48,890 INFO 0 <---- 1 with PREPARE - [0, 4]
2023-05-24 02:01:48,891 INFO 5 <---- 1 with PREPARE - [0, 0]
2023-05-24 02:01:48,893 INFO 1 <---- 0 with COMMIT - [0, 1]
2023-05-24 02:01:48,894 INFO 6 <---- 3 with PREPARE - [0, 1]
2023-05-24 02:01:48,905 INFO 1 <---- 0 with PREPARE - [2, 1]
2023-05-24 02:01:48,909 INFO 3 <---- 4 with PREPARE - [0, 3]
2023-05-24 02:01:48,919 INFO 4 <---- 1 with PREPARE - [0, 4]
2023-05-24 02:01:48,920 INFO 1 <---- 5 with PREPARE - [0, 3]
2023-05-24 02:01:48,935 INFO 2 <---- 1 with PREPARE - [0, 6]
2023-05-24 02:01:48,937 INFO 5 <---- 4 with PREPARE - [0, 1]
2023-05-24 02:01:48,940 INFO 0 <---- 0 with COMMIT - [0, 3]
2023-05-24 02:01:48,953 INFO 5 <---- 4 with PREPARE - [0, 2]
2023-05-24 02:01:48,954 INFO 4 <---- 1 with PREPARE - [0, 6]
2023-05-24 02:01:48,958 INFO 0 <---- 5 with COMMIT - [0, 1]
2023-05-24 02:01:48,958 INFO @@@
2023-05-24 02:01:48,967 INFO 3 <---- 0 with COMMIT - [0, 1]
2023-05-24 02:01:48,968 INFO 7 <---- 0 with PRE_PREPARE [0, 3]
2023-05-24 02:01:48,969 INFO 1 <---- 1 with PREPARE - [0, 5]
2023-05-24 02:01:48,971 INFO 5 <---- 0 with COMMIT - [0, 2]
2023-05-24 02:01:48,972 INFO 1 <---- 6 with PREPARE - [0, 2]
2023-05-24 02:01:48,979 INFO 0 <---- 5 with COMMIT - [0, 2]
2023-05-24 02:01:48,984 INFO Client [0] has received message :result, from ['127.0.0.1', 57254] with number [0, 1]
2023-05-24 02:01:48,989 INFO 5 <---- 1 with PREPARE - [0, 3]
2023-05-24 02:01:48,994 INFO 0 <---- 7 with PREPARE - [0, 3]
2023-05-24 02:01:48,996 INFO 0 <---- 0 with COMMIT - [0, 5]
2023-05-24 02:01:49,001 INFO 6 <---- 3 with PREPARE - [0, 3]
2023-05-24 02:01:49,023 INFO 6 <---- 1 with PREPARE - [0, 6]
2023-05-24 02:01:49,025 INFO 6 <---- 0 with PRE_PREPARE [0, 4]
2023-05-24 02:01:49,027 INFO 6 <---- 0 with PRE_PREPARE [0, 6]
2023-05-24 02:01:49,065 INFO 0 <---- 1 with PREPARE - [0, 4]
2023-05-24 02:01:49,066 INFO 0 <---- 1 with PREPARE - [0, 6]
2023-05-24 02:01:49,078 INFO 7 <---- 1 with PREPARE - [0, 2]
2023-05-24 02:01:49,079 INFO 4 <---- 5 with PREPARE - [0, 1]
2023-05-24 02:01:49,081 INFO 7 <---- 1 with PREPARE - [0, 5]
2023-05-24 02:01:49,082 INFO 5 <---- 0 with COMMIT - [0, 1]
2023-05-24 02:01:49,083 INFO 3 <---- 0 with COMMIT - [0, 1]
2023-05-24 02:01:49,085 INFO 2 <---- 0 with COMMIT - [0, 2]
2023-05-24 02:01:49,087 INFO 4 <---- 1 with PREPARE - [0, 5]
2023-05-24 02:01:49,093 INFO 1 <---- 1 with PREPARE - [0, 4]
2023-05-24 02:01:49,095 INFO 1 <---- 5 with PRE_PREPARE [2, 0]
2023-05-24 02:01:49,096 INFO 3 <---- 0 with COMMIT - [0, 6]
2023-05-24 02:01:49,098 INFO 5 <---- 1 with PREPARE - [0, 4]
2023-05-24 02:01:49,101 INFO 6 <---- 4 with PREPARE - [0, 1]
2023-05-24 02:01:49,109 INFO 2 <---- 1 with PREPARE - [0, 6]
2023-05-24 02:01:49,111 INFO 4 <---- 0 with COMMIT - [0, 0]
2023-05-24 02:01:49,112 INFO 3 <---- 1 with PREPARE - [0, 0]
2023-05-24 02:01:49,122 INFO 0 <---- 0 with COMMIT - [0, 1]
2023-05-24 02:01:49,124 INFO 1 <---- 1 with PREPARE - [0, 0]
2023-05-24 02:01:49,125 INFO 2 <---- 0 with PREPARE - [2, 0]
2023-05-24 02:01:49,127 INFO 2 <---- 0 with COMMIT - [0, 1]
2023-05-24 02:01:49,128 INFO 1 <---- 6 with PRE_PREPARE [2, 1]
2023-05-24 02:01:49,130 INFO 2 <---- 1 with PREPARE - [0, 5]
2023-05-24 02:01:49,131 INFO 6 <---- 4 with PREPARE - [0, 2]
2023-05-24 02:01:49,137 INFO 0 <---- 0 with COMMIT - [0, 4]
2023-05-24 02:01:49,139 INFO 0 <---- 0 with PREPARE - [2, 0]
2023-05-24 02:01:49,140 INFO 1 <---- 6 with PREPARE - [0, 3]
2023-05-24 02:01:49,145 INFO 0 <---- 7 with PRE_PREPARE [2, 2]
2023-05-24 02:01:49,150 INFO 6 <---- 3 with PREPARE - [0, 2]
2023-05-24 02:01:49,151 INFO 5 <---- 1 with PREPARE - [0, 5]
2023-05-24 02:01:49,153 INFO 7 <---- 3 with PREPARE - [0, 3]
2023-05-24 02:01:49,161 INFO 0 <---- 0 with COMMIT - [0, 0]
2023-05-24 02:01:49,163 INFO 0 <---- 0 with PREPARE - [2, 1]
2023-05-24 02:01:49,164 INFO 5 <---- 4 with PREPARE - [0, 3]
2023-05-24 02:01:49,166 INFO 3 <---- 5 with PREPARE - [0, 2]
2023-05-24 02:01:49,167 INFO 6 <---- 1 with PRE_PREPARE [0, 0]
2023-05-24 02:01:49,178 INFO 1 <---- 0 with PREPARE - [2, 2]
2023-05-24 02:01:49,180 INFO 1 <---- 1 with PREPARE - [0, 6]
2023-05-24 02:01:49,184 INFO 0 <---- 6 with COMMIT - [0, 2]
2023-05-24 02:01:49,184 INFO @@@
2023-05-24 02:01:49,191 INFO 6 <---- 2 with PREPARE - [0, 1]
2023-05-24 02:01:49,193 INFO 3 <---- 6 with PREPARE - [0, 1]
2023-05-24 02:01:49,195 INFO 0 <---- 0 with COMMIT - [0, 2]
2023-05-24 02:01:49,196 INFO 0 <---- 1 with PREPARE - [0, 0]
2023-05-24 02:01:49,209 INFO 4 <---- 1 with PREPARE - [0, 6]
2023-05-24 02:01:49,211 INFO 1 <---- 7 with PREPARE - [0, 2]
2023-05-24 02:01:49,212 INFO 0 <---- 0 with COMMIT - [0, 6]
2023-05-24 02:01:49,225 INFO 5 <---- 2 with PREPARE - [0, 3]
2023-05-24 02:01:49,227 INFO 6 <---- 0 with COMMIT - [0, 2]
2023-05-24 02:01:49,228 INFO 7 <---- 1 with PREPARE - [0, 6]
2023-05-24 02:01:49,230 INFO 6 <---- 2 with PREPARE - [0, 4]
2023-05-24 02:01:49,231 INFO 4 <---- 0 with COMMIT - [0, 1]
2023-05-24 02:01:49,233 INFO 4 <---- 0 with COMMIT - [0, 3]
2023-05-24 02:01:49,234 INFO 0 <---- 7 with PRE_PREPARE [2, 3]
2023-05-24 02:01:49,243 INFO 4 <---- 0 with COMMIT - [0, 6]
2023-05-24 02:01:49,253 INFO 0 <---- 5 with COMMIT - [0, 3]
2023-05-24 02:01:49,254 INFO 1 <---- 0 with PREPARE - [2, 3]
2023-05-24 02:01:49,262 INFO 1 <---- 5 with COMMIT - [0, 2]
2023-05-24 02:01:49,263 INFO 7 <---- 3 with PREPARE - [0, 1]
2023-05-24 02:01:49,278 INFO 6 <---- 1 with PRE_PREPARE [0, 5]
2023-05-24 02:01:49,290 INFO 1 <---- 0 with COMMIT - [0, 2]
2023-05-24 02:01:49,291 INFO 4 <---- 0 with COMMIT - [0, 1]
2023-05-24 02:01:49,300 INFO 0 <---- 1 with PREPARE - [0, 5]
2023-05-24 02:01:49,307 INFO 0 <---- 7 with PRE_PREPARE [2, 4]
2023-05-24 02:01:49,310 INFO 2 <---- 0 with COMMIT - [0, 5]
2023-05-24 02:01:49,311 INFO 2 <---- 5 with PREPARE - [0, 3]
2023-05-24 02:01:49,313 INFO 2 <---- 1 with PREPARE - [0, 5]
2023-05-24 02:01:49,325 INFO 2 <---- 0 with PREPARE - [2, 2]
2023-05-24 02:01:49,326 INFO 7 <---- 0 with PRE_PREPARE [0, 6]
2023-05-24 02:01:49,328 INFO 1 <---- 6 with COMMIT - [0, 2]
2023-05-24 02:01:49,328 INFO @@@
2023-05-24 02:01:49,330 INFO 3 <---- 0 with COMMIT - [0, 4]
2023-05-24 02:01:49,331 INFO 3 <---- 2 with PRE_PREPARE [2, 1]
2023-05-24 02:01:49,333 INFO 6 <---- 1 with PREPARE - [0, 1]
2023-05-24 02:01:49,335 INFO 3 <---- 0 with COMMIT - [0, 5]
2023-05-24 02:01:49,341 INFO 1 <---- 0 with PREPARE - [2, 4]
2023-05-24 02:01:49,344 INFO 0 <---- 0 with COMMIT - [0, 3]
2023-05-24 02:01:49,346 INFO 0 <---- 0 with COMMIT - [0, 5]
2023-05-24 02:01:49,350 INFO 1 <---- 7 with PREPARE - [0, 1]
2023-05-24 02:01:49,352 INFO 2 <---- 1 with PREPARE - [0, 4]
2023-05-24 02:01:49,353 INFO 2 <---- 0 with PREPARE - [2, 1]
2023-05-24 02:01:49,362 INFO 0 <---- 1 with PREPARE - [0, 6]
2023-05-24 02:01:49,365 INFO 1 <---- 1 with PREPARE - [0, 0]
2023-05-24 02:01:49,366 INFO 7 <---- 2 with PREPARE - [0, 2]
2023-05-24 02:01:49,368 INFO 5 <---- 1 with PREPARE - [0, 0]
2023-05-24 02:01:49,369 INFO 7 <---- 0 with COMMIT - [0, 2]
2023-05-24 02:01:49,371 INFO 0 <---- 3 with PREPARE - [2, 1]
2023-05-24 02:01:49,372 INFO 0 <---- 6 with COMMIT - [0, 1]
2023-05-24 02:01:49,381 INFO 6 <---- 1 with PREPARE - [0, 5]
2023-05-24 02:01:49,382 INFO 1 <---- 7 with PREPARE - [0, 3]
2023-05-24 02:01:49,384 INFO 3 <---- 1 with PREPARE - [0, 5]
2023-05-24 02:01:49,387 INFO 2 <---- 6 with PREPARE - [0, 2]
2023-05-24 02:01:49,388 INFO 2 <---- 6 with PREPARE - [0, 3]
2023-05-24 02:01:49,389 INFO 5 <---- 0 with COMMIT - [0, 1]
2023-05-24 02:01:49,401 INFO 6 <---- 4 with PREPARE - [0, 3]
2023-05-24 02:01:49,403 INFO 6 <---- 1 with PREPARE - [0, 0]
2023-05-24 02:01:49,404 INFO 4 <---- 6 with PREPARE - [0, 1]
2023-05-24 02:01:49,406 INFO 0 <---- 5 with COMMIT - [0, 0]
2023-05-24 02:01:49,414 INFO 2 <---- 0 with PREPARE - [2, 0]
2023-05-24 02:01:49,415 INFO 2 <---- 0 with COMMIT - [0, 3]
2023-05-24 02:01:49,416 INFO 7 <---- 1 with PREPARE - [0, 0]
2023-05-24 02:01:49,418 INFO 1 <---- 5 with COMMIT - [0, 3]
2023-05-24 02:01:49,419 INFO 5 <---- 0 with COMMIT - [0, 3]
2023-05-24 02:01:49,425 INFO 5 <---- 1 with PREPARE - [0, 6]
2023-05-24 02:01:49,436 INFO 6 <---- 0 with COMMIT - [0, 1]
2023-05-24 02:01:49,445 INFO 1 <---- 7 with PRE_PREPARE [2, 2]
2023-05-24 02:01:49,446 INFO 5 <---- 0 with COMMIT - [0, 1]
2023-05-24 02:01:49,448 INFO 1 <---- 0 with COMMIT - [0, 2]
2023-05-24 02:01:49,449 INFO 1 <---- 5 with COMMIT - [0, 1]
2023-05-24 02:01:49,449 INFO @@@
2023-05-24 02:01:49,465 INFO 2 <---- 1 with PREPARE - [0, 0]
2023-05-24 02:01:49,466 INFO 7 <---- 2 with PREPARE - [0, 4]
2023-05-24 02:01:49,468 INFO 3 <---- 0 with PREPARE - [2, 0]
2023-05-24 02:01:49,469 INFO 5 <---- 1 with PREPARE - [0, 6]
2023-05-24 02:01:49,476 INFO 0 <---- 0 with PREPARE - [2, 2]
2023-05-24 02:01:49,485 INFO 1 <---- 1 with PREPARE - [0, 6]
2023-05-24 02:01:49,486 INFO 3 <---- 2 with PRE_PREPARE [2, 0]
2023-05-24 02:01:49,489 INFO 7 <---- 3 with PREPARE - [0, 2]
2023-05-24 02:01:49,499 INFO 0 <---- 0 with COMMIT - [0, 0]
2023-05-24 02:01:49,503 INFO 4 <---- 0 with COMMIT - [0, 4]
2023-05-24 02:01:49,505 INFO 2 <---- 0 with COMMIT - [0, 4]
2023-05-24 02:01:49,506 INFO 7 <---- 0 with PRE_PREPARE [0, 0]
2023-05-24 02:01:49,508 INFO 1 <---- 1 with PREPARE - [0, 4]
2023-05-24 02:01:49,509 INFO 5 <---- 1 with PREPARE - [0, 5]
2023-05-24 02:01:49,521 INFO 3 <---- 0 with COMMIT - [0, 2]
2023-05-24 02:01:49,523 INFO 6 <---- 1 with PREPARE - [0, 4]
2023-05-24 02:01:49,525 INFO 6 <---- 1 with PREPARE - [0, 3]
2023-05-24 02:01:49,526 INFO 0 <---- 0 with PREPARE - [2, 0]
2023-05-24 02:01:49,539 INFO 7 <---- 4 with PREPARE - [0, 1]
2023-05-24 02:01:49,540 INFO 0 <---- 1 with PREPARE - [0, 0]
2023-05-24 02:01:49,548 INFO 1 <---- 7 with PRE_PREPARE [2, 3]
2023-05-24 02:01:49,550 INFO 3 <---- 0 with COMMIT - [0, 5]
2023-05-24 02:01:49,552 INFO 7 <---- 0 with PRE_PREPARE [0, 4]
2023-05-24 02:01:49,553 INFO 2 <---- 0 with PREPARE - [2, 3]
2023-05-24 02:01:49,556 INFO 2 <---- 5 with COMMIT - [0, 2]
2023-05-24 02:01:49,565 INFO 6 <---- 2 with PREPARE - [0, 3]
2023-05-24 02:01:49,566 INFO 1 <---- 0 with COMMIT - [0, 1]
2023-05-24 02:01:49,568 INFO 3 <---- 5 with PREPARE - [0, 3]
2023-05-24 02:01:49,570 INFO 6 <---- 5 with PREPARE - [0, 1]
2023-05-24 02:01:49,571 INFO 3 <---- 0 with PREPARE - [2, 0]
2023-05-24 02:01:49,573 INFO 7 <---- 1 with PREPARE - [0, 0]
2023-05-24 02:01:49,574 INFO 3 <---- 6 with PREPARE - [0, 3]
2023-05-24 02:01:49,586 INFO 1 <---- 6 with COMMIT - [0, 1]
2023-05-24 02:01:49,587 INFO 0 <---- 0 with PREPARE - [2, 3]
2023-05-24 02:01:49,588 INFO 0 <---- 1 with PREPARE - [0, 4]
2023-05-24 02:01:49,599 INFO 3 <---- 1 with PREPARE - [0, 6]
2023-05-24 02:01:49,601 INFO 2 <---- 1 with PREPARE - [0, 4]
2023-05-24 02:01:49,603 INFO 2 <---- 0 with PREPARE - [2, 1]
2023-05-24 02:01:49,604 INFO 0 <---- 6 with COMMIT - [0, 3]
2023-05-24 02:01:49,604 INFO @@@
2023-05-24 02:01:49,606 INFO 0 <---- 0 with COMMIT - [0, 3]
2023-05-24 02:01:49,612 INFO 4 <---- 5 with PREPARE - [0, 2]
2023-05-24 02:01:49,613 INFO 7 <---- 0 with PRE_PREPARE [0, 5]
2023-05-24 02:01:49,616 INFO 7 <---- 4 with PREPARE - [0, 2]
2023-05-24 02:01:49,628 INFO 5 <---- 0 with COMMIT - [0, 0]
2023-05-24 02:01:49,630 INFO 2 <---- 7 with PREPARE - [0, 2]
2023-05-24 02:01:49,636 INFO 0 <---- 0 with COMMIT - [0, 4]
2023-05-24 02:01:49,642 INFO 2 <---- 0 with COMMIT - [0, 2]
2023-05-24 02:01:49,642 INFO @@@
2023-05-24 02:01:49,644 INFO 4 <---- 0 with COMMIT - [0, 1]
2023-05-24 02:01:49,644 INFO @@@
2023-05-24 02:01:49,646 INFO 6 <---- 0 with COMMIT - [0, 3]
2023-05-24 02:01:49,648 INFO 0 <---- 0 with COMMIT - [0, 2]
2023-05-24 02:01:49,650 INFO 0 <---- 1 with PREPARE - [0, 5]
2023-05-24 02:01:49,653 INFO 0 <---- 0 with COMMIT - [0, 2]
2023-05-24 02:01:49,663 INFO 4 <---- 0 with COMMIT - [0, 5]
2023-05-24 02:01:49,665 INFO 6 <---- 1 with PREPARE - [0, 5]
2023-05-24 02:01:49,666 INFO 2 <---- 0 with COMMIT - [0, 0]
2023-05-24 02:01:49,668 INFO 7 <---- 1 with PREPARE - [0, 5]
2023-05-24 02:01:49,669 INFO 3 <---- 3 with PRE_PREPARE [2, 2]
2023-05-24 02:01:49,671 INFO 1 <---- 1 with PREPARE - [0, 6]
2023-05-24 02:01:49,672 INFO 2 <---- 0 with COMMIT - [0, 6]
2023-05-24 02:01:49,683 INFO 3 <---- 1 with PREPARE - [0, 5]
2023-05-24 02:01:49,685 INFO 3 <---- 0 with COMMIT - [0, 2]
2023-05-24 02:01:49,686 INFO 3 <---- 0 with PREPARE - [2, 2]
2023-05-24 02:01:49,688 INFO 7 <---- 4 with PREPARE - [0, 3]
2023-05-24 02:01:49,700 INFO 2 <---- 7 with PREPARE - [0, 3]
2023-05-24 02:01:49,702 INFO 2 <---- 5 with COMMIT - [0, 3]
2023-05-24 02:01:49,704 INFO 7 <---- 2 with PREPARE - [0, 1]
2023-05-24 02:01:49,706 INFO 1 <---- 0 with COMMIT - [0, 3]
2023-05-24 02:01:49,707 INFO 5 <---- 6 with PREPARE - [0, 1]
2023-05-24 02:01:49,713 INFO 0 <---- 3 with PREPARE - [2, 2]
2023-05-24 02:01:49,716 INFO 6 <---- 0 with COMMIT - [0, 1]
2023-05-24 02:01:49,717 INFO 2 <---- 1 with PREPARE - [0, 6]
2023-05-24 02:01:49,719 INFO 7 <---- 1 with PREPARE - [0, 4]
2023-05-24 02:01:49,720 INFO 3 <---- 0 with COMMIT - [0, 4]
2023-05-24 02:01:49,722 INFO 1 <---- 1 with PREPARE - [0, 0]
2023-05-24 02:01:49,733 INFO 0 <---- 0 with COMMIT - [0, 5]
2023-05-24 02:01:49,743 INFO 2 <---- 6 with COMMIT - [0, 1]
2023-05-24 02:01:49,743 INFO @@@
2023-05-24 02:01:49,745 INFO 2 <---- 6 with COMMIT - [0, 2]
2023-05-24 02:01:49,746 INFO 2 <---- 7 with PREPARE - [0, 1]
2023-05-24 02:01:49,748 INFO 3 <---- 6 with PREPARE - [0, 2]
2023-05-24 02:01:49,757 INFO 0 <---- 0 with COMMIT - [0, 6]
2023-05-24 02:01:49,758 INFO 3 <---- 1 with PREPARE - [0, 4]
2023-05-24 02:01:49,759 INFO 1 <---- 3 with PREPARE - [2, 1]
2023-05-24 02:01:49,761 INFO 3 <---- 1 with PREPARE - [0, 0]
2023-05-24 02:01:49,762 INFO 7 <---- 0 with COMMIT - [0, 1]
2023-05-24 02:01:49,763 INFO 1 <---- 7 with PRE_PREPARE [2, 4]
2023-05-24 02:01:49,766 INFO 4 <---- 0 with PREPARE - [2, 0]
2023-05-24 02:01:49,777 INFO 7 <---- 2 with PREPARE - [0, 3]
2023-05-24 02:01:49,778 INFO 1 <---- 1 with PREPARE - [0, 4]
2023-05-24 02:01:49,780 INFO 5 <---- 0 with COMMIT - [0, 6]
2023-05-24 02:01:49,782 INFO 6 <---- 0 with COMMIT - [0, 0]
2023-05-24 02:01:49,790 INFO 7 <---- 1 with PREPARE - [0, 1]
2023-05-24 02:01:49,792 INFO 6 <---- 1 with PREPARE - [0, 0]
2023-05-24 02:01:49,793 INFO 1 <---- 1 with PREPARE - [0, 5]
2023-05-24 02:01:49,795 INFO 4 <---- 2 with PRE_PREPARE [2, 1]
2023-05-24 02:01:49,797 INFO 2 <---- 0 with COMMIT - [0, 1]
2023-05-24 02:01:49,804 INFO 0 <---- 0 with COMMIT - [0, 0]
2023-05-24 02:01:49,804 INFO @@@
2023-05-24 02:01:49,805 INFO 0 <---- 0 with PREPARE - [2, 4]
2023-05-24 02:01:49,807 INFO 7 <---- 1 with PREPARE - [0, 3]
2023-05-24 02:01:49,808 INFO 1 <---- 0 with COMMIT - [0, 5]
2023-05-24 02:01:49,809 INFO 2 <---- 0 with PREPARE - [2, 2]
2023-05-24 02:01:49,820 INFO 3 <---- 0 with PREPARE - [2, 1]
2023-05-24 02:01:49,831 INFO 0 <---- 0 with COMMIT - [0, 1]
2023-05-24 02:01:49,832 INFO 0 <---- 0 with COMMIT - [0, 0]
2023-05-24 02:01:49,834 INFO 0 <---- 4 with PREPARE - [2, 1]
2023-05-24 02:01:49,835 INFO 7 <---- 5 with PREPARE - [0, 1]
2023-05-24 02:01:49,837 INFO 6 <---- 0 with COMMIT - [0, 1]
2023-05-24 02:01:49,838 INFO 4 <---- 0 with COMMIT - [0, 2]
2023-05-24 02:01:49,840 INFO 2 <---- 1 with PREPARE - [0, 6]
2023-05-24 02:01:49,841 INFO 2 <---- 1 with PREPARE - [0, 0]
2023-05-24 02:01:49,850 INFO 0 <---- 7 with COMMIT - [0, 3]
2023-05-24 02:01:49,851 INFO 3 <---- 0 with COMMIT - [0, 3]
2023-05-24 02:01:49,867 INFO 2 <---- 0 with PREPARE - [2, 4]
2023-05-24 02:01:49,868 INFO 5 <---- 1 with PREPARE - [0, 5]
2023-05-24 02:01:49,870 INFO 3 <---- 0 with COMMIT - [0, 3]
2023-05-24 02:01:49,871 INFO 1 <---- 0 with PREPARE - [2, 0]
2023-05-24 02:01:49,876 INFO 4 <---- 0 with COMMIT - [0, 2]
2023-05-24 02:01:49,888 INFO 5 <---- 0 with COMMIT - [0, 5]
2023-05-24 02:01:49,890 INFO 4 <---- 0 with COMMIT - [0, 2]
2023-05-24 02:01:49,890 INFO @@@
2023-05-24 02:01:49,891 INFO 6 <---- 1 with PREPARE - [0, 6]
2023-05-24 02:01:49,893 INFO 7 <---- 0 with COMMIT - [0, 3]
2023-05-24 02:01:49,894 INFO 1 <---- 5 with COMMIT - [0, 0]
2023-05-24 02:01:49,908 INFO 0 <---- 5 with COMMIT - [0, 5]
2023-05-24 02:01:49,908 INFO @@@
2023-05-24 02:01:49,909 INFO 2 <---- 5 with COMMIT - [0, 1]
2023-05-24 02:01:49,911 INFO 3 <---- 1 with PREPARE - [0, 4]
2023-05-24 02:01:49,922 INFO 0 <---- 7 with PRE_PREPARE [5, 0]
2023-05-24 02:01:49,924 INFO 0 <---- 7 with PRE_PREPARE [5, 1]
2023-05-24 02:01:49,929 INFO 3 <---- 6 with COMMIT - [0, 1]
2023-05-24 02:01:49,929 INFO @@@
2023-05-24 02:01:49,930 INFO 1 <---- 6 with COMMIT - [0, 3]
2023-05-24 02:01:49,930 INFO @@@
2023-05-24 02:01:49,932 INFO 3 <---- 0 with PREPARE - [2, 3]
2023-05-24 02:01:49,933 INFO 4 <---- 6 with PREPARE - [0, 3]
2023-05-24 02:01:49,939 INFO 4 <---- 0 with COMMIT - [0, 5]
2023-05-24 02:01:49,942 INFO 0 <---- 7 with PRE_PREPARE [5, 2]
2023-05-24 02:01:49,944 INFO 0 <---- 7 with PRE_PREPARE [5, 3]
2023-05-24 02:01:49,945 INFO 0 <---- 7 with PRE_PREPARE [5, 4]
2023-05-24 02:01:49,950 INFO 2 <---- 1 with PREPARE - [0, 6]
2023-05-24 02:01:49,953 INFO 0 <---- 7 with PRE_PREPARE [5, 5]
2023-05-24 02:01:49,958 INFO 0 <---- 0 with COMMIT - [0, 4]
2023-05-24 02:01:49,961 INFO 0 <---- 7 with PRE_PREPARE [5, 6]
2023-05-24 02:01:49,962 INFO 0 <---- 7 with PRE_PREPARE [5, 7]
2023-05-24 02:01:49,964 INFO 0 <---- 7 with PRE_PREPARE [5, 8]
2023-05-24 02:01:49,966 INFO 6 <---- 5 with PREPARE - [0, 2]
2023-05-24 02:01:49,971 INFO 1 <---- 0 with PREPARE - [5, 0]
2023-05-24 02:01:49,973 INFO 1 <---- 0 with PREPARE - [5, 1]
2023-05-24 02:01:49,974 INFO 0 <---- 7 with PRE_PREPARE [5, 9]
2023-05-24 02:01:49,979 INFO 0 <---- 0 with COMMIT - [0, 3]
2023-05-24 02:01:49,980 INFO 6 <---- 1 with PREPARE - [0, 6]
2023-05-24 02:01:49,983 INFO 1 <---- 0 with COMMIT - [0, 0]
2023-05-24 02:01:49,985 INFO 3 <---- 5 with COMMIT - [0, 2]
2023-05-24 02:01:49,985 INFO @@@
2023-05-24 02:01:49,988 INFO 1 <---- 0 with PREPARE - [5, 2]
2023-05-24 02:01:49,990 INFO 1 <---- 0 with PREPARE - [5, 3]
2023-05-24 02:01:49,991 INFO 1 <---- 0 with PREPARE - [5, 4]
2023-05-24 02:01:49,993 INFO 0 <---- 7 with PRE_PREPARE [5, 10]
2023-05-24 02:01:49,996 INFO 1 <---- 0 with PREPARE - [5, 5]
2023-05-24 02:01:49,998 INFO 0 <---- 7 with PRE_PREPARE [5, 11]
2023-05-24 02:01:50,001 INFO 1 <---- 0 with PREPARE - [5, 6]
2023-05-24 02:01:50,003 INFO 1 <---- 0 with PREPARE - [5, 7]
2023-05-24 02:01:50,004 INFO 1 <---- 0 with PREPARE - [5, 8]
2023-05-24 02:01:50,006 INFO 3 <---- 7 with PREPARE - [0, 3]
2023-05-24 02:01:50,007 INFO 7 <---- 0 with COMMIT - [0, 1]
2023-05-24 02:01:50,008 INFO 5 <---- 0 with COMMIT - [0, 4]
2023-05-24 02:01:50,010 INFO 4 <---- 0 with PREPARE - [2, 0]
2023-05-24 02:01:50,011 INFO 5 <---- 1 with PREPARE - [0, 6]
2023-05-24 02:01:50,013 INFO 3 <---- 7 with PREPARE - [0, 2]
2023-05-24 02:01:50,017 INFO 1 <---- 0 with PREPARE - [5, 9]
2023-05-24 02:01:50,019 INFO 7 <---- 0 with COMMIT - [0, 1]
2023-05-24 02:01:50,020 INFO 7 <---- 1 with PREPARE - [0, 0]
2023-05-24 02:01:50,021 INFO 4 <---- 3 with PRE_PREPARE [2, 0]
2023-05-24 02:01:50,023 INFO 2 <---- 1 with PREPARE - [0, 4]
2023-05-24 02:01:50,024 INFO 1 <---- 0 with COMMIT - [0, 3]
2023-05-24 02:01:50,026 INFO 5 <---- 0 with COMMIT - [0, 2]
2023-05-24 02:01:50,027 INFO 2 <---- 0 with PREPARE - [2, 3]
2023-05-24 02:01:50,029 INFO 7 <---- 0 with COMMIT - [0, 0]
2023-05-24 02:01:50,030 INFO 4 <---- 1 with PREPARE - [0, 5]
2023-05-24 02:01:50,034 INFO 1 <---- 0 with PREPARE - [5, 10]
2023-05-24 02:01:50,037 INFO 3 <---- 6 with PRE_PREPARE [2, 3]
2023-05-24 02:01:50,040 INFO 4 <---- 0 with COMMIT - [0, 3]
2023-05-24 02:01:50,042 INFO 1 <---- 0 with PREPARE - [5, 11]
2023-05-24 02:01:50,044 INFO 3 <---- 0 with PREPARE - [2, 1]
2023-05-24 02:01:50,045 INFO 0 <---- 0 with COMMIT - [0, 6]
2023-05-24 02:01:50,047 INFO 4 <---- 0 with COMMIT - [0, 3]
2023-05-24 02:01:50,048 INFO 3 <---- 5 with COMMIT - [0, 3]
2023-05-24 02:01:50,048 INFO @@@
2023-05-24 02:01:50,050 INFO 1 <---- 0 with COMMIT - [0, 6]
2023-05-24 02:01:50,057 INFO 0 <---- 7 with COMMIT - [0, 0]
2023-05-24 02:01:50,064 INFO 0 <---- 0 with PREPARE - [2, 0]
2023-05-24 02:01:50,068 INFO 4 <---- 0 with PREPARE - [2, 1]
2023-05-24 02:01:50,070 INFO 7 <---- 1 with PREPARE - [0, 5]
2023-05-24 02:01:50,074 INFO 0 <---- 0 with COMMIT - [0, 5]
2023-05-24 02:01:50,076 INFO 0 <---- 7 with PRE_PREPARE [4, 0]
2023-05-24 02:01:50,081 INFO 0 <---- 0 with PREPARE - [2, 3]
2023-05-24 02:01:50,086 INFO 2 <---- 1 with PREPARE - [0, 5]
2023-05-24 02:01:50,088 INFO 3 <---- 7 with PREPARE - [0, 1]
2023-05-24 02:01:50,094 INFO 1 <---- 1 with PREPARE - [0, 5]
2023-05-24 02:01:50,096 INFO 4 <---- 5 with PREPARE - [0, 3]
2023-05-24 02:01:50,097 INFO 2 <---- 0 with PREPARE - [2, 0]
2023-05-24 02:01:50,099 INFO 1 <---- 0 with PREPARE - [4, 0]
2023-05-24 02:01:50,106 INFO 1 <---- 7 with PRE_PREPARE [5, 2]
2023-05-24 02:01:50,108 INFO 3 <---- 0 with COMMIT - [0, 1]
2023-05-24 02:01:50,110 INFO 3 <---- 0 with COMMIT - [0, 6]
2023-05-24 02:01:50,115 INFO 0 <---- 7 with PRE_PREPARE [4, 1]
2023-05-24 02:01:50,116 INFO 0 <---- 7 with PRE_PREPARE [4, 2]
2023-05-24 02:01:50,120 INFO 5 <---- 0 with COMMIT - [0, 1]
2023-05-24 02:01:50,121 INFO @@@
2023-05-24 02:01:50,123 INFO 1 <---- 0 with COMMIT - [0, 2]
2023-05-24 02:01:50,124 INFO 3 <---- 0 with PREPARE - [2, 2]
2023-05-24 02:01:50,126 INFO 6 <---- 0 with COMMIT - [0, 6]
2023-05-24 02:01:50,128 INFO 1 <---- 0 with COMMIT - [0, 4]
2023-05-24 02:01:50,129 INFO 1 <---- 0 with COMMIT - [0, 2]
2023-05-24 02:01:50,133 INFO 0 <---- 0 with PREPARE - [5, 2]
2023-05-24 02:01:50,136 INFO 0 <---- 7 with PRE_PREPARE [4, 3]
2023-05-24 02:01:50,137 INFO 0 <---- 7 with PRE_PREPARE [4, 4]
2023-05-24 02:01:50,139 INFO 1 <---- 0 with PREPARE - [4, 1]
2023-05-24 02:01:50,142 INFO 1 <---- 0 with PREPARE - [4, 2]
2023-05-24 02:01:50,143 INFO 4 <---- 7 with PREPARE - [0, 3]
2023-05-24 02:01:50,145 INFO 1 <---- 0 with COMMIT - [0, 5]
2023-05-24 02:01:50,147 INFO 1 <---- 0 with COMMIT - [0, 1]
2023-05-24 02:01:50,148 INFO 1 <---- 0 with COMMIT - [0, 0]
2023-05-24 02:01:50,150 INFO @@@
2023-05-24 02:01:50,151 INFO 7 <---- 6 with PREPARE - [0, 1]
2023-05-24 02:01:50,153 INFO 4 <---- 0 with COMMIT - [0, 4]
2023-05-24 02:01:50,155 INFO 2 <---- 6 with COMMIT - [0, 3]
2023-05-24 02:01:50,155 INFO @@@
2023-05-24 02:01:50,160 INFO 0 <---- 7 with PRE_PREPARE [4, 5]
2023-05-24 02:01:50,162 INFO 1 <---- 7 with PRE_PREPARE [5, 8]
2023-05-24 02:01:50,163 INFO 5 <---- 6 with PREPARE - [0, 3]
2023-05-24 02:01:50,165 INFO 1 <---- 7 with PRE_PREPARE [5, 6]
2023-05-24 02:01:50,168 INFO 1 <---- 0 with PREPARE - [4, 3]
2023-05-24 02:01:50,169 INFO 1 <---- 0 with PREPARE - [4, 4]
2023-05-24 02:01:50,171 INFO 6 <---- 0 with COMMIT - [0, 4]
2023-05-24 02:01:50,172 INFO 2 <---- 0 with PREPARE - [5, 9]
2023-05-24 02:01:50,174 INFO 5 <---- 6 with PRE_PREPARE [2, 1]
2023-05-24 02:01:50,176 INFO 4 <---- 0 with PREPARE - [2, 2]
2023-05-24 02:01:50,177 INFO 3 <---- 6 with COMMIT - [0, 2]
2023-05-24 02:01:50,179 INFO 4 <---- 4 with PRE_PREPARE [2, 2]
2023-05-24 02:01:50,182 INFO 4 <---- 0 with PREPARE - [2, 3]
2023-05-24 02:01:50,190 INFO 1 <---- 0 with PREPARE - [4, 5]
2023-05-24 02:01:50,191 INFO 0 <---- 0 with PREPARE - [5, 8]
2023-05-24 02:01:50,193 INFO 5 <---- 1 with PREPARE - [0, 4]
2023-05-24 02:01:50,194 INFO 3 <---- 0 with COMMIT - [0, 0]
2023-05-24 02:01:50,198 INFO 2 <---- 1 with PREPARE - [0, 0]
2023-05-24 02:01:50,199 INFO 3 <---- 1 with PREPARE - [0, 6]
2023-05-24 02:01:50,201 INFO 0 <---- 0 with PREPARE - [5, 6]
2023-05-24 02:01:50,202 INFO 0 <---- 5 with PREPARE - [2, 1]
2023-05-24 02:01:50,204 INFO 3 <---- 0 with PREPARE - [2, 3]
2023-05-24 02:01:50,205 INFO 1 <---- 7 with COMMIT - [0, 3]
2023-05-24 02:01:50,208 INFO 4 <---- 5 with COMMIT - [0, 2]
2023-05-24 02:01:50,212 INFO 0 <---- 0 with PREPARE - [2, 2]
2023-05-24 02:01:50,215 INFO 0 <---- 0 with PRE_PREPARE [4, 6]
2023-05-24 02:01:50,218 INFO 0 <---- 0 with COMMIT - [0, 4]
2023-05-24 02:01:50,218 INFO @@@
2023-05-24 02:01:50,221 INFO 1 <---- 0 with COMMIT - [0, 3]
2023-05-24 02:01:50,225 INFO 2 <---- 0 with PREPARE - [5, 6]
2023-05-24 02:01:50,228 INFO 7 <---- 1 with PREPARE - [0, 6]
2023-05-24 02:01:50,231 INFO 1 <---- 4 with PREPARE - [2, 1]
2023-05-24 02:01:50,234 INFO 4 <---- 0 with PREPARE - [2, 1]
2023-05-24 02:01:50,237 INFO 1 <---- 0 with COMMIT - [0, 0]
2023-05-24 02:01:50,240 INFO 0 <---- 0 with COMMIT - [0, 6]
2023-05-24 02:01:50,240 INFO @@@
2023-05-24 02:01:50,243 INFO 1 <---- 0 with COMMIT - [2, 1]
2023-05-24 02:01:50,246 INFO 5 <---- 0 with PREPARE - [2, 0]
2023-05-24 02:01:50,249 INFO 1 <---- 0 with COMMIT - [0, 6]
2023-05-24 02:01:50,252 INFO 6 <---- 1 with PREPARE - [0, 5]
2023-05-24 02:01:50,255 INFO 4 <---- 7 with PREPARE - [0, 2]
2023-05-24 02:01:50,261 INFO 3 <---- 1 with PREPARE - [0, 6]
2023-05-24 02:01:50,264 INFO 6 <---- 1 with PREPARE - [0, 6]
2023-05-24 02:01:50,267 INFO 1 <---- 3 with PREPARE - [2, 2]
2023-05-24 02:01:50,270 INFO 2 <---- 0 with PREPARE - [5, 7]
2023-05-24 02:01:50,273 INFO 1 <---- 0 with PREPARE - [4, 6]
2023-05-24 02:01:50,280 INFO 2 <---- 1 with PREPARE - [0, 4]
2023-05-24 02:01:50,284 INFO 2 <---- 0 with PREPARE - [2, 4]
2023-05-24 02:01:50,287 INFO 1 <---- 7 with PRE_PREPARE [4, 0]
2023-05-24 02:01:50,293 INFO 7 <---- 5 with PREPARE - [0, 2]
2023-05-24 02:01:50,296 INFO 1 <---- 7 with PRE_PREPARE [5, 0]
2023-05-24 02:01:50,298 INFO 2 <---- 0 with PREPARE - [5, 1]
2023-05-24 02:01:50,301 INFO 3 <---- 0 with COMMIT - [0, 6]
2023-05-24 02:01:50,304 INFO 3 <---- 0 with PREPARE - [2, 4]
2023-05-24 02:01:50,307 INFO 0 <---- 6 with COMMIT - [0, 5]
2023-05-24 02:01:50,310 INFO 3 <---- 7 with PRE_PREPARE [2, 4]
2023-05-24 02:01:50,313 INFO 3 <---- 1 with PREPARE - [0, 5]
2023-05-24 02:01:50,316 INFO 4 <---- 6 with PREPARE - [0, 2]
2023-05-24 02:01:50,319 INFO 2 <---- 0 with PREPARE - [5, 2]
2023-05-24 02:01:50,322 INFO 2 <---- 3 with PREPARE - [2, 1]
2023-05-24 02:01:50,325 INFO 4 <---- 1 with PREPARE - [0, 0]
2023-05-24 02:01:50,331 INFO 0 <---- 0 with COMMIT - [0, 6]
2023-05-24 02:01:50,333 INFO 1 <---- 7 with PRE_PREPARE [5, 7]
2023-05-24 02:01:50,336 INFO 5 <---- 0 with COMMIT - [0, 5]
2023-05-24 02:01:50,339 INFO 2 <---- 0 with PREPARE - [5, 5]
2023-05-24 02:01:50,342 INFO 1 <---- 0 with COMMIT - [0, 5]
2023-05-24 02:01:50,342 INFO @@@
2023-05-24 02:01:50,345 INFO 0 <---- 0 with PREPARE - [4, 0]
2023-05-24 02:01:50,349 INFO 2 <---- 0 with PREPARE - [4, 2]
2023-05-24 02:01:50,353 INFO 6 <---- 5 with PREPARE - [0, 3]
2023-05-24 02:01:50,357 INFO 2 <---- 0 with PREPARE - [4, 0]
2023-05-24 02:01:50,359 INFO 0 <---- 0 with PREPARE - [5, 0]
2023-05-24 02:01:50,362 INFO 1 <---- 0 with COMMIT - [0, 4]
2023-05-24 02:01:50,366 INFO 2 <---- 0 with PREPARE - [5, 3]
2023-05-24 02:01:50,367 INFO 5 <---- 0 with COMMIT - [0, 1]
2023-05-24 02:01:50,372 INFO 2 <---- 0 with COMMIT - [0, 1]
2023-05-24 02:01:50,374 INFO 1 <---- 7 with PRE_PREPARE [5, 1]
2023-05-24 02:01:50,377 INFO 0 <---- 0 with PREPARE - [2, 4]
2023-05-24 02:01:50,380 INFO 1 <---- 7 with PRE_PREPARE [4, 2]
2023-05-24 02:01:50,383 INFO 3 <---- 0 with COMMIT - [0, 5]
2023-05-24 02:01:50,388 INFO 6 <---- 0 with COMMIT - [0, 1]
2023-05-24 02:01:50,388 INFO @@@
2023-05-24 02:01:50,389 INFO 1 <---- 5 with COMMIT - [0, 5]
2023-05-24 02:01:50,397 INFO 3 <---- 1 with PREPARE - [0, 0]
2023-05-24 02:01:50,400 INFO 1 <---- 7 with PRE_PREPARE [5, 9]
2023-05-24 02:01:50,402 INFO 6 <---- 1 with PREPARE - [0, 5]
2023-05-24 02:01:50,405 INFO 5 <---- 0 with COMMIT - [0, 4]
2023-05-24 02:01:50,406 INFO 0 <---- 0 with COMMIT - [0, 0]
2023-05-24 02:01:50,411 INFO 2 <---- 0 with PREPARE - [5, 10]
2023-05-24 02:01:50,415 INFO 3 <---- 1 with PREPARE - [0, 6]
2023-05-24 02:01:50,418 INFO 1 <---- 0 with COMMIT - [0, 4]
2023-05-24 02:01:50,418 INFO @@@
2023-05-24 02:01:50,421 INFO 7 <---- 6 with PREPARE - [0, 3]
2023-05-24 02:01:50,423 INFO 7 <---- 1 with PREPARE - [0, 6]
2023-05-24 02:01:50,427 INFO 4 <---- 0 with COMMIT - [0, 0]
2023-05-24 02:01:50,430 INFO 0 <---- 0 with PREPARE - [5, 7]
2023-05-24 02:01:50,435 INFO 3 <---- 5 with COMMIT - [0, 1]
2023-05-24 02:01:50,438 INFO 5 <---- 0 with COMMIT - [0, 2]
2023-05-24 02:01:50,441 INFO 1 <---- 7 with PRE_PREPARE [5, 4]
2023-05-24 02:01:50,444 INFO 4 <---- 1 with PREPARE - [0, 6]
2023-05-24 02:01:50,447 INFO 5 <---- 0 with COMMIT - [0, 2]
2023-05-24 02:01:50,447 INFO @@@
2023-05-24 02:01:50,451 INFO 1 <---- 7 with PRE_PREPARE [5, 3]
2023-05-24 02:01:50,454 INFO 5 <---- 7 with PRE_PREPARE [2, 0]
2023-05-24 02:01:50,457 INFO 3 <---- 6 with COMMIT - [0, 3]
2023-05-24 02:01:50,460 INFO 4 <---- 6 with COMMIT - [0, 1]
2023-05-24 02:01:50,463 INFO 1 <---- 7 with PRE_PREPARE [5, 10]
2023-05-24 02:01:50,466 INFO 0 <---- 0 with PREPARE - [5, 1]
2023-05-24 02:01:50,469 INFO 7 <---- 1 with PREPARE - [0, 6]
2023-05-24 02:01:50,472 INFO 2 <---- 0 with COMMIT - [0, 2]
2023-05-24 02:01:50,475 INFO 1 <---- 0 with COMMIT - [0, 6]
2023-05-24 02:01:50,475 INFO @@@
2023-05-24 02:01:50,478 INFO 6 <---- 0 with COMMIT - [0, 5]
2023-05-24 02:01:50,481 INFO 4 <---- 1 with PREPARE - [0, 4]
2023-05-24 02:01:50,484 INFO 2 <---- 0 with COMMIT - [0, 6]
2023-05-24 02:01:50,486 INFO 0 <---- 0 with PREPARE - [4, 2]
2023-05-24 02:01:50,492 INFO 0 <---- 0 with PRE_PREPARE [6, 0]
2023-05-24 02:01:50,495 INFO 2 <---- 0 with PREPARE - [5, 8]
2023-05-24 02:01:50,497 INFO 2 <---- 7 with PRE_PREPARE [5, 6]
2023-05-24 02:01:50,500 INFO 2 <---- 5 with COMMIT - [0, 0]
2023-05-24 02:01:50,502 INFO 4 <---- 6 with COMMIT - [0, 2]
2023-05-24 02:01:50,505 INFO 1 <---- 0 with PREPARE - [2, 3]
2023-05-24 02:01:50,508 INFO 2 <---- 0 with PREPARE - [5, 0]
2023-05-24 02:01:50,511 INFO 0 <---- 0 with PREPARE - [5, 9]
2023-05-24 02:01:50,518 INFO 1 <---- 7 with PRE_PREPARE [5, 5]
2023-05-24 02:01:50,519 INFO 2 <---- 0 with PREPARE - [5, 11]
2023-05-24 02:01:50,529 INFO 4 <---- 0 with PREPARE - [2, 2]
2023-05-24 02:01:50,532 INFO 2 <---- 0 with PREPARE - [4, 4]
2023-05-24 02:01:50,533 INFO 4 <---- 0 with PREPARE - [2, 4]
2023-05-24 02:01:50,537 INFO 5 <---- 0 with COMMIT - [0, 3]
2023-05-24 02:01:50,540 INFO 4 <---- 0 with COMMIT - [0, 6]
2023-05-24 02:01:50,543 INFO 1 <---- 7 with PRE_PREPARE [4, 6]
2023-05-24 02:01:50,546 INFO 2 <---- 0 with PREPARE - [5, 4]
2023-05-24 02:01:50,550 INFO 1 <---- 7 with PRE_PREPARE [5, 11]
2023-05-24 02:01:50,553 INFO 5 <---- 0 with PREPARE - [2, 2]
2023-05-24 02:01:50,556 INFO 3 <---- 0 with COMMIT - [0, 0]
2023-05-24 02:01:50,559 INFO 7 <---- 1 with PREPARE - [0, 5]
2023-05-24 02:01:50,563 INFO 0 <---- 0 with PREPARE - [5, 4]
2023-05-24 02:01:50,567 INFO 0 <---- 0 with COMMIT - [0, 6]
2023-05-24 02:01:50,573 INFO 0 <---- 0 with PREPARE - [5, 3]
2023-05-24 02:01:50,577 INFO 0 <---- 0 with PREPARE - [2, 0]
2023-05-24 02:01:50,580 INFO 2 <---- 0 with COMMIT - [0, 5]
2023-05-24 02:01:50,584 INFO 1 <---- 0 with PREPARE - [2, 0]
2023-05-24 02:01:50,586 INFO 2 <---- 0 with COMMIT - [0, 3]
2023-05-24 02:01:50,590 INFO 4 <---- 0 with PREPARE - [2, 0]
2023-05-24 02:01:50,593 INFO 2 <---- 3 with PREPARE - [2, 2]
2023-05-24 02:01:50,597 INFO 3 <---- 1 with PREPARE - [0, 4]
2023-05-24 02:01:50,601 INFO 6 <---- 5 with COMMIT - [0, 2]
2023-05-24 02:01:50,603 INFO 7 <---- 0 with COMMIT - [0, 6]
2023-05-24 02:01:50,606 INFO 0 <---- 0 with PREPARE - [5, 10]
2023-05-24 02:01:50,609 INFO 0 <---- 7 with COMMIT - [0, 6]
2023-05-24 02:01:50,612 INFO 1 <---- 5 with PREPARE - [2, 1]
2023-05-24 02:01:50,617 INFO 2 <---- 0 with COMMIT - [2, 1]
2023-05-24 02:01:50,620 INFO 2 <---- 0 with PREPARE - [5, 6]
2023-05-24 02:01:50,624 INFO 6 <---- 0 with COMMIT - [0, 2]
2023-05-24 02:01:50,626 INFO 3 <---- 0 with PREPARE - [2, 4]
2023-05-24 02:01:50,630 INFO 2 <---- 7 with COMMIT - [0, 3]
2023-05-24 02:01:50,637 INFO 0 <---- 0 with COMMIT - [0, 4]
2023-05-24 02:01:50,640 INFO 2 <---- 0 with COMMIT - [0, 3]
2023-05-24 02:01:50,644 INFO 5 <---- 0 with PREPARE - [2, 1]
2023-05-24 02:01:50,647 INFO 5 <---- 0 with PREPARE - [2, 0]
2023-05-24 02:01:50,649 INFO 2 <---- 0 with PREPARE - [4, 3]
2023-05-24 02:01:50,652 INFO 2 <---- 0 with PREPARE - [4, 1]
2023-05-24 02:01:50,656 INFO 1 <---- 0 with PREPARE - [6, 0]
2023-05-24 02:01:50,660 INFO 0 <---- 0 with PREPARE - [5, 6]
2023-05-24 02:01:50,663 INFO 3 <---- 0 with PREPARE - [5, 3]
2023-05-24 02:01:50,667 INFO 1 <---- 0 with PRE_PREPARE [4, 1]
2023-05-24 02:01:50,671 INFO 5 <---- 7 with PRE_PREPARE [2, 2]
2023-05-24 02:01:50,676 INFO 6 <---- 6 with PRE_PREPARE [2, 1]
2023-05-24 02:01:50,679 INFO 3 <---- 0 with PREPARE - [5, 9]
2023-05-24 02:01:50,682 INFO 5 <---- 0 with COMMIT - [0, 3]
2023-05-24 02:01:50,686 INFO 2 <---- 7 with PRE_PREPARE [5, 9]
2023-05-24 02:01:50,689 INFO 4 <---- 7 with PRE_PREPARE [2, 3]
2023-05-24 02:01:50,692 INFO 4 <---- 7 with PREPARE - [0, 1]
2023-05-24 02:01:50,695 INFO 1 <---- 6 with COMMIT - [0, 5]
2023-05-24 02:01:50,697 INFO 2 <---- 7 with PRE_PREPARE [5, 2]
2023-05-24 02:01:50,700 INFO 1 <---- 0 with PRE_PREPARE [4, 5]
2023-05-24 02:01:50,704 INFO 3 <---- 0 with PREPARE - [5, 2]
2023-05-24 02:01:50,708 INFO 0 <---- 0 with PREPARE - [5, 5]
2023-05-24 02:01:50,715 INFO 3 <---- 0 with PREPARE - [5, 5]
2023-05-24 02:01:50,718 INFO 4 <---- 5 with COMMIT - [0, 3]
2023-05-24 02:01:50,719 INFO @@@
2023-05-24 02:01:50,721 INFO 1 <---- 7 with COMMIT - [0, 0]
2023-05-24 02:01:50,726 INFO 0 <---- 0 with PREPARE - [4, 6]
2023-05-24 02:01:50,729 INFO 3 <---- 0 with PREPARE - [4, 0]
2023-05-24 02:01:50,731 INFO 3 <---- 0 with PREPARE - [5, 6]
2023-05-24 02:01:50,734 INFO 2 <---- 0 with PREPARE - [5, 8]
2023-05-24 02:01:50,737 INFO 2 <---- 7 with PRE_PREPARE [5, 0]
2023-05-24 02:01:50,741 INFO 2 <---- 0 with PREPARE - [4, 0]
2023-05-24 02:01:50,743 INFO 2 <---- 0 with PREPARE - [5, 7]
2023-05-24 02:01:50,744 INFO 0 <---- 0 with PREPARE - [5, 11]
2023-05-24 02:01:50,746 INFO 0 <---- 7 with COMMIT - [0, 5]
2023-05-24 02:01:50,750 INFO 4 <---- 1 with PREPARE - [0, 5]
2023-05-24 02:01:50,752 INFO 2 <---- 0 with PREPARE - [4, 5]
2023-05-24 02:01:50,755 INFO 4 <---- 3 with PREPARE - [2, 1]
2023-05-24 02:01:50,758 INFO 2 <---- 1 with PREPARE - [0, 5]
2023-05-24 02:01:50,760 INFO 3 <---- 0 with COMMIT - [0, 4]
2023-05-24 02:01:50,763 INFO 2 <---- 7 with PRE_PREPARE [4, 0]
2023-05-24 02:01:50,767 INFO 1 <---- 0 with COMMIT - [2, 0]
2023-05-24 02:01:50,770 INFO 4 <---- 1 with PREPARE - [0, 6]
2023-05-24 02:01:50,773 INFO 5 <---- 7 with PREPARE - [0, 3]
2023-05-24 02:01:50,776 INFO 1 <---- 0 with PRE_PREPARE [4, 4]
2023-05-24 02:01:50,779 INFO 3 <---- 0 with PREPARE - [4, 2]
2023-05-24 02:01:50,781 INFO 3 <---- 0 with COMMIT - [0, 1]
2023-05-24 02:01:50,785 INFO 2 <---- 0 with PREPARE - [4, 6]
2023-05-24 02:01:50,788 INFO 2 <---- 0 with PREPARE - [5, 2]
2023-05-24 02:01:50,790 INFO 6 <---- 0 with COMMIT - [0, 2]
2023-05-24 02:01:50,791 INFO @@@
2023-05-24 02:01:50,794 INFO 2 <---- 0 with COMMIT - [0, 6]
2023-05-24 02:01:50,794 INFO @@@
2023-05-24 02:01:50,796 INFO 6 <---- 1 with PREPARE - [0, 4]
2023-05-24 02:01:50,800 INFO 6 <---- 1 with PREPARE - [0, 4]
2023-05-24 02:01:50,803 INFO 2 <---- 0 with COMMIT - [0, 2]
2023-05-24 02:01:50,805 INFO 3 <---- 1 with PREPARE - [0, 4]
2023-05-24 02:01:50,809 INFO 0 <---- 0 with COMMIT - [2, 1]
2023-05-24 02:01:50,812 INFO 5 <---- 0 with PREPARE - [2, 1]
2023-05-24 02:01:50,816 INFO 1 <---- 0 with COMMIT - [0, 6]
2023-05-24 02:01:50,819 INFO 2 <---- 7 with PRE_PREPARE [5, 8]
2023-05-24 02:01:50,823 INFO 1 <---- 0 with PREPARE - [2, 4]
2023-05-24 02:01:50,825 INFO 7 <---- 0 with COMMIT - [0, 1]
2023-05-24 02:01:50,825 INFO @@@
2023-05-24 02:01:50,829 INFO 1 <---- 0 with PRE_PREPARE [4, 3]
2023-05-24 02:01:50,836 INFO 2 <---- 0 with COMMIT - [0, 5]
2023-05-24 02:01:50,837 INFO @@@
2023-05-24 02:01:50,838 INFO 5 <---- 6 with PREPARE - [0, 2]
2023-05-24 02:01:50,842 INFO 3 <---- 1 with PREPARE - [0, 0]
2023-05-24 02:01:50,846 INFO 5 <---- 0 with PREPARE - [2, 4]
2023-05-24 02:01:50,849 INFO 4 <---- 1 with PREPARE - [0, 0]
2023-05-24 02:01:50,851 INFO 2 <---- 7 with PRE_PREPARE [5, 5]
2023-05-24 02:01:50,855 INFO 2 <---- 7 with PRE_PREPARE [5, 3]
2023-05-24 02:01:50,857 INFO 2 <---- 5 with COMMIT - [0, 5]
2023-05-24 02:01:50,860 INFO 2 <---- 0 with COMMIT - [0, 0]
2023-05-24 02:01:50,860 INFO @@@
2023-05-24 02:01:50,864 INFO 7 <---- 0 with COMMIT - [0, 4]
2023-05-24 02:01:50,868 INFO 2 <---- 7 with PRE_PREPARE [5, 10]
2023-05-24 02:01:50,871 INFO 0 <---- 0 with PREPARE - [4, 1]
2023-05-24 02:01:50,873 INFO 0 <---- 0 with PREPARE - [2, 2]
2023-05-24 02:01:50,876 INFO 4 <---- 0 with PREPARE - [2, 3]
2023-05-24 02:01:50,880 INFO 2 <---- 0 with PREPARE - [2, 3]
2023-05-24 02:01:50,883 INFO 3 <---- 0 with COMMIT - [0, 2]
2023-05-24 02:01:50,886 INFO 2 <---- 0 with PREPARE - [5, 0]
2023-05-24 02:01:50,889 INFO 5 <---- 0 with PREPARE - [2, 3]
2023-05-24 02:01:50,892 INFO 5 <---- 0 with COMMIT - [0, 6]
2023-05-24 02:01:50,899 INFO 0 <---- 6 with PREPARE - [2, 1]
2023-05-24 02:01:50,902 INFO 0 <---- 0 with PREPARE - [5, 9]
2023-05-24 02:01:50,906 INFO 2 <---- 7 with PRE_PREPARE [5, 4]
2023-05-24 02:01:50,909 INFO 2 <---- 0 with PREPARE - [5, 1]
2023-05-24 02:01:50,911 INFO 2 <---- 7 with PRE_PREPARE [5, 11]
2023-05-24 02:01:50,914 INFO 3 <---- 0 with PREPARE - [5, 7]
2023-05-24 02:01:50,916 INFO 0 <---- 0 with PREPARE - [2, 3]
2023-05-24 02:01:50,919 INFO 0 <---- 0 with PREPARE - [5, 2]
2023-05-24 02:01:50,922 INFO 0 <---- 0 with PREPARE - [4, 5]
2023-05-24 02:01:50,926 INFO 2 <---- 0 with COMMIT - [0, 0]
2023-05-24 02:01:50,929 INFO 6 <---- 0 with PREPARE - [2, 0]
2023-05-24 02:01:50,934 INFO 2 <---- 0 with PREPARE - [4, 2]
2023-05-24 02:01:50,938 INFO 1 <---- 0 with PREPARE - [2, 2]
2023-05-24 02:01:50,950 INFO 2 <---- 0 with PREPARE - [5, 3]
2023-05-24 02:01:50,953 INFO 5 <---- 7 with PREPARE - [0, 2]
2023-05-24 02:01:50,956 INFO 3 <---- 0 with PREPARE - [5, 1]
2023-05-24 02:01:50,960 INFO 3 <---- 5 with COMMIT - [0, 0]
2023-05-24 02:01:50,960 INFO @@@
2023-05-24 02:01:50,963 INFO 0 <---- 2 with PRE_PREPARE [6, 1]
2023-05-24 02:01:50,967 INFO 4 <---- 3 with PREPARE - [2, 2]
2023-05-24 02:01:50,970 INFO 2 <---- 4 with PREPARE - [2, 1]
2023-05-24 02:01:50,974 INFO 6 <---- 1 with PREPARE - [0, 0]
2023-05-24 02:01:50,977 INFO 2 <---- 0 with PREPARE - [5, 10]
2023-05-24 02:01:50,980 INFO 2 <---- 0 with PREPARE - [5, 9]
2023-05-24 02:01:50,982 INFO 0 <---- 0 with PREPARE - [5, 0]
2023-05-24 02:01:50,986 INFO 4 <---- 0 with COMMIT - [0, 0]
2023-05-24 02:01:50,989 INFO 0 <---- 0 with PREPARE - [4, 0]
2023-05-24 02:01:50,992 INFO 3 <---- 7 with PRE_PREPARE [5, 6]
2023-05-24 02:01:50,995 INFO 2 <---- 0 with PRE_PREPARE [4, 2]
2023-05-24 02:01:50,997 INFO 5 <---- 0 with COMMIT - [0, 0]
2023-05-24 02:01:51,000 INFO 4 <---- 1 with PREPARE - [0, 6]
2023-05-24 02:01:51,002 INFO 6 <---- 0 with COMMIT - [0, 3]
2023-05-24 02:01:51,005 INFO 5 <---- 6 with COMMIT - [0, 1]
2023-05-24 02:01:51,008 INFO 3 <---- 0 with PREPARE - [5, 0]
2023-05-24 02:01:51,011 INFO 1 <---- 0 with COMMIT - [0, 6]
2023-05-24 02:01:51,015 INFO 7 <---- 1 with PREPARE - [0, 5]
2023-05-24 02:01:51,019 INFO 1 <---- 0 with PREPARE - [5, 6]
2023-05-24 02:01:51,021 INFO 7 <---- 5 with PREPARE - [0, 3]
2023-05-24 02:01:51,024 INFO 0 <---- 0 with PREPARE - [4, 4]
2023-05-24 02:01:51,026 INFO 3 <---- 0 with PREPARE - [5, 10]
2023-05-24 02:01:51,027 INFO 7 <---- 0 with COMMIT - [0, 5]
2023-05-24 02:01:51,031 INFO 4 <---- 0 with COMMIT - [0, 6]
2023-05-24 02:01:51,034 INFO 3 <---- 0 with PREPARE - [5, 11]
2023-05-24 02:01:51,037 INFO 4 <---- 0 with PREPARE - [2, 4]
2023-05-24 02:01:51,040 INFO 2 <---- 0 with PREPARE - [2, 0]
2023-05-24 02:01:51,049 INFO 0 <---- 0 with COMMIT - [0, 4]
2023-05-24 02:01:51,052 INFO 6 <---- 7 with PRE_PREPARE [2, 0]
2023-05-24 02:01:51,053 INFO 2 <---- 1 with PRE_PREPARE [5, 7]
2023-05-24 02:01:51,056 INFO 4 <---- 7 with PRE_PREPARE [2, 4]
2023-05-24 02:01:51,059 INFO 4 <---- 0 with COMMIT - [0, 5]
2023-05-24 02:01:51,062 INFO 1 <---- 0 with PRE_PREPARE [6, 0]
2023-05-24 02:01:51,067 INFO 2 <---- 1 with PRE_PREPARE [5, 1]
2023-05-24 02:01:51,069 INFO 6 <---- 0 with COMMIT - [0, 5]
2023-05-24 02:01:51,072 INFO 3 <---- 0 with COMMIT - [0, 3]
2023-05-24 02:01:51,075 INFO 0 <---- 0 with PREPARE - [5, 8]
2023-05-24 02:01:51,082 INFO 0 <---- 0 with PREPARE - [4, 3]
2023-05-24 02:01:51,083 INFO 2 <---- 6 with COMMIT - [0, 5]
2023-05-24 02:01:51,085 INFO 7 <---- 5 with COMMIT - [0, 2]
2023-05-24 02:01:51,093 INFO 6 <---- 1 with PREPARE - [0, 6]
2023-05-24 02:01:51,096 INFO 6 <---- 0 with COMMIT - [0, 1]
2023-05-24 02:01:51,099 INFO 2 <---- 0 with COMMIT - [0, 4]
2023-05-24 02:01:51,102 INFO 0 <---- 0 with PREPARE - [5, 5]
2023-05-24 02:01:51,104 INFO 0 <---- 0 with PREPARE - [5, 3]
2023-05-24 02:01:51,107 INFO 4 <---- 0 with PREPARE - [5, 5]
2023-05-24 02:01:51,109 INFO 2 <---- 1 with PRE_PREPARE [4, 6]
2023-05-24 02:01:51,114 INFO 5 <---- 0 with PREPARE - [2, 0]
2023-05-24 02:01:51,117 INFO 5 <---- 1 with PREPARE - [0, 5]
2023-05-24 02:01:51,121 INFO 0 <---- 0 with PREPARE - [5, 10]
2023-05-24 02:01:51,124 INFO 1 <---- 0 with COMMIT - [2, 2]
2023-05-24 02:01:51,127 INFO 4 <---- 6 with COMMIT - [0, 3]
2023-05-24 02:01:51,129 INFO 4 <---- 0 with COMMIT - [0, 4]
2023-05-24 02:01:51,131 INFO 2 <---- 0 with PREPARE - [5, 5]
2023-05-24 02:01:51,133 INFO 4 <---- 0 with COMMIT - [0, 3]
2023-05-24 02:01:51,136 INFO 1 <---- 0 with PREPARE - [2, 0]
2023-05-24 02:01:51,139 INFO 3 <---- 0 with COMMIT - [2, 1]
2023-05-24 02:01:51,142 INFO 6 <---- 0 with COMMIT - [0, 4]
2023-05-24 02:01:51,145 INFO 5 <---- 3 with PREPARE - [2, 1]
2023-05-24 02:01:51,147 INFO 6 <---- 0 with COMMIT - [0, 2]
2023-05-24 02:01:51,150 INFO 3 <---- 0 with COMMIT - [0, 6]
2023-05-24 02:01:51,150 INFO @@@
2023-05-24 02:01:51,155 INFO 0 <---- 0 with PREPARE - [5, 4]
2023-05-24 02:01:51,157 INFO 1 <---- 0 with COMMIT - [0, 0]
2023-05-24 02:01:51,159 INFO 1 <---- 0 with COMMIT - [0, 4]
2023-05-24 02:01:51,161 INFO 1 <---- 7 with COMMIT - [0, 5]
2023-05-24 02:01:51,164 INFO 2 <---- 0 with PREPARE - [6, 0]
2023-05-24 02:01:51,167 INFO 3 <---- 0 with PREPARE - [5, 4]
2023-05-24 02:01:51,168 INFO 1 <---- 7 with COMMIT - [0, 6]
2023-05-24 02:01:51,171 INFO 2 <---- 0 with COMMIT - [0, 4]
2023-05-24 02:01:51,172 INFO @@@
2023-05-24 02:01:51,175 INFO 4 <---- 5 with COMMIT - [0, 1]
2023-05-24 02:01:51,177 INFO 0 <---- 0 with PREPARE - [5, 11]
2023-05-24 02:01:51,178 INFO 5 <---- 6 with COMMIT - [0, 2]
2023-05-24 02:01:51,180 INFO 5 <---- 0 with PREPARE - [2, 2]
2023-05-24 02:01:51,181 INFO 4 <---- 0 with PREPARE - [5, 2]
2023-05-24 02:01:51,184 INFO 3 <---- 0 with COMMIT - [0, 2]
2023-05-24 02:01:51,187 INFO 4 <---- 0 with PREPARE - [5, 9]
2023-05-24 02:01:51,190 INFO 2 <---- 0 with PREPARE - [4, 6]
2023-05-24 02:01:51,192 INFO 7 <---- 0 with COMMIT - [0, 2]
2023-05-24 02:01:51,195 INFO 2 <---- 0 with COMMIT - [2, 0]
2023-05-24 02:01:51,196 INFO 6 <---- 0 with PREPARE - [2, 0]
2023-05-24 02:01:51,198 INFO 7 <---- 6 with PRE_PREPARE [2, 1]
2023-05-24 02:01:51,203 INFO 2 <---- 1 with PRE_PREPARE [4, 3]
2023-05-24 02:01:51,204 INFO 3 <---- 0 with PREPARE - [5, 6]
2023-05-24 02:01:51,211 INFO 1 <---- 0 with PREPARE - [6, 1]
2023-05-24 02:01:51,214 INFO 6 <---- 0 with PREPARE - [2, 1]
2023-05-24 02:01:51,218 INFO 6 <---- 5 with COMMIT - [0, 3]
2023-05-24 02:01:51,221 INFO 3 <---- 0 with COMMIT - [0, 0]
2023-05-24 02:01:51,225 INFO 3 <---- 0 with PREPARE - [4, 4]
2023-05-24 02:01:51,229 INFO 0 <---- 0 with COMMIT - [2, 1]
2023-05-24 02:01:51,233 INFO 4 <---- 0 with PREPARE - [5, 6]
2023-05-24 02:01:51,236 INFO 3 <---- 0 with PREPARE - [5, 7]
2023-05-24 02:01:51,239 INFO 3 <---- 0 with PREPARE - [4, 1]
2023-05-24 02:01:51,243 INFO 0 <---- 0 with PREPARE - [5, 6]
2023-05-24 02:01:51,246 INFO 0 <---- 0 with PREPARE - [4, 2]
2023-05-24 02:01:51,248 INFO 5 <---- 0 with PREPARE - [2, 3]
2023-05-24 02:01:51,252 INFO 3 <---- 7 with PRE_PREPARE [4, 0]
2023-05-24 02:01:51,256 INFO 3 <---- 0 with PREPARE - [5, 8]
2023-05-24 02:01:51,259 INFO 3 <---- 0 with PREPARE - [5, 2]
2023-05-24 02:01:51,262 INFO 2 <---- 1 with PRE_PREPARE [4, 1]
2023-05-24 02:01:51,263 INFO 3 <---- 0 with PREPARE - [5, 8]
2023-05-24 02:01:51,266 INFO 6 <---- 0 with PREPARE - [2, 1]
2023-05-24 02:01:51,269 INFO 3 <---- 7 with PRE_PREPARE [5, 5]
2023-05-24 02:01:51,270 INFO 1 <---- 0 with PREPARE - [5, 9]
2023-05-24 02:01:51,273 INFO 1 <---- 6 with PREPARE - [2, 1]
2023-05-24 02:01:51,274 INFO 4 <---- 0 with COMMIT - [0, 6]
2023-05-24 02:01:51,274 INFO @@@
2023-05-24 02:01:51,277 INFO 6 <---- 0 with COMMIT - [0, 3]
2023-05-24 02:01:51,277 INFO @@@
2023-05-24 02:01:51,278 INFO 4 <---- 0 with PREPARE - [5, 3]
2023-05-24 02:01:51,281 INFO 6 <---- 0 with PREPARE - [2, 2]
2023-05-24 02:01:51,285 INFO 5 <---- 0 with COMMIT - [0, 4]
2023-05-24 02:01:51,288 INFO 4 <---- 0 with COMMIT - [0, 1]
2023-05-24 02:01:51,291 INFO 3 <---- 0 with PREPARE - [4, 3]
2023-05-24 02:01:51,294 INFO 2 <---- 0 with PREPARE - [4, 5]
2023-05-24 02:01:51,296 INFO 0 <---- 2 with COMMIT - [2, 0]
2023-05-24 02:01:51,300 INFO 4 <---- 1 with PREPARE - [0, 4]
2023-05-24 02:01:51,303 INFO 2 <---- 0 with PREPARE - [5, 4]
2023-05-24 02:01:51,306 INFO 3 <---- 7 with COMMIT - [0, 3]
2023-05-24 02:01:51,309 INFO 6 <---- 0 with PREPARE - [2, 4]
2023-05-24 02:01:51,311 INFO 0 <---- 0 with PREPARE - [2, 0]
2023-05-24 02:01:51,313 INFO 0 <---- 0 with PREPARE - [5, 7]
2023-05-24 02:01:51,314 INFO 0 <---- 0 with PREPARE - [2, 4]
2023-05-24 02:01:51,316 INFO 4 <---- 0 with PREPARE - [5, 7]
2023-05-24 02:01:51,317 INFO 3 <---- 7 with PRE_PREPARE [5, 9]
2023-05-24 02:01:51,318 INFO 3 <---- 0 with PREPARE - [5, 3]
2023-05-24 02:01:51,320 INFO 0 <---- 0 with PREPARE - [6, 0]
2023-05-24 02:01:51,323 INFO 0 <---- 0 with PREPARE - [5, 1]
2023-05-24 02:01:51,327 INFO 3 <---- 0 with COMMIT - [0, 5]
2023-05-24 02:01:51,327 INFO @@@
2023-05-24 02:01:51,330 INFO 5 <---- 7 with PRE_PREPARE [2, 3]
2023-05-24 02:01:51,335 INFO 4 <---- 0 with PREPARE - [4, 0]
2023-05-24 02:01:51,338 INFO 2 <---- 5 with PREPARE - [2, 1]
2023-05-24 02:01:51,342 INFO 2 <---- 1 with PRE_PREPARE [4, 4]
2023-05-24 02:01:51,345 INFO 3 <---- 0 with PREPARE - [5, 0]
2023-05-24 02:01:51,346 INFO 6 <---- 0 with PREPARE - [2, 3]
2023-05-24 02:01:51,349 INFO 0 <---- 0 with PREPARE - [4, 6]
2023-05-24 02:01:51,352 INFO 5 <---- 1 with PREPARE - [0, 0]
2023-05-24 02:01:51,356 INFO 5 <---- 7 with PREPARE - [0, 1]
2023-05-24 02:01:51,361 INFO 3 <---- 7 with PRE_PREPARE [5, 2]
2023-05-24 02:01:51,368 INFO 3 <---- 7 with PRE_PREPARE [5, 0]
2023-05-24 02:01:51,377 INFO 2 <---- 1 with PRE_PREPARE [4, 5]
2023-05-24 02:01:51,380 INFO 2 <---- 7 with COMMIT - [0, 0]
2023-05-24 02:01:51,383 INFO 3 <---- 7 with PRE_PREPARE [4, 2]
2023-05-24 02:01:51,384 INFO 0 <---- 0 with COMMIT - [2, 0]
2023-05-24 02:01:51,387 INFO 7 <---- 0 with PREPARE - [2, 0]
2023-05-24 02:01:51,390 INFO 3 <---- 0 with PREPARE - [5, 9]
2023-05-24 02:01:51,393 INFO 2 <---- 0 with COMMIT - [0, 6]
2023-05-24 02:01:51,396 INFO 3 <---- 0 with PREPARE - [4, 5]
2023-05-24 02:01:51,399 INFO 7 <---- 0 with COMMIT - [0, 2]
2023-05-24 02:01:51,399 INFO @@@
2023-05-24 02:01:51,401 INFO 4 <---- 1 with PREPARE - [0, 4]
2023-05-24 02:01:51,404 INFO 7 <---- 1 with PREPARE - [0, 4]
2023-05-24 02:01:51,407 INFO 2 <---- 0 with COMMIT - [2, 1]
2023-05-24 02:01:51,415 INFO 4 <---- 0 with PREPARE - [4, 2]
2023-05-24 02:01:51,418 INFO 5 <---- 0 with COMMIT - [0, 6]
2023-05-24 02:01:51,421 INFO 6 <---- 7 with PREPARE - [0, 2]
2023-05-24 02:01:51,423 INFO 2 <---- 0 with PREPARE - [5, 11]
2023-05-24 02:01:51,426 INFO 6 <---- 7 with PRE_PREPARE [2, 2]
2023-05-24 02:01:51,432 INFO 4 <---- 0 with PREPARE - [2, 3]
2023-05-24 02:01:51,433 INFO 3 <---- 0 with PREPARE - [4, 0]
2023-05-24 02:01:51,434 INFO 1 <---- 0 with PREPARE - [4, 0]
2023-05-24 02:01:51,437 INFO 5 <---- 0 with PREPARE - [2, 4]
2023-05-24 02:01:51,441 INFO 3 <---- 0 with PREPARE - [5, 10]
2023-05-24 02:01:51,443 INFO 2 <---- 0 with PREPARE - [4, 1]
2023-05-24 02:01:51,446 INFO 4 <---- 0 with COMMIT - [0, 5]
2023-05-24 02:01:51,447 INFO @@@
2023-05-24 02:01:51,449 INFO 5 <---- 1 with PREPARE - [0, 6]
2023-05-24 02:01:51,455 INFO 0 <---- 7 with PREPARE - [2, 1]
2023-05-24 02:01:51,460 INFO 1 <---- 1 with PRE_PREPARE [6, 1]
2023-05-24 02:01:51,464 INFO 1 <---- 0 with PREPARE - [5, 2]
2023-05-24 02:01:51,466 INFO 5 <---- 0 with COMMIT - [0, 3]
2023-05-24 02:01:51,466 INFO @@@
2023-05-24 02:01:51,468 INFO 3 <---- 7 with PRE_PREPARE [5, 10]
2023-05-24 02:01:51,471 INFO 4 <---- 0 with COMMIT - [0, 0]
2023-05-24 02:01:51,472 INFO @@@
2023-05-24 02:01:51,474 INFO 0 <---- 0 with PREPARE - [4, 3]
2023-05-24 02:01:51,477 INFO 7 <---- 6 with COMMIT - [0, 1]
2023-05-24 02:01:51,480 INFO 3 <---- 6 with COMMIT - [0, 5]
2023-05-24 02:01:51,483 INFO 2 <---- 0 with PREPARE - [2, 4]
2023-05-24 02:01:51,493 INFO 6 <---- 0 with COMMIT - [0, 6]
2023-05-24 02:01:51,496 INFO 2 <---- 1 with PRE_PREPARE [6, 0]
2023-05-24 02:01:51,499 INFO 7 <---- 6 with PREPARE - [0, 2]
2023-05-24 02:01:51,503 INFO 3 <---- 7 with PRE_PREPARE [5, 8]
2023-05-24 02:01:51,506 INFO 7 <---- 0 with COMMIT - [0, 2]
2023-05-24 02:01:51,509 INFO 5 <---- 7 with PRE_PREPARE [2, 4]
2023-05-24 02:01:51,512 INFO 3 <---- 1 with PREPARE - [0, 5]
2023-05-24 02:01:51,517 INFO 6 <---- 7 with PREPARE - [0, 3]
2023-05-24 02:01:51,520 INFO 0 <---- 0 with PREPARE - [4, 0]
2023-05-24 02:01:51,521 INFO 0 <---- 0 with PREPARE - [4, 1]
2023-05-24 02:01:51,525 INFO 2 <---- 0 with PREPARE - [2, 0]
2023-05-24 02:01:51,528 INFO 4 <---- 1 with PREPARE - [0, 0]
2023-05-24 02:01:51,532 INFO 3 <---- 5 with COMMIT - [0, 5]
2023-05-24 02:01:51,534 INFO 0 <---- 0 with PREPARE - [5, 5]
2023-05-24 02:01:51,543 INFO 7 <---- 1 with PREPARE - [0, 4]
2023-05-24 02:01:51,546 INFO 1 <---- 0 with PREPARE - [5, 10]
2023-05-24 02:01:51,549 INFO 5 <---- 1 with PREPARE - [0, 6]
2023-05-24 02:01:51,552 INFO 2 <---- 0 with COMMIT - [0, 4]
2023-05-24 02:01:51,554 INFO 3 <---- 0 with PREPARE - [5, 1]
2023-05-24 02:01:51,556 INFO 2 <---- 0 with PREPARE - [4, 4]
2023-05-24 02:01:51,558 INFO 3 <---- 7 with PRE_PREPARE [5, 4]
2023-05-24 02:01:51,560 INFO 3 <---- 0 with PREPARE - [4, 6]
2023-05-24 02:01:51,565 INFO 7 <---- 0 with COMMIT - [0, 1]
2023-05-24 02:01:51,569 INFO 3 <---- 0 with PREPARE - [5, 6]
2023-05-24 02:01:51,572 INFO 2 <---- 0 with PREPARE - [2, 2]
2023-05-24 02:01:51,573 INFO 4 <---- 0 with COMMIT - [0, 2]
2023-05-24 02:01:51,576 INFO 3 <---- 7 with PRE_PREPARE [5, 3]
2023-05-24 02:01:51,579 INFO 5 <---- 0 with PREPARE - [5, 5]
2023-05-24 02:01:51,582 INFO 0 <---- 0 with PREPARE - [5, 9]
2023-05-24 02:01:51,587 INFO 7 <---- 7 with PRE_PREPARE [2, 0]
2023-05-24 02:01:51,589 INFO 1 <---- 0 with PREPARE - [2, 3]
2023-05-24 02:01:51,592 INFO 7 <---- 1 with PREPARE - [0, 5]
2023-05-24 02:01:51,593 INFO 0 <---- 0 with PREPARE - [2, 3]
2023-05-24 02:01:51,600 INFO 0 <---- 0 with PREPARE - [4, 4]
2023-05-24 02:01:51,601 INFO 6 <---- 0 with COMMIT - [0, 0]
2023-05-24 02:01:51,604 INFO 4 <---- 0 with PREPARE - [4, 1]
2023-05-24 02:01:51,607 INFO 4 <---- 0 with PREPARE - [5, 6]
2023-05-24 02:01:51,610 INFO 5 <---- 0 with PREPARE - [5, 7]
2023-05-24 02:01:51,613 INFO 7 <---- 1 with PREPARE - [0, 0]
2023-05-24 02:01:51,616 INFO 0 <---- 0 with PREPARE - [5, 2]
2023-05-24 02:01:51,618 INFO 0 <---- 0 with PREPARE - [5, 0]
2023-05-24 02:01:51,620 INFO 3 <---- 7 with PRE_PREPARE [5, 11]
2023-05-24 02:01:51,623 INFO 7 <---- 0 with PREPARE - [2, 0]
2023-05-24 02:01:51,626 INFO 1 <---- 0 with PREPARE - [5, 8]
2023-05-24 02:01:51,627 INFO 1 <---- 0 with PREPARE - [2, 2]
2023-05-24 02:01:51,630 INFO 2 <---- 7 with COMMIT - [0, 6]
2023-05-24 02:01:51,633 INFO 4 <---- 0 with PREPARE - [4, 4]
2023-05-24 02:01:51,636 INFO 2 <---- 0 with PREPARE - [6, 1]
2023-05-24 02:01:51,639 INFO 6 <---- 5 with COMMIT - [0, 1]
2023-05-24 02:01:51,642 INFO 1 <---- 0 with PREPARE - [5, 3]
2023-05-24 02:01:51,645 INFO 5 <---- 0 with COMMIT - [0, 5]
2023-05-24 02:01:51,650 INFO 0 <---- 0 with PREPARE - [4, 5]
2023-05-24 02:01:51,652 INFO 0 <---- 0 with PREPARE - [4, 2]
2023-05-24 02:01:51,655 INFO 7 <---- 0 with COMMIT - [0, 3]
2023-05-24 02:01:51,657 INFO 1 <---- 0 with PREPARE - [5, 0]
2023-05-24 02:01:51,659 INFO 3 <---- 0 with PREPARE - [4, 2]
2023-05-24 02:01:51,660 INFO 3 <---- 7 with PRE_PREPARE [4, 6]
2023-05-24 02:01:51,662 INFO 3 <---- 7 with PRE_PREPARE [5, 7]
2023-05-24 02:01:51,665 INFO 3 <---- 4 with PREPARE - [2, 1]
2023-05-24 02:01:51,666 INFO 4 <---- 0 with COMMIT - [0, 6]
2023-05-24 02:01:51,673 INFO 0 <---- 0 with COMMIT - [0, 4]
2023-05-24 02:01:51,676 INFO 7 <---- 1 with PREPARE - [0, 6]
2023-05-24 02:01:51,679 INFO 2 <---- 7 with COMMIT - [0, 5]
2023-05-24 02:01:51,682 INFO 5 <---- 0 with COMMIT - [0, 6]
2023-05-24 02:01:51,682 INFO @@@
2023-05-24 02:01:51,683 INFO 3 <---- 7 with PRE_PREPARE [5, 1]
2023-05-24 02:01:51,687 INFO 6 <---- 0 with PREPARE - [2, 0]
2023-05-24 02:01:51,695 INFO 2 <---- 0 with COMMIT - [2, 2]
2023-05-24 02:01:51,696 INFO 7 <---- 0 with COMMIT - [0, 4]
2023-05-24 02:01:51,699 INFO 7 <---- 0 with COMMIT - [0, 3]
2023-05-24 02:01:51,702 INFO 0 <---- 0 with PREPARE - [2, 2]
2023-05-24 02:01:51,705 INFO 1 <---- 0 with PREPARE - [5, 4]
2023-05-24 02:01:51,707 INFO 2 <---- 0 with PREPARE - [4, 3]
2023-05-24 02:01:51,710 INFO 4 <---- 0 with PREPARE - [5, 8]
2023-05-24 02:01:51,713 INFO 4 <---- 0 with PREPARE - [5, 1]
2023-05-24 02:01:51,717 INFO 5 <---- 0 with COMMIT - [0, 0]
2023-05-24 02:01:51,722 INFO 4 <---- 0 with PREPARE - [5, 11]
2023-05-24 02:01:51,724 INFO 5 <---- 0 with PREPARE - [5, 2]
2023-05-24 02:01:51,726 INFO 1 <---- 0 with COMMIT - [0, 4]
2023-05-24 02:01:51,737 INFO 0 <---- 0 with PREPARE - [6, 1]
2023-05-24 02:01:51,743 INFO 7 <---- 0 with PREPARE - [2, 1]
2023-05-24 02:01:51,746 INFO 1 <---- 0 with PREPARE - [5, 5]
2023-05-24 02:01:51,749 INFO 5 <---- 3 with PREPARE - [2, 2]
2023-05-24 02:01:51,750 INFO 1 <---- 0 with PREPARE - [5, 7]
2023-05-24 02:01:51,751 INFO 4 <---- 7 with PRE_PREPARE [5, 9]
2023-05-24 02:01:51,754 INFO 4 <---- 0 with PREPARE - [5, 10]
2023-05-24 02:01:51,757 INFO 4 <---- 7 with PRE_PREPARE [5, 5]
2023-05-24 02:01:51,759 INFO 4 <---- 5 with COMMIT - [0, 0]
2023-05-24 02:01:51,760 INFO 0 <---- 0 with PREPARE - [5, 10]
2023-05-24 02:01:51,764 INFO 3 <---- 0 with COMMIT - [2, 0]
2023-05-24 02:01:51,766 INFO 4 <---- 0 with PREPARE - [5, 0]
2023-05-24 02:01:51,768 INFO 4 <---- 7 with PRE_PREPARE [5, 0]
2023-05-24 02:01:51,771 INFO 2 <---- 0 with COMMIT - [0, 6]
2023-05-24 02:01:51,776 INFO 0 <---- 3 with PRE_PREPARE [7, 0]
2023-05-24 02:01:51,778 INFO 0 <---- 0 with PREPARE - [6, 0]
2023-05-24 02:01:51,781 INFO 4 <---- 0 with PREPARE - [5, 4]
2023-05-24 02:01:51,784 INFO 7 <---- 0 with COMMIT - [0, 5]
2023-05-24 02:01:51,785 INFO 0 <---- 0 with PREPARE - [5, 8]
2023-05-24 02:01:51,791 INFO 0 <---- 0 with PREPARE - [2, 4]
2023-05-24 02:01:51,792 INFO 5 <---- 0 with PREPARE - [5, 6]
2023-05-24 02:01:51,794 INFO 4 <---- 0 with PREPARE - [5, 0]
2023-05-24 02:01:51,796 INFO 2 <---- 0 with PREPARE - [6, 0]
2023-05-24 02:01:51,798 INFO 3 <---- 0 with PREPARE - [4, 6]
2023-05-24 02:01:51,801 INFO 5 <---- 6 with COMMIT - [0, 3]
2023-05-24 02:01:51,804 INFO 7 <---- 6 with COMMIT - [0, 2]
2023-05-24 02:01:51,809 INFO 5 <---- 0 with PREPARE - [5, 9]
2023-05-24 02:01:51,812 INFO 3 <---- 0 with PREPARE - [2, 0]
2023-05-24 02:01:51,813 INFO 4 <---- 7 with COMMIT - [0, 3]
2023-05-24 02:01:51,816 INFO 7 <---- 0 with PREPARE - [2, 2]
2023-05-24 02:01:51,819 INFO 5 <---- 0 with PREPARE - [5, 3]
2023-05-24 02:01:51,821 INFO 5 <---- 0 with COMMIT - [0, 2]
2023-05-24 02:01:51,824 INFO 5 <---- 0 with PREPARE - [4, 0]
2023-05-24 02:01:51,826 INFO 7 <---- 0 with PREPARE - [2, 3]
2023-05-24 02:01:51,830 INFO 1 <---- 0 with PREPARE - [5, 1]
2023-05-24 02:01:51,833 INFO 0 <---- 0 with PREPARE - [5, 4]
2023-05-24 02:01:51,836 INFO 4 <---- 0 with PREPARE - [5, 10]
2023-05-24 02:01:51,837 INFO 7 <---- 7 with PRE_PREPARE [2, 2]
2023-05-24 02:01:51,840 INFO 4 <---- 0 with COMMIT - [2, 1]
2023-05-24 02:01:51,842 INFO 4 <---- 0 with COMMIT - [0, 4]
2023-05-24 02:01:51,842 INFO @@@
2023-05-24 02:01:51,844 INFO 4 <---- 0 with PREPARE - [5, 9]
2023-05-24 02:01:51,847 INFO 6 <---- 3 with PREPARE - [2, 1]
2023-05-24 02:01:51,849 INFO 0 <---- 2 with COMMIT - [2, 2]
2023-05-24 02:01:51,851 INFO 0 <---- 0 with PREPARE - [5, 3]
2023-05-24 02:01:51,853 INFO 4 <---- 0 with PREPARE - [5, 7]
2023-05-24 02:01:51,856 INFO 1 <---- 0 with COMMIT - [2, 1]
2023-05-24 02:01:51,859 INFO 1 <---- 0 with PREPARE - [4, 2]
2023-05-24 02:01:51,862 INFO 7 <---- 1 with PREPARE - [0, 0]
2023-05-24 02:01:51,865 INFO 0 <---- 0 with PREPARE - [2, 0]
2023-05-24 02:01:51,868 INFO 4 <---- 6 with COMMIT - [0, 5]
2023-05-24 02:01:51,871 INFO 6 <---- 0 with PREPARE - [2, 2]
2023-05-24 02:01:51,874 INFO 5 <---- 0 with COMMIT - [0, 5]
2023-05-24 02:01:51,875 INFO @@@
2023-05-24 02:01:51,878 INFO 1 <---- 0 with PREPARE - [2, 0]
2023-05-24 02:01:51,881 INFO 5 <---- 0 with COMMIT - [0, 3]
2023-05-24 02:01:51,884 INFO 1 <---- 0 with PREPARE - [5, 11]
2023-05-24 02:01:51,887 INFO 1 <---- 0 with PREPARE - [4, 6]
2023-05-24 02:01:51,891 INFO 1 <---- 0 with PREPARE - [4, 3]
2023-05-24 02:01:51,894 INFO 3 <---- 0 with PREPARE - [5, 4]
2023-05-24 02:01:51,896 INFO 2 <---- 0 with COMMIT - [0, 0]
2023-05-24 02:01:51,899 INFO 1 <---- 0 with COMMIT - [2, 3]
2023-05-24 02:01:51,900 INFO 0 <---- 4 with PRE_PREPARE [7, 1]
2023-05-24 02:01:51,902 INFO 0 <---- 4 with PRE_PREPARE [7, 2]
2023-05-24 02:01:51,905 INFO 4 <---- 0 with PREPARE - [4, 3]
2023-05-24 02:01:51,909 INFO 4 <---- 0 with PREPARE - [4, 5]
2023-05-24 02:01:51,911 INFO 4 <---- 7 with PRE_PREPARE [5, 6]
2023-05-24 02:01:51,914 INFO 0 <---- 0 with PREPARE - [5, 11]
2023-05-24 02:01:51,915 INFO 5 <---- 0 with COMMIT - [0, 5]
2023-05-24 02:01:51,918 INFO 3 <---- 0 with PREPARE - [4, 5]
2023-05-24 02:01:51,921 INFO 6 <---- 0 with PREPARE - [2, 3]
2023-05-24 02:01:51,924 INFO 4 <---- 0 with COMMIT - [0, 0]
2023-05-24 02:01:51,927 INFO 4 <---- 7 with PRE_PREPARE [5, 10]
2023-05-24 02:01:51,930 INFO 3 <---- 0 with COMMIT - [0, 4]
2023-05-24 02:01:51,931 INFO @@@
2023-05-24 02:01:51,936 INFO 0 <---- 0 with COMMIT - [2, 2]
2023-05-24 02:01:51,940 INFO 3 <---- 0 with PREPARE - [5, 5]
2023-05-24 02:01:51,943 INFO 4 <---- 0 with PREPARE - [4, 0]
2023-05-24 02:01:51,946 INFO 4 <---- 7 with PRE_PREPARE [5, 2]
2023-05-24 02:01:51,949 INFO 3 <---- 0 with PREPARE - [6, 0]
2023-05-24 02:01:51,950 INFO 3 <---- 7 with PRE_PREPARE [4, 1]
2023-05-24 02:01:51,952 INFO 3 <---- 0 with PREPARE - [4, 1]
2023-05-24 02:01:51,956 INFO 5 <---- 0 with COMMIT - [0, 1]
2023-05-24 02:01:51,960 INFO 3 <---- 7 with PRE_PREPARE [6, 0]
2023-05-24 02:01:51,961 INFO 5 <---- 0 with COMMIT - [0, 0]
2023-05-24 02:01:51,961 INFO @@@
2023-05-24 02:01:51,964 INFO 3 <---- 0 with PREPARE - [4, 0]
2023-05-24 02:01:51,967 INFO 0 <---- 0 with PREPARE - [4, 6]
2023-05-24 02:01:51,970 INFO 0 <---- 0 with PREPARE - [5, 7]
2023-05-24 02:01:51,973 INFO 7 <---- 5 with COMMIT - [0, 3]
2023-05-24 02:01:51,973 INFO @@@
2023-05-24 02:01:51,976 INFO 4 <---- 0 with PREPARE - [5, 1]
2023-05-24 02:01:51,981 INFO 0 <---- 0 with PREPARE - [5, 1]
2023-05-24 02:01:51,986 INFO 5 <---- 0 with COMMIT - [0, 2]
2023-05-24 02:01:51,989 INFO 4 <---- 0 with PREPARE - [5, 2]
2023-05-24 02:01:51,992 INFO 3 <---- 0 with COMMIT - [2, 1]
2023-05-24 02:01:51,998 INFO 0 <---- 4 with PRE_PREPARE [7, 3]
2023-05-24 02:01:52,000 INFO 3 <---- 5 with PREPARE - [2, 1]
2023-05-24 02:01:52,002 INFO 3 <---- 0 with PREPARE - [2, 2]
2023-05-24 02:01:52,005 INFO 1 <---- 7 with PREPARE - [2, 1]
2023-05-24 02:01:52,006 INFO 7 <---- 0 with PREPARE - [2, 1]
2023-05-24 02:01:52,009 INFO 3 <---- 0 with PRE_PREPARE [4, 3]
2023-05-24 02:01:52,011 INFO 6 <---- 7 with PRE_PREPARE [2, 4]
2023-05-24 02:01:52,014 INFO 1 <---- 0 with PREPARE - [5, 6]
2023-05-24 02:01:52,017 INFO 1 <---- 0 with PREPARE - [4, 0]
2023-05-24 02:01:52,021 INFO 0 <---- 4 with PRE_PREPARE [7, 4]
2023-05-24 02:01:52,024 INFO 7 <---- 0 with PREPARE - [2, 4]
2023-05-24 02:01:52,027 INFO 3 <---- 0 with PREPARE - [5, 9]
2023-05-24 02:01:52,030 INFO 1 <---- 0 with PREPARE - [5, 0]
2023-05-24 02:01:52,036 INFO 5 <---- 0 with PREPARE - [4, 2]
2023-05-24 02:01:52,038 INFO 3 <---- 0 with PREPARE - [5, 10]
2023-05-24 02:01:52,041 INFO 5 <---- 7 with PRE_PREPARE [4, 0]
2023-05-24 02:01:52,043 INFO 0 <---- 4 with PRE_PREPARE [7, 5]
2023-05-24 02:01:52,045 INFO 6 <---- 0 with PREPARE - [5, 7]
2023-05-24 02:01:52,046 INFO 3 <---- 0 with PREPARE - [2, 0]
2023-05-24 02:01:52,049 INFO 2 <---- 6 with PREPARE - [2, 1]
2023-05-24 02:01:52,052 INFO 4 <---- 0 with PREPARE - [5, 8]
2023-05-24 02:01:52,055 INFO 6 <---- 0 with COMMIT - [0, 3]
2023-05-24 02:01:52,058 INFO 7 <---- 1 with PREPARE - [0, 6]
2023-05-24 02:01:52,060 INFO 2 <---- 0 with COMMIT - [2, 0]
2023-05-24 02:01:52,064 INFO 6 <---- 7 with PRE_PREPARE [2, 3]
2023-05-24 02:01:52,067 INFO 0 <---- 0 with PREPARE - [5, 9]
2023-05-24 02:01:52,069 INFO 0 <---- 0 with PREPARE - [5, 5]
2023-05-24 02:01:52,072 INFO 1 <---- 0 with PREPARE - [5, 5]
2023-05-24 02:01:52,075 INFO 3 <---- 0 with PREPARE - [5, 11]
2023-05-24 02:01:52,079 INFO 1 <---- 0 with PREPARE - [2, 4]
2023-05-24 02:01:52,080 INFO 1 <---- 2 with COMMIT - [2, 0]
2023-05-24 02:01:52,083 INFO 0 <---- 0 with PREPARE - [5, 0]
2023-05-24 02:01:52,089 INFO 1 <---- 0 with PREPARE - [7, 0]
2023-05-24 02:01:52,092 INFO 6 <---- 0 with COMMIT - [0, 4]
2023-05-24 02:01:52,095 INFO 3 <---- 0 with PREPARE - [4, 4]
2023-05-24 02:01:52,096 INFO 5 <---- 1 with PREPARE - [0, 0]
2023-05-24 02:01:52,100 INFO 4 <---- 7 with PRE_PREPARE [5, 8]
2023-05-24 02:01:52,103 INFO 5 <---- 1 with PREPARE - [0, 4]
2023-05-24 02:01:52,106 INFO 1 <---- 0 with COMMIT - [2, 4]
2023-05-24 02:01:52,109 INFO 3 <---- 0 with COMMIT - [0, 4]
2023-05-24 02:01:52,114 INFO 5 <---- 1 with PREPARE - [0, 4]
2023-05-24 02:01:52,116 INFO 3 <---- 1 with PRE_PREPARE [4, 5]
2023-05-24 02:01:52,119 INFO 4 <---- 0 with PREPARE - [2, 4]
2023-05-24 02:01:52,122 INFO 5 <---- 7 with PRE_PREPARE [4, 2]
2023-05-24 02:01:52,126 INFO 4 <---- 5 with COMMIT - [0, 5]
2023-05-24 02:01:52,129 INFO 3 <---- 7 with COMMIT - [0, 0]
2023-05-24 02:01:52,132 INFO 4 <---- 7 with PRE_PREPARE [5, 7]
2023-05-24 02:01:52,133 INFO 4 <---- 7 with PRE_PREPARE [5, 11]
2023-05-24 02:01:52,136 INFO 6 <---- 7 with PREPARE - [0, 1]
2023-05-24 02:01:52,139 INFO 3 <---- 1 with PRE_PREPARE [4, 4]
2023-05-24 02:01:52,142 INFO 4 <---- 0 with PREPARE - [5, 3]
2023-05-24 02:01:52,145 INFO 6 <---- 0 with COMMIT - [0, 6]
2023-05-24 02:01:52,148 INFO 3 <---- 0 with COMMIT - [0, 6]
2023-05-24 02:01:52,151 INFO 3 <---- 0 with PREPARE - [6, 1]
2023-05-24 02:01:52,155 INFO 0 <---- 0 with PREPARE - [2, 2]
2023-05-24 02:01:52,158 INFO 6 <---- 0 with PREPARE - [2, 4]
2023-05-24 02:01:52,166 INFO 3 <---- 0 with PREPARE - [5, 4]
2023-05-24 02:01:52,169 INFO 2 <---- 0 with PREPARE - [2, 2]
2023-05-24 02:01:52,170 INFO 1 <---- 0 with PREPARE - [5, 9]
2023-05-24 02:01:52,173 INFO 4 <---- 7 with PRE_PREPARE [5, 4]
2023-05-24 02:01:52,176 INFO 4 <---- 7 with PRE_PREPARE [5, 3]
2023-05-24 02:01:52,179 INFO 7 <---- 0 with PREPARE - [2, 0]
2023-05-24 02:01:52,181 INFO 5 <---- 4 with PREPARE - [2, 1]
2023-05-24 02:01:52,188 INFO 6 <---- 0 with COMMIT - [0, 6]
2023-05-24 02:01:52,188 INFO @@@
2023-05-24 02:01:52,191 INFO 5 <---- 0 with PREPARE - [5, 11]
2023-05-24 02:01:52,194 INFO 6 <---- 0 with COMMIT - [0, 0]
2023-05-24 02:01:52,195 INFO 5 <---- 0 with PREPARE - [2, 3]
2023-05-24 02:01:52,199 INFO 6 <---- 3 with PREPARE - [2, 2]
2023-05-24 02:01:52,203 INFO 4 <---- 0 with COMMIT - [2, 1]
2023-05-24 02:01:52,206 INFO 1 <---- 0 with PREPARE - [7, 2]
2023-05-24 02:01:52,209 INFO 4 <---- 0 with PREPARE - [4, 6]
2023-05-24 02:01:52,211 INFO 3 <---- 0 with PREPARE - [4, 3]
2023-05-24 02:01:52,214 INFO 1 <---- 2 with PRE_PREPARE [7, 0]
2023-05-24 02:01:52,216 INFO 1 <---- 0 with PREPARE - [2, 2]
2023-05-24 02:01:52,218 INFO 2 <---- 0 with COMMIT - [0, 4]
2023-05-24 02:01:52,221 INFO 0 <---- 0 with PREPARE - [5, 6]
2023-05-24 02:01:52,224 INFO 7 <---- 0 with COMMIT - [0, 6]
2023-05-24 02:01:52,227 INFO 3 <---- 7 with COMMIT - [0, 6]
2023-05-24 02:01:52,230 INFO 7 <---- 0 with COMMIT - [0, 0]
2023-05-24 02:01:52,235 INFO 0 <---- 0 with PREPARE - [5, 10]
2023-05-24 02:01:52,240 INFO 0 <---- 1 with PRE_PREPARE [10, 5]
2023-05-24 02:01:52,243 INFO 4 <---- 0 with PREPARE - [4, 6]
2023-05-24 02:01:52,246 INFO 6 <---- 1 with PREPARE - [0, 6]
2023-05-24 02:01:52,249 INFO 3 <---- 0 with PREPARE - [5, 2]
2023-05-24 02:01:52,250 INFO 1 <---- 0 with PREPARE - [6, 0]
2023-05-24 02:01:52,253 INFO 0 <---- 0 with PREPARE - [5, 2]
2023-05-24 02:01:52,256 INFO 0 <---- 0 with PREPARE - [4, 1]
2023-05-24 02:01:52,259 INFO 3 <---- 0 with COMMIT - [2, 2]
2023-05-24 02:01:52,262 INFO 1 <---- 0 with PREPARE - [4, 1]
2023-05-24 02:01:52,263 INFO 3 <---- 0 with PREPARE - [5, 0]
2023-05-24 02:01:52,267 INFO 4 <---- 0 with PREPARE - [5, 6]
2023-05-24 02:01:52,270 INFO 3 <---- 0 with PREPARE - [5, 1]
2023-05-24 02:01:52,273 INFO 5 <---- 0 with PREPARE - [5, 0]
2023-05-24 02:01:52,274 INFO 3 <---- 0 with COMMIT - [0, 6]
2023-05-24 02:01:52,281 INFO 0 <---- 2 with PRE_PREPARE [10, 6]
2023-05-24 02:01:52,284 INFO 0 <---- 0 with PREPARE - [6, 0]
2023-05-24 02:01:52,288 INFO 2 <---- 2 with PRE_PREPARE [6, 1]
2023-05-24 02:01:52,291 INFO 6 <---- 7 with PRE_PREPARE [5, 5]
2023-05-24 02:01:52,292 INFO 7 <---- 3 with PREPARE - [2, 1]
2023-05-24 02:01:52,296 INFO 5 <---- 0 with PREPARE - [5, 7]
2023-05-24 02:01:52,299 INFO 6 <---- 5 with COMMIT - [0, 0]
2023-05-24 02:01:52,299 INFO @@@
2023-05-24 02:01:52,301 INFO 5 <---- 7 with COMMIT - [0, 3]
2023-05-24 02:01:52,303 INFO 6 <---- 0 with COMMIT - [0, 5]
2023-05-24 02:01:52,306 INFO 1 <---- 0 with PREPARE - [2, 3]
2023-05-24 02:01:52,308 INFO 1 <---- 0 with PREPARE - [4, 2]
2023-05-24 02:01:52,309 INFO 3 <---- 0 with PREPARE - [4, 2]
2023-05-24 02:01:52,311 INFO 1 <---- 0 with PREPARE - [2, 4]
2023-05-24 02:01:52,313 INFO 7 <---- 6 with COMMIT - [0, 3]
2023-05-24 02:01:52,314 INFO 5 <---- 0 with PREPARE - [5, 9]
2023-05-24 02:01:52,316 INFO 6 <---- 0 with COMMIT - [0, 2]
2023-05-24 02:01:52,317 INFO 5 <---- 6 with COMMIT - [0, 5]
2023-05-24 02:01:52,320 INFO 6 <---- 0 with PREPARE - [5, 5]
2023-05-24 02:01:52,324 INFO 1 <---- 0 with PREPARE - [7, 3]
2023-05-24 02:01:52,329 INFO 0 <---- 0 with COMMIT - [2, 1]
2023-05-24 02:01:52,332 INFO 0 <---- 0 with PREPARE - [4, 3]
2023-05-24 02:01:52,335 INFO 0 <---- 0 with PREPARE - [2, 4]
2023-05-24 02:01:52,338 INFO 4 <---- 1 with PREPARE - [0, 5]
2023-05-24 02:01:52,341 INFO 6 <---- 0 with PREPARE - [5, 9]
2023-05-24 02:01:52,344 INFO 3 <---- 0 with PREPARE - [4, 6]
2023-05-24 02:01:52,347 INFO 1 <---- 0 with PREPARE - [7, 4]
2023-05-24 02:01:52,349 INFO 6 <---- 0 with PREPARE - [4, 0]
2023-05-24 02:01:52,352 INFO 3 <---- 0 with PREPARE - [5, 3]
2023-05-24 02:01:52,354 INFO 1 <---- 0 with PREPARE - [4, 5]
2023-05-24 02:01:52,359 INFO 6 <---- 0 with PREPARE - [5, 2]
2023-05-24 02:01:52,361 INFO 1 <---- 0 with PREPARE - [5, 2]
2023-05-24 02:01:52,366 INFO 0 <---- 0 with PREPARE - [4, 0]
2023-05-24 02:01:52,369 INFO 1 <---- 0 with PREPARE - [7, 5]
2023-05-24 02:01:52,374 INFO 3 <---- 0 with PREPARE - [5, 5]
2023-05-24 02:01:52,382 INFO 6 <---- 0 with PREPARE - [5, 3]
2023-05-24 02:01:52,384 INFO 0 <---- 0 with COMMIT - [2, 0]
2023-05-24 02:01:52,389 INFO 1 <---- 0 with PREPARE - [4, 4]
2023-05-24 02:01:52,394 INFO 5 <---- 0 with PREPARE - [4, 1]
2023-05-24 02:01:52,397 INFO 4 <---- 0 with PREPARE - [5, 4]
2023-05-24 02:01:52,400 INFO 2 <---- 0 with PREPARE - [2, 3]
2023-05-24 02:01:52,407 INFO 2 <---- 0 with COMMIT - [2, 3]
2023-05-24 02:01:52,415 INFO 0 <---- 0 with PREPARE - [2, 3]
2023-05-24 02:01:52,419 INFO 1 <---- 0 with COMMIT - [5, 9]
2023-05-24 02:01:52,429 INFO 5 <---- 0 with PRE_PREPARE [4, 1]
2023-05-24 02:01:52,443 INFO 7 <---- 5 with COMMIT - [0, 1]
2023-05-24 02:01:52,476 INFO 6 <---- 7 with PRE_PREPARE [5, 2]
2023-05-24 02:01:52,487 INFO 4 <---- 7 with COMMIT - [0, 6]
2023-05-24 02:01:52,549 INFO 6 <---- 7 with PRE_PREPARE [5, 6]
2023-05-24 02:01:52,564 INFO 5 <---- 0 with PREPARE - [2, 0]
