2023-05-24 03:14:30,911 INFO | Server [0] was established !
2023-05-24 03:14:30,911 INFO | Server [0] is listening !
2023-05-24 03:14:30,912 INFO | Server [1] was established !
2023-05-24 03:14:30,912 INFO | Server [1] is listening !
2023-05-24 03:14:30,913 INFO | Server [2] was established !
2023-05-24 03:14:30,913 INFO | Server [2] is listening !
2023-05-24 03:14:30,914 INFO | Server [3] was established !
2023-05-24 03:14:30,914 INFO | Server [3] is listening !
2023-05-24 03:14:30,915 INFO | Client [0] was established !
2023-05-24 03:14:30,915 INFO | Client [0] is listening!
2023-05-24 03:14:30,965 INFO 1 <---- 0 with PRE_PREPARE [0, 0]
2023-05-24 03:14:30,967 INFO 0 <---- 1 with PREPARE - [0, 0]
2023-05-24 03:14:30,994 INFO 2 <---- 0 with PRE_PREPARE [0, 0]
2023-05-24 03:14:30,994 INFO 2 <---- 1 with PREPARE - [0, 0]
2023-05-24 03:14:30,995 INFO 0 <---- 2 with PREPARE - [0, 0]
2023-05-24 03:14:30,997 INFO 1 <---- 0 with COMMIT - [0, 0]
2023-05-24 03:14:31,027 INFO 1 <---- 2 with PREPARE - [0, 0]
2023-05-24 03:14:31,028 INFO 2 <---- 0 with COMMIT - [0, 0]
2023-05-24 03:14:31,030 INFO 3 <---- 1 with PREPARE - [0, 0]
2023-05-24 03:14:31,030 INFO 3 <---- 0 with PRE_PREPARE [0, 0]
2023-05-24 03:14:31,033 INFO 0 <---- 1 with PREPARE - [0, 0]
2023-05-24 03:14:31,057 INFO 3 <---- 2 with PREPARE - [0, 0]
2023-05-24 03:14:31,058 INFO 3 <---- 0 with COMMIT - [0, 0]
2023-05-24 03:14:31,059 INFO 1 <---- 1 with PREPARE - [0, 0]
2023-05-24 03:14:31,060 INFO 0 <---- 3 with COMMIT - [0, 0]
2023-05-24 03:14:31,060 INFO 0 <---- 0 with COMMIT - [0, 0]
2023-05-24 03:14:31,061 INFO @@@
2023-05-24 03:14:31,061 INFO Client [0] has received message :result, from ['127.0.0.1', 51771] with number [0, 0]
2023-05-24 03:14:31,087 INFO 2 <---- 0 with COMMIT - [0, 0]
2023-05-24 03:14:31,087 INFO @@@
2023-05-24 03:14:31,088 INFO 1 <---- 3 with COMMIT - [0, 0]
2023-05-24 03:14:31,088 INFO @@@
2023-05-24 03:14:31,089 INFO 2 <---- 1 with PREPARE - [0, 0]
2023-05-24 03:14:31,090 INFO Client [0] has received message :result, from ['127.0.0.1', 51773] with number [0, 0]
2023-05-24 03:14:31,090 INFO Number [0, 0] has reached an agreement ! 
2023-05-24 03:14:31,091 INFO Client [0] has received message :result, from ['127.0.0.1', 51772] with number [0, 0]
2023-05-24 03:14:31,092 INFO 0 <---- 2 with COMMIT - [0, 0]
2023-05-24 03:14:31,117 INFO 3 <---- 0 with COMMIT - [0, 0]
2023-05-24 03:14:31,118 INFO @@@
2023-05-24 03:14:31,118 INFO 2 <---- 3 with COMMIT - [0, 0]
2023-05-24 03:14:31,119 INFO 1 <---- 2 with COMMIT - [0, 0]
2023-05-24 03:14:31,120 INFO Client [0] has received message :result, from ['127.0.0.1', 51774] with number [0, 0]
2023-05-24 03:14:31,149 INFO 3 <---- 2 with COMMIT - [0, 0]
2023-05-24 03:14:31,432 INFO 0 <---- 1 with PRE_PREPARE [1, 0]
2023-05-24 03:14:31,434 INFO 1 <---- 0 with PREPARE - [1, 0]
2023-05-24 03:14:31,460 INFO 2 <---- 0 with PREPARE - [1, 0]
2023-05-24 03:14:31,461 INFO 2 <---- 1 with PRE_PREPARE [1, 0]
2023-05-24 03:14:31,462 INFO 0 <---- 0 with PREPARE - [1, 0]
2023-05-24 03:14:31,491 INFO 3 <---- 1 with PRE_PREPARE [1, 0]
2023-05-24 03:14:31,492 INFO 3 <---- 0 with PREPARE - [1, 0]
2023-05-24 03:14:31,492 INFO 1 <---- 0 with PREPARE - [1, 0]
2023-05-24 03:14:31,493 INFO 0 <---- 3 with PREPARE - [1, 0]
2023-05-24 03:14:31,494 INFO 0 <---- 1 with COMMIT - [1, 0]
2023-05-24 03:14:31,495 INFO 1 <---- 0 with COMMIT - [1, 0]
2023-05-24 03:14:31,524 INFO 2 <---- 0 with COMMIT - [1, 0]
2023-05-24 03:14:31,524 INFO 2 <---- 1 with COMMIT - [1, 0]
2023-05-24 03:14:31,524 INFO @@@
2023-05-24 03:14:31,525 INFO 3 <---- 0 with PREPARE - [1, 0]
2023-05-24 03:14:31,525 INFO 1 <---- 3 with PREPARE - [1, 0]
2023-05-24 03:14:31,526 INFO Client [0] has received message :result, from ['127.0.0.1', 51773] with number [1, 0]
2023-05-24 03:14:31,527 INFO 0 <---- 3 with COMMIT - [1, 0]
2023-05-24 03:14:31,527 INFO @@@
2023-05-24 03:14:31,528 INFO Client [0] has received message :result, from ['127.0.0.1', 51771] with number [1, 0]
2023-05-24 03:14:31,529 INFO Number [1, 0] has reached an agreement ! 
2023-05-24 03:14:31,553 INFO 1 <---- 3 with COMMIT - [1, 0]
2023-05-24 03:14:31,553 INFO @@@
2023-05-24 03:14:31,554 INFO 3 <---- 0 with COMMIT - [1, 0]
2023-05-24 03:14:31,555 INFO 3 <---- 1 with COMMIT - [1, 0]
2023-05-24 03:14:31,556 INFO @@@
2023-05-24 03:14:31,556 INFO 2 <---- 3 with PREPARE - [1, 0]
2023-05-24 03:14:31,557 INFO Client [0] has received message :result, from ['127.0.0.1', 51772] with number [1, 0]
2023-05-24 03:14:31,557 INFO Client [0] has received message :result, from ['127.0.0.1', 51774] with number [1, 0]
2023-05-24 03:14:31,558 INFO 0 <---- 2 with COMMIT - [1, 0]
2023-05-24 03:14:31,585 INFO 2 <---- 3 with COMMIT - [1, 0]
2023-05-24 03:14:31,586 INFO 1 <---- 2 with COMMIT - [1, 0]
2023-05-24 03:14:31,617 INFO 3 <---- 2 with COMMIT - [1, 0]
2023-05-24 03:14:31,950 INFO 0 <---- 2 with PRE_PREPARE [2, 0]
2023-05-24 03:14:31,951 INFO 1 <---- 0 with PREPARE - [2, 0]
2023-05-24 03:14:31,977 INFO 2 <---- 0 with PREPARE - [2, 0]
2023-05-24 03:14:31,979 INFO 1 <---- 2 with PRE_PREPARE [2, 0]
2023-05-24 03:14:31,981 INFO 0 <---- 0 with PREPARE - [2, 0]
2023-05-24 03:14:32,004 INFO 2 <---- 0 with PREPARE - [2, 0]
2023-05-24 03:14:32,005 INFO 3 <---- 0 with PREPARE - [2, 0]
2023-05-24 03:14:32,007 INFO 3 <---- 2 with PRE_PREPARE [2, 0]
2023-05-24 03:14:32,009 INFO 0 <---- 2 with COMMIT - [2, 0]
2023-05-24 03:14:32,010 INFO 0 <---- 0 with PREPARE - [2, 0]
2023-05-24 03:14:32,012 INFO 1 <---- 2 with COMMIT - [2, 0]
2023-05-24 03:14:32,036 INFO 3 <---- 0 with PREPARE - [2, 0]
2023-05-24 03:14:32,038 INFO 2 <---- 2 with COMMIT - [2, 0]
2023-05-24 03:14:32,039 INFO 1 <---- 0 with PREPARE - [2, 0]
2023-05-24 03:14:32,040 INFO 1 <---- 2 with COMMIT - [2, 0]
2023-05-24 03:14:32,041 INFO @@@
2023-05-24 03:14:32,041 INFO 0 <---- 3 with COMMIT - [2, 0]
2023-05-24 03:14:32,041 INFO @@@
2023-05-24 03:14:32,042 INFO 0 <---- 2 with COMMIT - [2, 0]
2023-05-24 03:14:32,043 INFO Client [0] has received message :result, from ['127.0.0.1', 51772] with number [2, 0]
2023-05-24 03:14:32,044 INFO Client [0] has received message :result, from ['127.0.0.1', 51771] with number [2, 0]
2023-05-24 03:14:32,045 INFO Number [2, 0] has reached an agreement ! 
2023-05-24 03:14:32,068 INFO 3 <---- 2 with COMMIT - [2, 0]
2023-05-24 03:14:32,069 INFO 1 <---- 3 with COMMIT - [2, 0]
2023-05-24 03:14:32,073 INFO 2 <---- 0 with PREPARE - [2, 0]
2023-05-24 03:14:32,076 INFO 3 <---- 2 with COMMIT - [2, 0]
2023-05-24 03:14:32,077 INFO @@@
2023-05-24 03:14:32,078 INFO 2 <---- 2 with COMMIT - [2, 0]
2023-05-24 03:14:32,078 INFO @@@
2023-05-24 03:14:32,080 INFO Client [0] has received message :result, from ['127.0.0.1', 51774] with number [2, 0]
2023-05-24 03:14:32,081 INFO Client [0] has received message :result, from ['127.0.0.1', 51773] with number [2, 0]
2023-05-24 03:14:32,099 INFO 2 <---- 3 with COMMIT - [2, 0]
2023-05-24 03:14:32,099 INFO 3 <---- 2 with COMMIT - [2, 0]
2023-05-24 03:14:32,464 INFO 0 <---- 3 with PRE_PREPARE [3, 0]
2023-05-24 03:14:32,466 INFO 1 <---- 0 with PREPARE - [3, 0]
2023-05-24 03:14:32,489 INFO 1 <---- 3 with PRE_PREPARE [3, 0]
2023-05-24 03:14:32,491 INFO 2 <---- 0 with PREPARE - [3, 0]
2023-05-24 03:14:32,493 INFO 0 <---- 0 with PREPARE - [3, 0]
2023-05-24 03:14:32,521 INFO 3 <---- 0 with PREPARE - [3, 0]
2023-05-24 03:14:32,524 INFO 2 <---- 3 with PRE_PREPARE [3, 0]
2023-05-24 03:14:32,527 INFO 2 <---- 0 with PREPARE - [3, 0]
2023-05-24 03:14:32,529 INFO 0 <---- 0 with PREPARE - [3, 0]
2023-05-24 03:14:32,532 INFO 0 <---- 2 with COMMIT - [3, 0]
2023-05-24 03:14:32,534 INFO 1 <---- 0 with COMMIT - [3, 0]
2023-05-24 03:14:32,551 INFO 3 <---- 0 with PREPARE - [3, 0]
2023-05-24 03:14:32,554 INFO 1 <---- 0 with PREPARE - [3, 0]
2023-05-24 03:14:32,556 INFO 0 <---- 3 with COMMIT - [3, 0]
2023-05-24 03:14:32,556 INFO @@@
2023-05-24 03:14:32,559 INFO 0 <---- 0 with COMMIT - [3, 0]
2023-05-24 03:14:32,560 INFO Client [0] has received message :result, from ['127.0.0.1', 51771] with number [3, 0]
2023-05-24 03:14:32,565 INFO 2 <---- 0 with COMMIT - [3, 0]
2023-05-24 03:14:32,567 INFO 1 <---- 2 with COMMIT - [3, 0]
2023-05-24 03:14:32,567 INFO @@@
2023-05-24 03:14:32,568 INFO Client [0] has received message :result, from ['127.0.0.1', 51772] with number [3, 0]
2023-05-24 03:14:32,569 INFO Number [3, 0] has reached an agreement ! 
2023-05-24 03:14:32,581 INFO 3 <---- 0 with PREPARE - [3, 0]
2023-05-24 03:14:32,583 INFO 1 <---- 3 with COMMIT - [3, 0]
2023-05-24 03:14:32,585 INFO 2 <---- 0 with COMMIT - [3, 0]
2023-05-24 03:14:32,585 INFO @@@
2023-05-24 03:14:32,587 INFO Client [0] has received message :result, from ['127.0.0.1', 51773] with number [3, 0]
2023-05-24 03:14:32,595 INFO 3 <---- 0 with COMMIT - [3, 0]
2023-05-24 03:14:32,596 INFO 3 <---- 2 with COMMIT - [3, 0]
2023-05-24 03:14:32,597 INFO @@@
2023-05-24 03:14:32,599 INFO Client [0] has received message :result, from ['127.0.0.1', 51774] with number [3, 0]
2023-05-24 03:14:32,612 INFO 3 <---- 0 with COMMIT - [3, 0]
2023-05-24 03:14:32,615 INFO 2 <---- 3 with COMMIT - [3, 0]
2023-05-24 03:14:32,975 INFO 1 <---- 0 with PRE_PREPARE [4, 1]
2023-05-24 03:14:32,976 INFO 0 <---- 1 with PREPARE - [4, 1]
2023-05-24 03:14:33,002 INFO 2 <---- 0 with PRE_PREPARE [4, 1]
2023-05-24 03:14:33,004 INFO 2 <---- 1 with PREPARE - [4, 1]
2023-05-24 03:14:33,008 INFO 0 <---- 2 with PREPARE - [4, 1]
2023-05-24 03:14:33,010 INFO 1 <---- 0 with COMMIT - [4, 1]
2023-05-24 03:14:33,030 INFO 3 <---- 0 with PRE_PREPARE [4, 1]
2023-05-24 03:14:33,031 INFO 1 <---- 2 with PREPARE - [4, 1]
2023-05-24 03:14:33,032 INFO 2 <---- 0 with COMMIT - [4, 1]
2023-05-24 03:14:33,033 INFO 3 <---- 1 with PREPARE - [4, 1]
2023-05-24 03:14:33,034 INFO 0 <---- 3 with PREPARE - [4, 1]
2023-05-24 03:14:33,061 INFO 3 <---- 0 with COMMIT - [4, 1]
2023-05-24 03:14:33,062 INFO 3 <---- 2 with PREPARE - [4, 1]
2023-05-24 03:14:33,062 INFO 1 <---- 3 with PREPARE - [4, 1]
2023-05-24 03:14:33,063 INFO 0 <---- 0 with COMMIT - [4, 1]
2023-05-24 03:14:33,064 INFO 0 <---- 0 with COMMIT - [4, 1]
2023-05-24 03:14:33,064 INFO @@@
2023-05-24 03:14:33,065 INFO Client [0] has received message :result, from ['127.0.0.1', 51771] with number [4, 1]
2023-05-24 03:14:33,099 INFO 2 <---- 3 with PREPARE - [4, 1]
2023-05-24 03:14:33,101 INFO 2 <---- 0 with COMMIT - [4, 1]
2023-05-24 03:14:33,101 INFO @@@
2023-05-24 03:14:33,104 INFO 1 <---- 0 with COMMIT - [4, 1]
2023-05-24 03:14:33,104 INFO @@@
2023-05-24 03:14:33,105 INFO 0 <---- 0 with COMMIT - [4, 1]
2023-05-24 03:14:33,107 INFO Client [0] has received message :result, from ['127.0.0.1', 51773] with number [4, 1]
2023-05-24 03:14:33,107 INFO Number [4, 1] has reached an agreement ! 
2023-05-24 03:14:33,108 INFO Client [0] has received message :result, from ['127.0.0.1', 51772] with number [4, 1]
2023-05-24 03:14:33,124 INFO 3 <---- 0 with COMMIT - [4, 1]
2023-05-24 03:14:33,124 INFO @@@
2023-05-24 03:14:33,125 INFO 2 <---- 0 with COMMIT - [4, 1]
2023-05-24 03:14:33,125 INFO 1 <---- 0 with COMMIT - [4, 1]
2023-05-24 03:14:33,126 INFO Client [0] has received message :result, from ['127.0.0.1', 51774] with number [4, 1]
2023-05-24 03:14:33,157 INFO 3 <---- 0 with COMMIT - [4, 1]
2023-05-24 03:14:33,489 INFO 0 <---- 1 with PRE_PREPARE [5, 1]
2023-05-24 03:14:33,491 INFO 1 <---- 0 with PREPARE - [5, 1]
2023-05-24 03:14:33,513 INFO 2 <---- 0 with PREPARE - [5, 1]
2023-05-24 03:14:33,515 INFO 2 <---- 1 with PRE_PREPARE [5, 1]
2023-05-24 03:14:33,516 INFO 0 <---- 0 with PREPARE - [5, 1]
2023-05-24 03:14:33,545 INFO 3 <---- 0 with PREPARE - [5, 1]
2023-05-24 03:14:33,547 INFO 1 <---- 0 with PREPARE - [5, 1]
2023-05-24 03:14:33,550 INFO 3 <---- 1 with PRE_PREPARE [5, 1]
2023-05-24 03:14:33,552 INFO 0 <---- 1 with COMMIT - [5, 1]
2023-05-24 03:14:33,553 INFO 0 <---- 0 with PREPARE - [5, 1]
2023-05-24 03:14:33,556 INFO 1 <---- 1 with COMMIT - [5, 1]
2023-05-24 03:14:33,577 INFO 3 <---- 0 with PREPARE - [5, 1]
2023-05-24 03:14:33,581 INFO 1 <---- 0 with PREPARE - [5, 1]
2023-05-24 03:14:33,582 INFO 2 <---- 1 with COMMIT - [5, 1]
2023-05-24 03:14:33,584 INFO 2 <---- 1 with COMMIT - [5, 1]
2023-05-24 03:14:33,585 INFO @@@
2023-05-24 03:14:33,588 INFO 0 <---- 3 with COMMIT - [5, 1]
2023-05-24 03:14:33,588 INFO @@@
2023-05-24 03:14:33,589 INFO Client [0] has received message :result, from ['127.0.0.1', 51773] with number [5, 1]
2023-05-24 03:14:33,590 INFO Client [0] has received message :result, from ['127.0.0.1', 51771] with number [5, 1]
2023-05-24 03:14:33,591 INFO Number [5, 1] has reached an agreement ! 
2023-05-24 03:14:33,609 INFO 1 <---- 3 with COMMIT - [5, 1]
2023-05-24 03:14:33,609 INFO @@@
2023-05-24 03:14:33,612 INFO 3 <---- 1 with COMMIT - [5, 1]
2023-05-24 03:14:33,614 INFO 3 <---- 1 with COMMIT - [5, 1]
2023-05-24 03:14:33,614 INFO @@@
2023-05-24 03:14:33,616 INFO 2 <---- 0 with PREPARE - [5, 1]
2023-05-24 03:14:33,618 INFO Client [0] has received message :result, from ['127.0.0.1', 51772] with number [5, 1]
2023-05-24 03:14:33,620 INFO Client [0] has received message :result, from ['127.0.0.1', 51774] with number [5, 1]
2023-05-24 03:14:33,622 INFO 0 <---- 2 with COMMIT - [5, 1]
2023-05-24 03:14:33,639 INFO 2 <---- 3 with COMMIT - [5, 1]
2023-05-24 03:14:33,657 INFO 1 <---- 2 with COMMIT - [5, 1]
2023-05-24 03:14:33,689 INFO 3 <---- 2 with COMMIT - [5, 1]
2023-05-24 03:14:34,005 INFO 0 <---- 2 with PRE_PREPARE [6, 1]
2023-05-24 03:14:34,008 INFO 1 <---- 0 with PREPARE - [6, 1]
2023-05-24 03:14:34,032 INFO 2 <---- 0 with PREPARE - [6, 1]
2023-05-24 03:14:34,034 INFO 1 <---- 2 with PRE_PREPARE [6, 1]
2023-05-24 03:14:34,037 INFO 0 <---- 0 with PREPARE - [6, 1]
2023-05-24 03:14:34,063 INFO 3 <---- 2 with PRE_PREPARE [6, 1]
2023-05-24 03:14:34,064 INFO 2 <---- 0 with PREPARE - [6, 1]
2023-05-24 03:14:34,066 INFO 3 <---- 0 with PREPARE - [6, 1]
2023-05-24 03:14:34,067 INFO 0 <---- 3 with PREPARE - [6, 1]
2023-05-24 03:14:34,068 INFO 0 <---- 2 with COMMIT - [6, 1]
2023-05-24 03:14:34,069 INFO 1 <---- 0 with COMMIT - [6, 1]
2023-05-24 03:14:34,092 INFO 1 <---- 2 with COMMIT - [6, 1]
2023-05-24 03:14:34,092 INFO @@@
2023-05-24 03:14:34,095 INFO 2 <---- 0 with COMMIT - [6, 1]
2023-05-24 03:14:34,097 INFO 3 <---- 0 with PREPARE - [6, 1]
2023-05-24 03:14:34,099 INFO 1 <---- 3 with PREPARE - [6, 1]
2023-05-24 03:14:34,104 INFO Client [0] has received message :result, from ['127.0.0.1', 51772] with number [6, 1]
2023-05-24 03:14:34,109 INFO 0 <---- 3 with COMMIT - [6, 1]
2023-05-24 03:14:34,110 INFO @@@
2023-05-24 03:14:34,111 INFO 0 <---- 1 with COMMIT - [6, 1]
2023-05-24 03:14:34,112 INFO Client [0] has received message :result, from ['127.0.0.1', 51771] with number [6, 1]
2023-05-24 03:14:34,113 INFO Number [6, 1] has reached an agreement ! 
2023-05-24 03:14:34,125 INFO 3 <---- 0 with COMMIT - [6, 1]
2023-05-24 03:14:34,126 INFO 3 <---- 2 with COMMIT - [6, 1]
2023-05-24 03:14:34,126 INFO @@@
2023-05-24 03:14:34,126 INFO 2 <---- 3 with PREPARE - [6, 1]
2023-05-24 03:14:34,130 INFO Client [0] has received message :result, from ['127.0.0.1', 51774] with number [6, 1]
2023-05-24 03:14:34,136 INFO 1 <---- 3 with COMMIT - [6, 1]
2023-05-24 03:14:34,136 INFO 2 <---- 1 with COMMIT - [6, 1]
2023-05-24 03:14:34,137 INFO @@@
2023-05-24 03:14:34,138 INFO Client [0] has received message :result, from ['127.0.0.1', 51773] with number [6, 1]
2023-05-24 03:14:34,168 INFO 3 <---- 1 with COMMIT - [6, 1]
2023-05-24 03:14:34,169 INFO 2 <---- 3 with COMMIT - [6, 1]
2023-05-24 03:14:34,518 INFO 0 <---- 3 with PRE_PREPARE [7, 1]
2023-05-24 03:14:34,520 INFO 1 <---- 0 with PREPARE - [7, 1]
2023-05-24 03:14:34,545 INFO 2 <---- 0 with PREPARE - [7, 1]
2023-05-24 03:14:34,546 INFO 1 <---- 3 with PRE_PREPARE [7, 1]
2023-05-24 03:14:34,548 INFO 0 <---- 0 with PREPARE - [7, 1]
2023-05-24 03:14:34,575 INFO 3 <---- 0 with PREPARE - [7, 1]
2023-05-24 03:14:34,577 INFO 2 <---- 3 with PRE_PREPARE [7, 1]
2023-05-24 03:14:34,578 INFO 2 <---- 0 with PREPARE - [7, 1]
2023-05-24 03:14:34,579 INFO 0 <---- 0 with PREPARE - [7, 1]
2023-05-24 03:14:34,581 INFO 0 <---- 2 with COMMIT - [7, 1]
2023-05-24 03:14:34,582 INFO 1 <---- 0 with COMMIT - [7, 1]
2023-05-24 03:14:34,606 INFO 2 <---- 0 with COMMIT - [7, 1]
2023-05-24 03:14:34,607 INFO 3 <---- 0 with PREPARE - [7, 1]
2023-05-24 03:14:34,609 INFO 1 <---- 0 with PREPARE - [7, 1]
2023-05-24 03:14:34,610 INFO 1 <---- 2 with COMMIT - [7, 1]
2023-05-24 03:14:34,610 INFO @@@
2023-05-24 03:14:34,613 INFO 0 <---- 3 with COMMIT - [7, 1]
2023-05-24 03:14:34,613 INFO @@@
2023-05-24 03:14:34,614 INFO 0 <---- 0 with COMMIT - [7, 1]
2023-05-24 03:14:34,615 INFO Client [0] has received message :result, from ['127.0.0.1', 51772] with number [7, 1]
2023-05-24 03:14:34,616 INFO Client [0] has received message :result, from ['127.0.0.1', 51771] with number [7, 1]
2023-05-24 03:14:34,616 INFO Number [7, 1] has reached an agreement ! 
2023-05-24 03:14:34,636 INFO 1 <---- 3 with COMMIT - [7, 1]
2023-05-24 03:14:34,638 INFO 2 <---- 0 with COMMIT - [7, 1]
2023-05-24 03:14:34,638 INFO @@@
2023-05-24 03:14:34,639 INFO 3 <---- 0 with COMMIT - [7, 1]
2023-05-24 03:14:34,641 INFO 3 <---- 0 with PREPARE - [7, 1]
2023-05-24 03:14:34,641 INFO 3 <---- 2 with COMMIT - [7, 1]
2023-05-24 03:14:34,641 INFO @@@
2023-05-24 03:14:34,643 INFO Client [0] has received message :result, from ['127.0.0.1', 51773] with number [7, 1]
2023-05-24 03:14:34,644 INFO Client [0] has received message :result, from ['127.0.0.1', 51774] with number [7, 1]
2023-05-24 03:14:34,667 INFO 3 <---- 0 with COMMIT - [7, 1]
2023-05-24 03:14:34,669 INFO 2 <---- 3 with COMMIT - [7, 1]
2023-05-24 03:14:35,030 INFO 1 <---- 0 with PRE_PREPARE [8, 2]
2023-05-24 03:14:35,033 INFO 0 <---- 1 with PREPARE - [8, 2]
2023-05-24 03:14:35,057 INFO 2 <---- 0 with PRE_PREPARE [8, 2]
2023-05-24 03:14:35,060 INFO 2 <---- 1 with PREPARE - [8, 2]
2023-05-24 03:14:35,062 INFO 0 <---- 2 with PREPARE - [8, 2]
2023-05-24 03:14:35,063 INFO 1 <---- 0 with COMMIT - [8, 2]
2023-05-24 03:14:35,088 INFO 3 <---- 0 with PRE_PREPARE [8, 2]
2023-05-24 03:14:35,091 INFO 3 <---- 1 with PREPARE - [8, 2]
2023-05-24 03:14:35,093 INFO 1 <---- 2 with PREPARE - [8, 2]
2023-05-24 03:14:35,095 INFO 2 <---- 0 with COMMIT - [8, 2]
2023-05-24 03:14:35,097 INFO 0 <---- 3 with PREPARE - [8, 2]
2023-05-24 03:14:35,116 INFO 3 <---- 2 with PREPARE - [8, 2]
2023-05-24 03:14:35,118 INFO 1 <---- 3 with PREPARE - [8, 2]
2023-05-24 03:14:35,119 INFO 3 <---- 0 with COMMIT - [8, 2]
2023-05-24 03:14:35,120 INFO 0 <---- 3 with COMMIT - [8, 2]
2023-05-24 03:14:35,121 INFO 0 <---- 0 with COMMIT - [8, 2]
2023-05-24 03:14:35,122 INFO @@@
2023-05-24 03:14:35,123 INFO Client [0] has received message :result, from ['127.0.0.1', 51771] with number [8, 2]
2023-05-24 03:14:35,149 INFO 2 <---- 0 with COMMIT - [8, 2]
2023-05-24 03:14:35,150 INFO @@@
2023-05-24 03:14:35,154 INFO 1 <---- 3 with COMMIT - [8, 2]
2023-05-24 03:14:35,154 INFO @@@
2023-05-24 03:14:35,155 INFO 2 <---- 3 with PREPARE - [8, 2]
2023-05-24 03:14:35,157 INFO Client [0] has received message :result, from ['127.0.0.1', 51773] with number [8, 2]
2023-05-24 03:14:35,158 INFO Number [8, 2] has reached an agreement ! 
2023-05-24 03:14:35,160 INFO Client [0] has received message :result, from ['127.0.0.1', 51772] with number [8, 2]
2023-05-24 03:14:35,161 INFO 0 <---- 2 with COMMIT - [8, 2]
2023-05-24 03:14:35,176 INFO 3 <---- 0 with COMMIT - [8, 2]
2023-05-24 03:14:35,176 INFO @@@
2023-05-24 03:14:35,177 INFO 2 <---- 3 with COMMIT - [8, 2]
2023-05-24 03:14:35,178 INFO Client [0] has received message :result, from ['127.0.0.1', 51774] with number [8, 2]
2023-05-24 03:14:35,192 INFO 1 <---- 2 with COMMIT - [8, 2]
2023-05-24 03:14:35,225 INFO 3 <---- 2 with COMMIT - [8, 2]
2023-05-24 03:14:35,541 INFO 0 <---- 1 with PRE_PREPARE [9, 2]
2023-05-24 03:14:35,544 INFO 1 <---- 0 with PREPARE - [9, 2]
2023-05-24 03:14:35,568 INFO 2 <---- 0 with PREPARE - [9, 2]
2023-05-24 03:14:35,569 INFO 2 <---- 1 with PRE_PREPARE [9, 2]
2023-05-24 03:14:35,572 INFO 0 <---- 0 with PREPARE - [9, 2]
2023-05-24 03:14:35,598 INFO 3 <---- 0 with PREPARE - [9, 2]
2023-05-24 03:14:35,600 INFO 3 <---- 1 with PRE_PREPARE [9, 2]
2023-05-24 03:14:35,603 INFO 1 <---- 0 with PREPARE - [9, 2]
2023-05-24 03:14:35,605 INFO 0 <---- 0 with PREPARE - [9, 2]
2023-05-24 03:14:35,605 INFO 0 <---- 1 with COMMIT - [9, 2]
2023-05-24 03:14:35,607 INFO 1 <---- 0 with COMMIT - [9, 2]
2023-05-24 03:14:35,630 INFO 2 <---- 1 with COMMIT - [9, 2]
2023-05-24 03:14:35,632 INFO 2 <---- 0 with COMMIT - [9, 2]
2023-05-24 03:14:35,632 INFO @@@
2023-05-24 03:14:35,634 INFO 1 <---- 0 with PREPARE - [9, 2]
2023-05-24 03:14:35,636 INFO 3 <---- 0 with PREPARE - [9, 2]
2023-05-24 03:14:35,638 INFO Client [0] has received message :result, from ['127.0.0.1', 51773] with number [9, 2]
2023-05-24 03:14:35,639 INFO 0 <---- 3 with COMMIT - [9, 2]
2023-05-24 03:14:35,640 INFO @@@
2023-05-24 03:14:35,642 INFO Client [0] has received message :result, from ['127.0.0.1', 51771] with number [9, 2]
2023-05-24 03:14:35,642 INFO Number [9, 2] has reached an agreement ! 
2023-05-24 03:14:35,662 INFO 3 <---- 0 with COMMIT - [9, 2]
2023-05-24 03:14:35,664 INFO 1 <---- 3 with COMMIT - [9, 2]
2023-05-24 03:14:35,664 INFO @@@
2023-05-24 03:14:35,666 INFO 2 <---- 0 with PREPARE - [9, 2]
2023-05-24 03:14:35,668 INFO 3 <---- 1 with COMMIT - [9, 2]
2023-05-24 03:14:35,669 INFO @@@
2023-05-24 03:14:35,670 INFO Client [0] has received message :result, from ['127.0.0.1', 51772] with number [9, 2]
2023-05-24 03:14:35,671 INFO 0 <---- 2 with COMMIT - [9, 2]
2023-05-24 03:14:35,674 INFO Client [0] has received message :result, from ['127.0.0.1', 51774] with number [9, 2]
2023-05-24 03:14:35,695 INFO 2 <---- 3 with COMMIT - [9, 2]
2023-05-24 03:14:35,709 INFO 1 <---- 2 with COMMIT - [9, 2]
2023-05-24 03:14:35,738 INFO 3 <---- 2 with COMMIT - [9, 2]
2023-05-24 03:14:36,055 INFO 0 <---- 2 with PRE_PREPARE [10, 2]
2023-05-24 03:14:36,059 INFO 1 <---- 0 with PREPARE - [10, 2]
2023-05-24 03:14:36,083 INFO 1 <---- 2 with PRE_PREPARE [10, 2]
2023-05-24 03:14:36,086 INFO 2 <---- 0 with PREPARE - [10, 2]
2023-05-24 03:14:36,089 INFO 0 <---- 0 with PREPARE - [10, 2]
2023-05-24 03:14:36,112 INFO 3 <---- 0 with PREPARE - [10, 2]
2023-05-24 03:14:36,114 INFO 3 <---- 2 with PRE_PREPARE [10, 2]
2023-05-24 03:14:36,116 INFO 2 <---- 0 with PREPARE - [10, 2]
2023-05-24 03:14:36,117 INFO 0 <---- 0 with PREPARE - [10, 2]
2023-05-24 03:14:36,118 INFO 0 <---- 2 with COMMIT - [10, 2]
2023-05-24 03:14:36,119 INFO 1 <---- 0 with COMMIT - [10, 2]
2023-05-24 03:14:36,144 INFO 1 <---- 2 with COMMIT - [10, 2]
2023-05-24 03:14:36,145 INFO @@@
2023-05-24 03:14:36,147 INFO 1 <---- 0 with PREPARE - [10, 2]
2023-05-24 03:14:36,149 INFO 2 <---- 0 with COMMIT - [10, 2]
2023-05-24 03:14:36,151 INFO 3 <---- 0 with PREPARE - [10, 2]
2023-05-24 03:14:36,153 INFO Client [0] has received message :result, from ['127.0.0.1', 51772] with number [10, 2]
2023-05-24 03:14:36,157 INFO 0 <---- 1 with COMMIT - [10, 2]
2023-05-24 03:14:36,157 INFO @@@
2023-05-24 03:14:36,164 INFO 0 <---- 3 with COMMIT - [10, 2]
2023-05-24 03:14:36,167 INFO Client [0] has received message :result, from ['127.0.0.1', 51771] with number [10, 2]
2023-05-24 03:14:36,169 INFO Number [10, 2] has reached an agreement ! 
2023-05-24 03:14:36,172 INFO 3 <---- 2 with COMMIT - [10, 2]
2023-05-24 03:14:36,176 INFO 2 <---- 0 with PREPARE - [10, 2]
2023-05-24 03:14:36,180 INFO 3 <---- 0 with COMMIT - [10, 2]
2023-05-24 03:14:36,181 INFO @@@
2023-05-24 03:14:36,185 INFO Client [0] has received message :result, from ['127.0.0.1', 51774] with number [10, 2]
2023-05-24 03:14:36,186 INFO 2 <---- 1 with COMMIT - [10, 2]
2023-05-24 03:14:36,187 INFO 1 <---- 3 with COMMIT - [10, 2]
2023-05-24 03:14:36,188 INFO @@@
2023-05-24 03:14:36,189 INFO Client [0] has received message :result, from ['127.0.0.1', 51773] with number [10, 2]
2023-05-24 03:14:36,219 INFO 3 <---- 1 with COMMIT - [10, 2]
2023-05-24 03:14:36,220 INFO 2 <---- 3 with COMMIT - [10, 2]
2023-05-24 03:14:36,572 INFO 0 <---- 3 with PRE_PREPARE [11, 2]
2023-05-24 03:14:36,574 INFO 1 <---- 0 with PREPARE - [11, 2]
2023-05-24 03:14:36,595 INFO 1 <---- 3 with PRE_PREPARE [11, 2]
2023-05-24 03:14:36,598 INFO 2 <---- 0 with PREPARE - [11, 2]
2023-05-24 03:14:36,600 INFO 0 <---- 0 with PREPARE - [11, 2]
2023-05-24 03:14:36,628 INFO 2 <---- 0 with PREPARE - [11, 2]
2023-05-24 03:14:36,631 INFO 3 <---- 0 with PREPARE - [11, 2]
2023-05-24 03:14:36,633 INFO 2 <---- 0 with PRE_PREPARE [11, 2]
2023-05-24 03:14:36,635 INFO 0 <---- 2 with COMMIT - [11, 2]
2023-05-24 03:14:36,636 INFO 0 <---- 2 with PREPARE - [11, 2]
2023-05-24 03:14:36,639 INFO 1 <---- 2 with COMMIT - [11, 2]
2023-05-24 03:14:36,659 INFO 3 <---- 0 with PREPARE - [11, 2]
2023-05-24 03:14:36,662 INFO 1 <---- 2 with PREPARE - [11, 2]
2023-05-24 03:14:36,664 INFO 1 <---- 2 with COMMIT - [11, 2]
2023-05-24 03:14:36,665 INFO @@@
2023-05-24 03:14:36,667 INFO 0 <---- 3 with COMMIT - [11, 2]
2023-05-24 03:14:36,667 INFO @@@
2023-05-24 03:14:36,669 INFO 0 <---- 2 with COMMIT - [11, 2]
2023-05-24 03:14:36,670 INFO Client [0] has received message :result, from ['127.0.0.1', 51772] with number [11, 2]
2023-05-24 03:14:36,672 INFO Client [0] has received message :result, from ['127.0.0.1', 51771] with number [11, 2]
2023-05-24 03:14:36,673 INFO Number [11, 2] has reached an agreement ! 
2023-05-24 03:14:36,674 INFO 2 <---- 2 with COMMIT - [11, 2]
2023-05-24 03:14:36,690 INFO 1 <---- 3 with COMMIT - [11, 2]
2023-05-24 03:14:36,692 INFO 2 <---- 2 with COMMIT - [11, 2]
2023-05-24 03:14:36,692 INFO @@@
2023-05-24 03:14:36,694 INFO 3 <---- 2 with COMMIT - [11, 2]
2023-05-24 03:14:36,696 INFO 3 <---- 2 with PREPARE - [11, 2]
2023-05-24 03:14:36,697 INFO Client [0] has received message :result, from ['127.0.0.1', 51773] with number [11, 2]
2023-05-24 03:14:36,705 INFO 3 <---- 2 with COMMIT - [11, 2]
2023-05-24 03:14:36,706 INFO @@@
2023-05-24 03:14:36,708 INFO Client [0] has received message :result, from ['127.0.0.1', 51774] with number [11, 2]
2023-05-24 03:14:36,720 INFO 3 <---- 2 with COMMIT - [11, 2]
2023-05-24 03:14:36,722 INFO 2 <---- 3 with COMMIT - [11, 2]
2023-05-24 03:14:37,085 INFO 1 <---- 0 with PRE_PREPARE [12, 3]
2023-05-24 03:14:37,088 INFO 0 <---- 1 with PREPARE - [12, 3]
2023-05-24 03:14:37,111 INFO 2 <---- 0 with PRE_PREPARE [12, 3]
2023-05-24 03:14:37,114 INFO 2 <---- 1 with PREPARE - [12, 3]
2023-05-24 03:14:37,115 INFO 0 <---- 2 with PREPARE - [12, 3]
2023-05-24 03:14:37,117 INFO 1 <---- 0 with COMMIT - [12, 3]
2023-05-24 03:14:37,141 INFO 3 <---- 1 with PREPARE - [12, 3]
2023-05-24 03:14:37,143 INFO 2 <---- 0 with COMMIT - [12, 3]
2023-05-24 03:14:37,144 INFO 1 <---- 2 with PREPARE - [12, 3]
2023-05-24 03:14:37,145 INFO 3 <---- 0 with PRE_PREPARE [12, 3]
2023-05-24 03:14:37,148 INFO 0 <---- 1 with PREPARE - [12, 3]
2023-05-24 03:14:37,172 INFO 3 <---- 2 with PREPARE - [12, 3]
2023-05-24 03:14:37,175 INFO 3 <---- 0 with COMMIT - [12, 3]
2023-05-24 03:14:37,177 INFO 1 <---- 1 with PREPARE - [12, 3]
2023-05-24 03:14:37,178 INFO 0 <---- 3 with COMMIT - [12, 3]
2023-05-24 03:14:37,180 INFO 0 <---- 0 with COMMIT - [12, 3]
2023-05-24 03:14:37,180 INFO @@@
2023-05-24 03:14:37,182 INFO Client [0] has received message :result, from ['127.0.0.1', 51771] with number [12, 3]
2023-05-24 03:14:37,207 INFO 1 <---- 3 with COMMIT - [12, 3]
2023-05-24 03:14:37,207 INFO @@@
2023-05-24 03:14:37,209 INFO 2 <---- 0 with COMMIT - [12, 3]
2023-05-24 03:14:37,209 INFO @@@
2023-05-24 03:14:37,211 INFO 2 <---- 1 with PREPARE - [12, 3]
2023-05-24 03:14:37,213 INFO Client [0] has received message :result, from ['127.0.0.1', 51772] with number [12, 3]
2023-05-24 03:14:37,214 INFO Number [12, 3] has reached an agreement ! 
2023-05-24 03:14:37,215 INFO Client [0] has received message :result, from ['127.0.0.1', 51773] with number [12, 3]
2023-05-24 03:14:37,217 INFO 0 <---- 2 with COMMIT - [12, 3]
2023-05-24 03:14:37,233 INFO 3 <---- 0 with COMMIT - [12, 3]
2023-05-24 03:14:37,233 INFO @@@
2023-05-24 03:14:37,234 INFO 2 <---- 3 with COMMIT - [12, 3]
2023-05-24 03:14:37,235 INFO Client [0] has received message :result, from ['127.0.0.1', 51774] with number [12, 3]
2023-05-24 03:14:37,250 INFO 1 <---- 2 with COMMIT - [12, 3]
2023-05-24 03:14:37,282 INFO 3 <---- 2 with COMMIT - [12, 3]
2023-05-24 03:14:37,600 INFO 0 <---- 1 with PRE_PREPARE [13, 3]
2023-05-24 03:14:37,602 INFO 1 <---- 0 with PREPARE - [13, 3]
2023-05-24 03:14:37,624 INFO 2 <---- 0 with PREPARE - [13, 3]
2023-05-24 03:14:37,626 INFO 2 <---- 1 with PRE_PREPARE [13, 3]
2023-05-24 03:14:37,629 INFO 0 <---- 0 with PREPARE - [13, 3]
2023-05-24 03:14:37,656 INFO 1 <---- 0 with PREPARE - [13, 3]
2023-05-24 03:14:37,658 INFO 3 <---- 0 with PREPARE - [13, 3]
2023-05-24 03:14:37,661 INFO 3 <---- 1 with PRE_PREPARE [13, 3]
2023-05-24 03:14:37,663 INFO 0 <---- 1 with COMMIT - [13, 3]
2023-05-24 03:14:37,664 INFO 0 <---- 0 with PREPARE - [13, 3]
2023-05-24 03:14:37,667 INFO 1 <---- 1 with COMMIT - [13, 3]
2023-05-24 03:14:37,686 INFO 3 <---- 0 with PREPARE - [13, 3]
2023-05-24 03:14:37,688 INFO 1 <---- 0 with PREPARE - [13, 3]
2023-05-24 03:14:37,690 INFO 2 <---- 1 with COMMIT - [13, 3]
2023-05-24 03:14:37,692 INFO 0 <---- 3 with COMMIT - [13, 3]
2023-05-24 03:14:37,692 INFO @@@
2023-05-24 03:14:37,696 INFO Client [0] has received message :result, from ['127.0.0.1', 51771] with number [13, 3]
2023-05-24 03:14:37,700 INFO 2 <---- 1 with COMMIT - [13, 3]
2023-05-24 03:14:37,700 INFO @@@
2023-05-24 03:14:37,702 INFO Client [0] has received message :result, from ['127.0.0.1', 51773] with number [13, 3]
2023-05-24 03:14:37,702 INFO Number [13, 3] has reached an agreement ! 
2023-05-24 03:14:37,716 INFO 1 <---- 3 with COMMIT - [13, 3]
2023-05-24 03:14:37,717 INFO @@@
2023-05-24 03:14:37,719 INFO 3 <---- 1 with COMMIT - [13, 3]
2023-05-24 03:14:37,720 INFO 2 <---- 0 with PREPARE - [13, 3]
2023-05-24 03:14:37,721 INFO Client [0] has received message :result, from ['127.0.0.1', 51772] with number [13, 3]
2023-05-24 03:14:37,723 INFO 0 <---- 2 with COMMIT - [13, 3]
2023-05-24 03:14:37,731 INFO 3 <---- 1 with COMMIT - [13, 3]
2023-05-24 03:14:37,731 INFO @@@
2023-05-24 03:14:37,733 INFO Client [0] has received message :result, from ['127.0.0.1', 51774] with number [13, 3]
2023-05-24 03:14:37,748 INFO 2 <---- 3 with COMMIT - [13, 3]
2023-05-24 03:14:37,750 INFO 1 <---- 2 with COMMIT - [13, 3]
2023-05-24 03:14:37,777 INFO 3 <---- 2 with COMMIT - [13, 3]
2023-05-24 03:14:38,112 INFO 0 <---- 2 with PRE_PREPARE [14, 3]
2023-05-24 03:14:38,114 INFO 1 <---- 0 with PREPARE - [14, 3]
2023-05-24 03:14:38,139 INFO 1 <---- 2 with PRE_PREPARE [14, 3]
2023-05-24 03:14:38,140 INFO 2 <---- 0 with PREPARE - [14, 3]
2023-05-24 03:14:38,141 INFO 0 <---- 0 with PREPARE - [14, 3]
2023-05-24 03:14:38,168 INFO 3 <---- 0 with PREPARE - [14, 3]
2023-05-24 03:14:38,169 INFO 3 <---- 2 with PRE_PREPARE [14, 3]
2023-05-24 03:14:38,169 INFO 2 <---- 0 with PREPARE - [14, 3]
2023-05-24 03:14:38,170 INFO 0 <---- 0 with PREPARE - [14, 3]
2023-05-24 03:14:38,171 INFO 0 <---- 2 with COMMIT - [14, 3]
2023-05-24 03:14:38,171 INFO 1 <---- 0 with COMMIT - [14, 3]
2023-05-24 03:14:38,202 INFO 1 <---- 2 with COMMIT - [14, 3]
2023-05-24 03:14:38,202 INFO @@@
2023-05-24 03:14:38,207 INFO 1 <---- 0 with PREPARE - [14, 3]
2023-05-24 03:14:38,212 INFO 3 <---- 0 with PREPARE - [14, 3]
2023-05-24 03:14:38,215 INFO 2 <---- 0 with COMMIT - [14, 3]
2023-05-24 03:14:38,216 INFO Client [0] has received message :result, from ['127.0.0.1', 51772] with number [14, 3]
2023-05-24 03:14:38,218 INFO 0 <---- 1 with COMMIT - [14, 3]
2023-05-24 03:14:38,219 INFO @@@
2023-05-24 03:14:38,220 INFO 0 <---- 3 with COMMIT - [14, 3]
2023-05-24 03:14:38,224 INFO Client [0] has received message :result, from ['127.0.0.1', 51771] with number [14, 3]
2023-05-24 03:14:38,225 INFO Number [14, 3] has reached an agreement ! 
2023-05-24 03:14:38,232 INFO 2 <---- 0 with PREPARE - [14, 3]
2023-05-24 03:14:38,233 INFO 3 <---- 2 with COMMIT - [14, 3]
2023-05-24 03:14:38,246 INFO 2 <---- 1 with COMMIT - [14, 3]
2023-05-24 03:14:38,246 INFO @@@
2023-05-24 03:14:38,247 INFO 3 <---- 0 with COMMIT - [14, 3]
2023-05-24 03:14:38,247 INFO @@@
2023-05-24 03:14:38,247 INFO 1 <---- 3 with COMMIT - [14, 3]
2023-05-24 03:14:38,248 INFO Client [0] has received message :result, from ['127.0.0.1', 51773] with number [14, 3]
2023-05-24 03:14:38,249 INFO Client [0] has received message :result, from ['127.0.0.1', 51774] with number [14, 3]
2023-05-24 03:14:38,278 INFO 2 <---- 3 with COMMIT - [14, 3]
2023-05-24 03:14:38,279 INFO 3 <---- 1 with COMMIT - [14, 3]
2023-05-24 03:14:38,616 INFO 0 <---- 3 with PRE_PREPARE [15, 3]
2023-05-24 03:14:38,619 INFO 1 <---- 0 with PREPARE - [15, 3]
2023-05-24 03:14:38,639 INFO 2 <---- 0 with PREPARE - [15, 3]
2023-05-24 03:14:38,641 INFO 1 <---- 3 with PRE_PREPARE [15, 3]
2023-05-24 03:14:38,643 INFO 0 <---- 0 with PREPARE - [15, 3]
2023-05-24 03:14:38,668 INFO 2 <---- 0 with PREPARE - [15, 3]
2023-05-24 03:14:38,670 INFO 2 <---- 0 with PRE_PREPARE [15, 3]
2023-05-24 03:14:38,672 INFO 3 <---- 0 with PREPARE - [15, 3]
2023-05-24 03:14:38,673 INFO 0 <---- 2 with COMMIT - [15, 3]
2023-05-24 03:14:38,675 INFO 0 <---- 2 with PREPARE - [15, 3]
2023-05-24 03:14:38,676 INFO 1 <---- 2 with COMMIT - [15, 3]
2023-05-24 03:14:38,701 INFO 1 <---- 2 with PREPARE - [15, 3]
2023-05-24 03:14:38,703 INFO 3 <---- 0 with PREPARE - [15, 3]
2023-05-24 03:14:38,705 INFO 1 <---- 2 with COMMIT - [15, 3]
2023-05-24 03:14:38,705 INFO @@@
2023-05-24 03:14:38,706 INFO 2 <---- 2 with COMMIT - [15, 3]
2023-05-24 03:14:38,708 INFO 0 <---- 2 with COMMIT - [15, 3]
2023-05-24 03:14:38,708 INFO @@@
2023-05-24 03:14:38,709 INFO 0 <---- 3 with COMMIT - [15, 3]
2023-05-24 03:14:38,710 INFO Client [0] has received message :result, from ['127.0.0.1', 51772] with number [15, 3]
2023-05-24 03:14:38,711 INFO Client [0] has received message :result, from ['127.0.0.1', 51771] with number [15, 3]
2023-05-24 03:14:38,711 INFO Number [15, 3] has reached an agreement ! 
2023-05-24 03:14:38,732 INFO 1 <---- 3 with COMMIT - [15, 3]
2023-05-24 03:14:38,735 INFO 3 <---- 2 with PREPARE - [15, 3]
2023-05-24 03:14:38,737 INFO 3 <---- 2 with COMMIT - [15, 3]
2023-05-24 03:14:38,738 INFO 3 <---- 2 with COMMIT - [15, 3]
2023-05-24 03:14:38,739 INFO @@@
2023-05-24 03:14:38,740 INFO 2 <---- 2 with COMMIT - [15, 3]
2023-05-24 03:14:38,740 INFO @@@
2023-05-24 03:14:38,742 INFO Client [0] has received message :result, from ['127.0.0.1', 51774] with number [15, 3]
2023-05-24 03:14:38,743 INFO Client [0] has received message :result, from ['127.0.0.1', 51773] with number [15, 3]
2023-05-24 03:14:38,765 INFO 2 <---- 3 with COMMIT - [15, 3]
2023-05-24 03:14:38,767 INFO 3 <---- 2 with COMMIT - [15, 3]
2023-05-24 03:14:39,126 INFO 1 <---- 0 with PRE_PREPARE [16, 4]
2023-05-24 03:14:39,128 INFO 0 <---- 1 with PREPARE - [16, 4]
2023-05-24 03:14:39,154 INFO 2 <---- 1 with PREPARE - [16, 4]
2023-05-24 03:14:39,156 INFO 2 <---- 0 with PRE_PREPARE [16, 4]
2023-05-24 03:14:39,157 INFO 0 <---- 1 with PREPARE - [16, 4]
2023-05-24 03:14:39,159 INFO 1 <---- 0 with COMMIT - [16, 4]
2023-05-24 03:14:39,185 INFO 3 <---- 0 with PRE_PREPARE [16, 4]
2023-05-24 03:14:39,187 INFO 2 <---- 0 with COMMIT - [16, 4]
2023-05-24 03:14:39,188 INFO 1 <---- 1 with PREPARE - [16, 4]
2023-05-24 03:14:39,189 INFO 3 <---- 1 with PREPARE - [16, 4]
2023-05-24 03:14:39,190 INFO 0 <---- 3 with PREPARE - [16, 4]
2023-05-24 03:14:39,221 INFO 1 <---- 3 with PREPARE - [16, 4]
2023-05-24 03:14:39,230 INFO 3 <---- 0 with COMMIT - [16, 4]
2023-05-24 03:14:39,233 INFO 3 <---- 1 with PREPARE - [16, 4]
2023-05-24 03:14:39,234 INFO 0 <---- 0 with COMMIT - [16, 4]
2023-05-24 03:14:39,235 INFO 0 <---- 0 with COMMIT - [16, 4]
2023-05-24 03:14:39,238 INFO @@@
2023-05-24 03:14:39,240 INFO Client [0] has received message :result, from ['127.0.0.1', 51771] with number [16, 4]
2023-05-24 03:14:39,248 INFO 2 <---- 3 with PREPARE - [16, 4]
2023-05-24 03:14:39,252 INFO 0 <---- 0 with COMMIT - [16, 4]
2023-05-24 03:14:39,262 INFO 1 <---- 0 with COMMIT - [16, 4]
2023-05-24 03:14:39,262 INFO @@@
2023-05-24 03:14:39,263 INFO 2 <---- 0 with COMMIT - [16, 4]
2023-05-24 03:14:39,263 INFO @@@
2023-05-24 03:14:39,263 INFO Client [0] has received message :result, from ['127.0.0.1', 51772] with number [16, 4]
2023-05-24 03:14:39,264 INFO Number [16, 4] has reached an agreement ! 
2023-05-24 03:14:39,264 INFO Client [0] has received message :result, from ['127.0.0.1', 51773] with number [16, 4]
2023-05-24 03:14:39,278 INFO 1 <---- 0 with COMMIT - [16, 4]
2023-05-24 03:14:39,293 INFO 3 <---- 0 with COMMIT - [16, 4]
2023-05-24 03:14:39,293 INFO @@@
2023-05-24 03:14:39,294 INFO 2 <---- 0 with COMMIT - [16, 4]
2023-05-24 03:14:39,295 INFO Client [0] has received message :result, from ['127.0.0.1', 51774] with number [16, 4]
2023-05-24 03:14:39,309 INFO 3 <---- 0 with COMMIT - [16, 4]
2023-05-24 03:14:39,642 INFO 0 <---- 1 with PRE_PREPARE [17, 4]
2023-05-24 03:14:39,644 INFO 1 <---- 0 with PREPARE - [17, 4]
2023-05-24 03:14:39,668 INFO 2 <---- 1 with PRE_PREPARE [17, 4]
2023-05-24 03:14:39,669 INFO 2 <---- 0 with PREPARE - [17, 4]
2023-05-24 03:14:39,670 INFO 0 <---- 2 with PREPARE - [17, 4]
2023-05-24 03:14:39,700 INFO 3 <---- 1 with PRE_PREPARE [17, 4]
2023-05-24 03:14:39,702 INFO 3 <---- 0 with PREPARE - [17, 4]
2023-05-24 03:14:39,703 INFO 1 <---- 2 with PREPARE - [17, 4]
2023-05-24 03:14:39,704 INFO 0 <---- 3 with PREPARE - [17, 4]
2023-05-24 03:14:39,705 INFO 0 <---- 1 with COMMIT - [17, 4]
2023-05-24 03:14:39,707 INFO 1 <---- 0 with COMMIT - [17, 4]
2023-05-24 03:14:39,731 INFO 1 <---- 3 with PREPARE - [17, 4]
2023-05-24 03:14:39,732 INFO 2 <---- 0 with COMMIT - [17, 4]
2023-05-24 03:14:39,733 INFO 2 <---- 1 with COMMIT - [17, 4]
2023-05-24 03:14:39,734 INFO @@@
2023-05-24 03:14:39,734 INFO 3 <---- 2 with PREPARE - [17, 4]
2023-05-24 03:14:39,735 INFO Client [0] has received message :result, from ['127.0.0.1', 51773] with number [17, 4]
2023-05-24 03:14:39,735 INFO 0 <---- 3 with COMMIT - [17, 4]
2023-05-24 03:14:39,735 INFO @@@
2023-05-24 03:14:39,737 INFO Client [0] has received message :result, from ['127.0.0.1', 51771] with number [17, 4]
2023-05-24 03:14:39,738 INFO Number [17, 4] has reached an agreement ! 
2023-05-24 03:14:39,762 INFO 3 <---- 1 with COMMIT - [17, 4]
2023-05-24 03:14:39,764 INFO 1 <---- 3 with COMMIT - [17, 4]
2023-05-24 03:14:39,764 INFO @@@
2023-05-24 03:14:39,766 INFO 3 <---- 0 with COMMIT - [17, 4]
2023-05-24 03:14:39,766 INFO @@@
2023-05-24 03:14:39,767 INFO 2 <---- 3 with PREPARE - [17, 4]
2023-05-24 03:14:39,768 INFO Client [0] has received message :result, from ['127.0.0.1', 51772] with number [17, 4]
2023-05-24 03:14:39,769 INFO Client [0] has received message :result, from ['127.0.0.1', 51774] with number [17, 4]
2023-05-24 03:14:39,770 INFO 0 <---- 2 with COMMIT - [17, 4]
2023-05-24 03:14:39,804 INFO 2 <---- 3 with COMMIT - [17, 4]
2023-05-24 03:14:39,804 INFO 1 <---- 2 with COMMIT - [17, 4]
2023-05-24 03:14:39,842 INFO 3 <---- 2 with COMMIT - [17, 4]
2023-05-24 03:14:40,144 INFO 0 <---- 2 with PRE_PREPARE [18, 4]
2023-05-24 03:14:40,146 INFO 1 <---- 0 with PREPARE - [18, 4]
2023-05-24 03:14:40,168 INFO 2 <---- 0 with PREPARE - [18, 4]
2023-05-24 03:14:40,169 INFO 1 <---- 2 with PRE_PREPARE [18, 4]
2023-05-24 03:14:40,171 INFO 0 <---- 0 with PREPARE - [18, 4]
2023-05-24 03:14:40,200 INFO 2 <---- 0 with PREPARE - [18, 4]
2023-05-24 03:14:40,202 INFO 3 <---- 0 with PREPARE - [18, 4]
2023-05-24 03:14:40,204 INFO 3 <---- 2 with PRE_PREPARE [18, 4]
2023-05-24 03:14:40,204 INFO 0 <---- 2 with COMMIT - [18, 4]
2023-05-24 03:14:40,205 INFO 0 <---- 0 with PREPARE - [18, 4]
2023-05-24 03:14:40,206 INFO 1 <---- 2 with COMMIT - [18, 4]
2023-05-24 03:14:40,230 INFO 3 <---- 0 with PREPARE - [18, 4]
2023-05-24 03:14:40,231 INFO 1 <---- 2 with COMMIT - [18, 4]
2023-05-24 03:14:40,232 INFO @@@
2023-05-24 03:14:40,232 INFO 1 <---- 0 with PREPARE - [18, 4]
2023-05-24 03:14:40,234 INFO 2 <---- 2 with COMMIT - [18, 4]
2023-05-24 03:14:40,234 INFO 0 <---- 3 with COMMIT - [18, 4]
2023-05-24 03:14:40,235 INFO @@@
2023-05-24 03:14:40,235 INFO Client [0] has received message :result, from ['127.0.0.1', 51772] with number [18, 4]
2023-05-24 03:14:40,236 INFO 0 <---- 1 with COMMIT - [18, 4]
2023-05-24 03:14:40,237 INFO Client [0] has received message :result, from ['127.0.0.1', 51771] with number [18, 4]
2023-05-24 03:14:40,237 INFO Number [18, 4] has reached an agreement ! 
2023-05-24 03:14:40,262 INFO 2 <---- 1 with COMMIT - [18, 4]
2023-05-24 03:14:40,263 INFO @@@
2023-05-24 03:14:40,264 INFO 1 <---- 3 with COMMIT - [18, 4]
2023-05-24 03:14:40,266 INFO 3 <---- 2 with COMMIT - [18, 4]
2023-05-24 03:14:40,268 INFO 2 <---- 0 with PREPARE - [18, 4]
2023-05-24 03:14:40,269 INFO 3 <---- 2 with COMMIT - [18, 4]
2023-05-24 03:14:40,269 INFO @@@
2023-05-24 03:14:40,270 INFO Client [0] has received message :result, from ['127.0.0.1', 51773] with number [18, 4]
2023-05-24 03:14:40,270 INFO Client [0] has received message :result, from ['127.0.0.1', 51774] with number [18, 4]
2023-05-24 03:14:40,291 INFO 3 <---- 1 with COMMIT - [18, 4]
2023-05-24 03:14:40,292 INFO 2 <---- 3 with COMMIT - [18, 4]
2023-05-24 03:14:40,655 INFO 0 <---- 3 with PRE_PREPARE [19, 4]
2023-05-24 03:14:40,657 INFO 1 <---- 0 with PREPARE - [19, 4]
2023-05-24 03:14:40,682 INFO 2 <---- 0 with PREPARE - [19, 4]
2023-05-24 03:14:40,683 INFO 1 <---- 3 with PRE_PREPARE [19, 4]
2023-05-24 03:14:40,686 INFO 0 <---- 0 with PREPARE - [19, 4]
2023-05-24 03:14:40,713 INFO 2 <---- 0 with PREPARE - [19, 4]
2023-05-24 03:14:40,715 INFO 3 <---- 0 with PREPARE - [19, 4]
2023-05-24 03:14:40,716 INFO 2 <---- 0 with PRE_PREPARE [19, 4]
2023-05-24 03:14:40,718 INFO 0 <---- 2 with COMMIT - [19, 4]
2023-05-24 03:14:40,719 INFO 0 <---- 2 with PREPARE - [19, 4]
2023-05-24 03:14:40,720 INFO 1 <---- 2 with COMMIT - [19, 4]
2023-05-24 03:14:40,743 INFO 2 <---- 2 with COMMIT - [19, 4]
2023-05-24 03:14:40,746 INFO 1 <---- 2 with PREPARE - [19, 4]
2023-05-24 03:14:40,748 INFO 3 <---- 0 with PREPARE - [19, 4]
2023-05-24 03:14:40,749 INFO 1 <---- 2 with COMMIT - [19, 4]
2023-05-24 03:14:40,749 INFO @@@
2023-05-24 03:14:40,750 INFO 0 <---- 2 with COMMIT - [19, 4]
2023-05-24 03:14:40,751 INFO @@@
2023-05-24 03:14:40,752 INFO 0 <---- 3 with COMMIT - [19, 4]
2023-05-24 03:14:40,753 INFO Client [0] has received message :result, from ['127.0.0.1', 51772] with number [19, 4]
2023-05-24 03:14:40,753 INFO Client [0] has received message :result, from ['127.0.0.1', 51771] with number [19, 4]
2023-05-24 03:14:40,754 INFO Number [19, 4] has reached an agreement ! 
2023-05-24 03:14:40,776 INFO 2 <---- 2 with COMMIT - [19, 4]
2023-05-24 03:14:40,776 INFO @@@
2023-05-24 03:14:40,778 INFO 3 <---- 2 with PREPARE - [19, 4]
2023-05-24 03:14:40,780 INFO 3 <---- 2 with COMMIT - [19, 4]
2023-05-24 03:14:40,781 INFO 1 <---- 3 with COMMIT - [19, 4]
2023-05-24 03:14:40,782 INFO 3 <---- 2 with COMMIT - [19, 4]
2023-05-24 03:14:40,783 INFO @@@
2023-05-24 03:14:40,784 INFO Client [0] has received message :result, from ['127.0.0.1', 51773] with number [19, 4]
2023-05-24 03:14:40,785 INFO Client [0] has received message :result, from ['127.0.0.1', 51774] with number [19, 4]
2023-05-24 03:14:40,804 INFO 3 <---- 2 with COMMIT - [19, 4]
2023-05-24 03:14:40,805 INFO 2 <---- 3 with COMMIT - [19, 4]
