2023-05-24 01:47:31,846 INFO | Server [0] was established !
2023-05-24 01:47:31,846 INFO | Server [0] is listening !
2023-05-24 01:47:31,846 INFO | Server [1] was established !
2023-05-24 01:47:31,846 INFO | Server [1] is listening !
2023-05-24 01:47:31,847 INFO | Server [2] was established !
2023-05-24 01:47:31,847 INFO | Server [2] is listening !
2023-05-24 01:47:31,847 INFO | Server [3] was established !
2023-05-24 01:47:31,848 INFO | Server [3] is listening !
2023-05-24 01:47:31,848 INFO | Server [4] was established !
2023-05-24 01:47:31,848 INFO | Server [4] is listening !
2023-05-24 01:47:31,849 INFO | Server [5] was established !
2023-05-24 01:47:31,849 INFO | Server [5] is listening !
2023-05-24 01:47:31,849 INFO | Server [6] was established !
2023-05-24 01:47:31,850 INFO | Server [7] was established !
2023-05-24 01:47:31,850 INFO | Client [0] was established !
2023-05-24 01:47:31,852 INFO | Server [6] is listening !
2023-05-24 01:47:31,903 INFO | Client [0] is listening!
2023-05-24 01:47:31,903 INFO | Server [7] is listening !
2023-05-24 01:47:31,906 INFO 1 <---- 0 with PRE_PREPARE [0, 0]
2023-05-24 01:47:31,907 INFO 0 <---- 1 with PREPARE - [0, 0]
2023-05-24 01:47:32,150 INFO 2 <---- 1 with PREPARE - [0, 0]
2023-05-24 01:47:32,167 INFO 2 <---- 0 with PRE_PREPARE [0, 0]
2023-05-24 01:47:32,168 INFO 0 <---- 1 with PREPARE - [0, 0]
2023-05-24 01:47:32,401 INFO 1 <---- 1 with PREPARE - [0, 0]
2023-05-24 01:47:32,651 INFO 3 <---- 1 with PREPARE - [0, 0]
2023-05-24 01:47:32,653 INFO 3 <---- 0 with PRE_PREPARE [0, 0]
2023-05-24 01:47:32,656 INFO 0 <---- 1 with PREPARE - [0, 0]
2023-05-24 01:47:32,840 INFO 3 <---- 1 with PREPARE - [0, 0]
2023-05-24 01:47:32,863 INFO 1 <---- 0 with PRE_PREPARE [0, 1]
2023-05-24 01:47:32,866 INFO 0 <---- 1 with PREPARE - [0, 1]
2023-05-24 01:47:32,870 INFO 4 <---- 0 with PRE_PREPARE [0, 0]
2023-05-24 01:47:32,871 INFO 4 <---- 1 with PREPARE - [0, 0]
2023-05-24 01:47:32,872 INFO 0 <---- 4 with PREPARE - [0, 0]
2023-05-24 01:47:32,874 INFO 1 <---- 0 with COMMIT - [0, 0]
2023-05-24 01:47:33,024 INFO 5 <---- 1 with PREPARE - [0, 0]
2023-05-24 01:47:33,069 INFO 2 <---- 0 with PRE_PREPARE [0, 1]
2023-05-24 01:47:33,070 INFO 0 <---- 2 with PREPARE - [0, 1]
2023-05-24 01:47:33,131 INFO 2 <---- 1 with PREPARE - [0, 1]
2023-05-24 01:47:33,131 INFO 5 <---- 0 with PRE_PREPARE [0, 0]
2023-05-24 01:47:33,133 INFO 0 <---- 1 with PREPARE - [0, 0]
2023-05-24 01:47:33,162 INFO 1 <---- 1 with PREPARE - [0, 0]
2023-05-24 01:47:33,178 INFO 1 <---- 4 with PREPARE - [0, 0]
2023-05-24 01:47:33,257 INFO 2 <---- 0 with COMMIT - [0, 0]
2023-05-24 01:47:33,305 INFO 1 <---- 2 with PREPARE - [0, 1]
2023-05-24 01:47:33,318 INFO 2 <---- 1 with PREPARE - [0, 0]
2023-05-24 01:47:33,334 INFO 6 <---- 0 with PRE_PREPARE [0, 0]
2023-05-24 01:47:33,338 INFO 0 <---- 6 with PREPARE - [0, 0]
2023-05-24 01:47:33,349 INFO 4 <---- 1 with PREPARE - [0, 0]
2023-05-24 01:47:33,396 INFO 2 <---- 4 with PREPARE - [0, 0]
2023-05-24 01:47:33,412 INFO 1 <---- 1 with PREPARE - [0, 0]
2023-05-24 01:47:33,414 INFO 0 <---- 0 with COMMIT - [0, 0]
2023-05-24 01:47:33,459 INFO 3 <---- 0 with PRE_PREPARE [0, 1]
2023-05-24 01:47:33,461 INFO 0 <---- 3 with PREPARE - [0, 1]
2023-05-24 01:47:33,473 INFO 6 <---- 1 with PREPARE - [0, 0]
2023-05-24 01:47:33,520 INFO 3 <---- 0 with COMMIT - [0, 0]
2023-05-24 01:47:33,537 INFO 3 <---- 1 with PREPARE - [0, 1]
2023-05-24 01:47:33,553 INFO 7 <---- 0 with PRE_PREPARE [0, 0]
2023-05-24 01:47:33,557 INFO 0 <---- 7 with PREPARE - [0, 0]
2023-05-24 01:47:33,584 INFO 7 <---- 1 with PREPARE - [0, 0]
2023-05-24 01:47:33,631 INFO 3 <---- 2 with PREPARE - [0, 1]
2023-05-24 01:47:33,633 INFO 4 <---- 1 with PREPARE - [0, 0]
2023-05-24 01:47:33,634 INFO 2 <---- 1 with PREPARE - [0, 0]
2023-05-24 01:47:33,636 INFO 0 <---- 0 with COMMIT - [0, 0]
2023-05-24 01:47:33,678 INFO 5 <---- 1 with PREPARE - [0, 0]
2023-05-24 01:47:33,692 INFO 3 <---- 4 with PREPARE - [0, 0]
2023-05-24 01:47:33,724 INFO 4 <---- 1 with PREPARE - [0, 1]
2023-05-24 01:47:33,740 INFO 2 <---- 0 with COMMIT - [0, 0]
2023-05-24 01:47:33,740 INFO 4 <---- 0 with COMMIT - [0, 0]
2023-05-24 01:47:33,788 INFO 1 <---- 0 with COMMIT - [0, 0]
2023-05-24 01:47:33,836 INFO 1 <---- 6 with PREPARE - [0, 0]
2023-05-24 01:47:33,867 INFO 1 <---- 3 with PREPARE - [0, 1]
2023-05-24 01:47:33,873 INFO 0 <---- 1 with PRE_PREPARE [1, 0]
2023-05-24 01:47:33,875 INFO 1 <---- 0 with PREPARE - [1, 0]
2023-05-24 01:47:33,881 INFO 5 <---- 4 with PREPARE - [0, 0]
2023-05-24 01:47:33,897 INFO 1 <---- 7 with PREPARE - [0, 0]
2023-05-24 01:47:33,925 INFO 3 <---- 0 with COMMIT - [0, 0]
2023-05-24 01:47:33,926 INFO 6 <---- 1 with PREPARE - [0, 0]
2023-05-24 01:47:33,941 INFO 4 <---- 2 with PREPARE - [0, 1]
2023-05-24 01:47:33,974 INFO 3 <---- 0 with COMMIT - [0, 0]
2023-05-24 01:47:33,975 INFO 4 <---- 0 with PRE_PREPARE [0, 1]
2023-05-24 01:47:33,978 INFO 0 <---- 1 with PREPARE - [0, 1]
2023-05-24 01:47:33,981 INFO 1 <---- 0 with COMMIT - [0, 1]
2023-05-24 01:47:33,989 INFO 2 <---- 3 with PREPARE - [0, 1]
2023-05-24 01:47:34,020 INFO 5 <---- 1 with PREPARE - [0, 1]
2023-05-24 01:47:34,038 INFO 5 <---- 1 with PREPARE - [0, 0]
2023-05-24 01:47:34,042 INFO 0 <---- 5 with COMMIT - [0, 0]
2023-05-24 01:47:34,116 INFO 6 <---- 4 with PREPARE - [0, 0]
2023-05-24 01:47:34,118 INFO 2 <---- 6 with PREPARE - [0, 0]
2023-05-24 01:47:34,120 INFO 3 <---- 1 with PREPARE - [0, 0]
2023-05-24 01:47:34,123 INFO 0 <---- 0 with COMMIT - [0, 0]
2023-05-24 01:47:34,123 INFO @@@
2023-05-24 01:47:34,126 INFO Client [0] has received message :result, from ['127.0.0.1', 49717] with number [0, 0]
2023-05-24 01:47:34,130 INFO 5 <---- 2 with PREPARE - [0, 1]
2023-05-24 01:47:34,146 INFO 7 <---- 1 with PREPARE - [0, 0]
2023-05-24 01:47:34,162 INFO 2 <---- 1 with PRE_PREPARE [1, 0]
2023-05-24 01:47:34,165 INFO 0 <---- 2 with PREPARE - [1, 0]
2023-05-24 01:47:34,194 INFO 6 <---- 1 with PREPARE - [0, 1]
2023-05-24 01:47:34,209 INFO 1 <---- 1 with PREPARE - [0, 1]
2023-05-24 01:47:34,224 INFO 2 <---- 0 with COMMIT - [0, 1]
2023-05-24 01:47:34,226 INFO 4 <---- 3 with PREPARE - [0, 1]
2023-05-24 01:47:34,256 INFO 5 <---- 0 with COMMIT - [0, 0]
2023-05-24 01:47:34,318 INFO 4 <---- 0 with COMMIT - [0, 0]
2023-05-24 01:47:34,320 INFO 1 <---- 2 with PREPARE - [1, 0]
2023-05-24 01:47:34,334 INFO 2 <---- 0 with PREPARE - [1, 0]
2023-05-24 01:47:34,335 INFO 7 <---- 4 with PREPARE - [0, 0]
2023-05-24 01:47:34,348 INFO 4 <---- 0 with COMMIT - [0, 0]
2023-05-24 01:47:34,365 INFO 1 <---- 5 with COMMIT - [0, 0]
2023-05-24 01:47:34,381 INFO 4 <---- 1 with PREPARE - [0, 0]
2023-05-24 01:47:34,383 INFO 1 <---- 0 with COMMIT - [0, 0]
2023-05-24 01:47:34,383 INFO @@@
2023-05-24 01:47:34,385 INFO 0 <---- 0 with COMMIT - [0, 0]
2023-05-24 01:47:34,386 INFO Client [0] has received message :result, from ['127.0.0.1', 49718] with number [0, 0]
2023-05-24 01:47:34,410 INFO 2 <---- 7 with PREPARE - [0, 0]
2023-05-24 01:47:34,426 INFO 6 <---- 2 with PREPARE - [0, 1]
2023-05-24 01:47:34,428 INFO 3 <---- 2 with PREPARE - [1, 0]
2023-05-24 01:47:34,439 INFO 5 <---- 1 with PRE_PREPARE [0, 1]
2023-05-24 01:47:34,440 INFO 3 <---- 6 with PREPARE - [0, 0]
2023-05-24 01:47:34,440 INFO 0 <---- 1 with PREPARE - [0, 1]
2023-05-24 01:47:34,457 INFO 3 <---- 1 with PRE_PREPARE [1, 0]
2023-05-24 01:47:34,460 INFO 0 <---- 2 with PREPARE - [1, 0]
2023-05-24 01:47:34,472 INFO 2 <---- 1 with PREPARE - [0, 1]
2023-05-24 01:47:34,488 INFO 6 <---- 1 with PREPARE - [0, 0]
2023-05-24 01:47:34,491 INFO 0 <---- 6 with COMMIT - [0, 0]
2023-05-24 01:47:34,534 INFO 3 <---- 7 with PREPARE - [0, 0]
2023-05-24 01:47:34,551 INFO 1 <---- 0 with COMMIT - [0, 0]
2023-05-24 01:47:34,552 INFO 5 <---- 3 with PREPARE - [0, 1]
2023-05-24 01:47:34,581 INFO 7 <---- 1 with PREPARE - [0, 1]
2023-05-24 01:47:34,583 INFO 3 <---- 0 with PREPARE - [1, 0]
2023-05-24 01:47:34,645 INFO 4 <---- 2 with PREPARE - [1, 0]
2023-05-24 01:47:34,646 INFO 7 <---- 1 with PREPARE - [0, 0]
2023-05-24 01:47:34,649 INFO 1 <---- 6 with COMMIT - [0, 0]
2023-05-24 01:47:34,650 INFO 0 <---- 7 with COMMIT - [0, 0]
2023-05-24 01:47:34,657 INFO 3 <---- 0 with COMMIT - [0, 1]
2023-05-24 01:47:34,659 INFO 6 <---- 0 with COMMIT - [0, 0]
2023-05-24 01:47:34,674 INFO 1 <---- 2 with PREPARE - [1, 0]
2023-05-24 01:47:34,720 INFO 2 <---- 0 with COMMIT - [0, 0]
2023-05-24 01:47:34,752 INFO 6 <---- 1 with PRE_PREPARE [0, 1]
2023-05-24 01:47:34,755 INFO 2 <---- 0 with COMMIT - [0, 0]
2023-05-24 01:47:34,755 INFO @@@
2023-05-24 01:47:34,757 INFO 5 <---- 0 with COMMIT - [0, 0]
2023-05-24 01:47:34,758 INFO 0 <---- 1 with PREPARE - [0, 1]
2023-05-24 01:47:34,760 INFO Client [0] has received message :result, from ['127.0.0.1', 49719] with number [0, 0]
2023-05-24 01:47:34,760 INFO Number [0, 0] has reached an agreement ! 
2023-05-24 01:47:34,766 INFO 3 <---- 1 with PREPARE - [0, 1]
2023-05-24 01:47:34,767 INFO 5 <---- 0 with COMMIT - [0, 0]
2023-05-24 01:47:34,768 INFO 4 <---- 7 with PREPARE - [0, 0]
2023-05-24 01:47:34,782 INFO 2 <---- 5 with COMMIT - [0, 0]
2023-05-24 01:47:34,799 INFO 6 <---- 3 with PREPARE - [0, 1]
2023-05-24 01:47:34,814 INFO 4 <---- 6 with PREPARE - [0, 0]
2023-05-24 01:47:34,830 INFO 1 <---- 1 with PREPARE - [0, 1]
2023-05-24 01:47:34,832 INFO 0 <---- 0 with COMMIT - [0, 1]
2023-05-24 01:47:34,861 INFO 6 <---- 1 with PREPARE - [0, 0]
2023-05-24 01:47:34,877 INFO 4 <---- 0 with COMMIT - [0, 0]
2023-05-24 01:47:34,878 INFO @@@
2023-05-24 01:47:34,880 INFO 7 <---- 2 with PREPARE - [0, 1]
2023-05-24 01:47:34,882 INFO Client [0] has received message :result, from ['127.0.0.1', 49721] with number [0, 0]
2023-05-24 01:47:34,905 INFO 1 <---- 7 with COMMIT - [0, 0]
2023-05-24 01:47:34,936 INFO 5 <---- 7 with PREPARE - [0, 0]
2023-05-24 01:47:34,936 INFO 6 <---- 0 with COMMIT - [0, 0]
2023-05-24 01:47:34,937 INFO 6 <---- 0 with COMMIT - [0, 0]
2023-05-24 01:47:34,950 INFO 4 <---- 1 with PRE_PREPARE [1, 0]
2023-05-24 01:47:34,951 INFO 0 <---- 2 with PREPARE - [1, 0]
2023-05-24 01:47:34,982 INFO 7 <---- 0 with COMMIT - [0, 0]
2023-05-24 01:47:34,982 INFO 3 <---- 5 with COMMIT - [0, 0]
2023-05-24 01:47:34,983 INFO @@@
2023-05-24 01:47:34,983 INFO 5 <---- 2 with PREPARE - [1, 0]
2023-05-24 01:47:34,984 INFO Client [0] has received message :result, from ['127.0.0.1', 49720] with number [0, 0]
2023-05-24 01:47:35,028 INFO 7 <---- 1 with PRE_PREPARE [0, 1]
2023-05-24 01:47:35,029 INFO 2 <---- 6 with COMMIT - [0, 0]
2023-05-24 01:47:35,030 INFO 4 <---- 0 with PREPARE - [1, 0]
2023-05-24 01:47:35,031 INFO 0 <---- 1 with PREPARE - [0, 1]
2023-05-24 01:47:35,059 INFO 5 <---- 6 with PREPARE - [0, 0]
2023-05-24 01:47:35,060 INFO 4 <---- 0 with COMMIT - [0, 1]
2023-05-24 01:47:35,074 INFO 3 <---- 0 with COMMIT - [0, 0]
2023-05-24 01:47:35,090 INFO 1 <---- 2 with PREPARE - [1, 0]
2023-05-24 01:47:35,108 INFO 0 <---- 1 with COMMIT - [1, 0]
2023-05-24 01:47:35,123 INFO 5 <---- 0 with COMMIT - [0, 0]
2023-05-24 01:47:35,124 INFO @@@
2023-05-24 01:47:35,126 INFO Client [0] has received message :result, from ['127.0.0.1', 49722] with number [0, 0]
2023-05-24 01:47:35,138 INFO 7 <---- 1 with PREPARE - [0, 0]
2023-05-24 01:47:35,156 INFO 2 <---- 0 with COMMIT - [0, 1]
2023-05-24 01:47:35,158 INFO 2 <---- 7 with COMMIT - [0, 0]
2023-05-24 01:47:35,159 INFO 2 <---- 1 with PREPARE - [0, 1]
2023-05-24 01:47:35,163 INFO 2 <---- 2 with PREPARE - [1, 0]
2023-05-24 01:47:35,164 INFO 0 <---- 0 with COMMIT - [0, 1]
2023-05-24 01:47:35,169 INFO 1 <---- 1 with PREPARE - [0, 1]
2023-05-24 01:47:35,189 INFO 1 <---- 1 with PREPARE - [0, 1]
2023-05-24 01:47:35,200 INFO 5 <---- 1 with PREPARE - [0, 1]
2023-05-24 01:47:35,201 INFO 7 <---- 3 with PREPARE - [0, 1]
2023-05-24 01:47:35,203 INFO 0 <---- 5 with COMMIT - [0, 1]
2023-05-24 01:47:35,214 INFO 5 <---- 0 with PREPARE - [1, 0]
2023-05-24 01:47:35,214 INFO 5 <---- 0 with COMMIT - [0, 0]
2023-05-24 01:47:35,216 INFO 5 <---- 2 with PRE_PREPARE [1, 0]
2023-05-24 01:47:35,217 INFO 0 <---- 2 with PREPARE - [1, 0]
2023-05-24 01:47:35,218 INFO 1 <---- 1 with COMMIT - [1, 0]
2023-05-24 01:47:35,230 INFO 6 <---- 7 with PREPARE - [0, 0]
2023-05-24 01:47:35,231 INFO 4 <---- 5 with COMMIT - [0, 0]
2023-05-24 01:47:35,277 INFO 7 <---- 0 with COMMIT - [0, 0]
2023-05-24 01:47:35,278 INFO 6 <---- 0 with COMMIT - [0, 0]
2023-05-24 01:47:35,278 INFO @@@
2023-05-24 01:47:35,279 INFO 4 <---- 2 with PREPARE - [1, 0]
2023-05-24 01:47:35,280 INFO Client [0] has received message :result, from ['127.0.0.1', 49723] with number [0, 0]
2023-05-24 01:47:35,323 INFO 2 <---- 1 with PREPARE - [0, 1]
2023-05-24 01:47:35,338 INFO 5 <---- 0 with COMMIT - [0, 1]
2023-05-24 01:47:35,354 INFO 3 <---- 6 with COMMIT - [0, 0]
2023-05-24 01:47:35,355 INFO 2 <---- 1 with PREPARE - [0, 1]
2023-05-24 01:47:35,386 INFO 3 <---- 1 with PREPARE - [0, 1]
2023-05-24 01:47:35,387 INFO 7 <---- 6 with PREPARE - [0, 0]
2023-05-24 01:47:35,388 INFO 7 <---- 0 with COMMIT - [0, 0]
2023-05-24 01:47:35,390 INFO 0 <---- 0 with COMMIT - [0, 1]
2023-05-24 01:47:35,390 INFO @@@
2023-05-24 01:47:35,392 INFO Client [0] has received message :result, from ['127.0.0.1', 49717] with number [0, 1]
2023-05-24 01:47:35,393 INFO 0 <---- 3 with PRE_PREPARE [2, 0]
2023-05-24 01:47:35,394 INFO 1 <---- 0 with PREPARE - [2, 0]
2023-05-24 01:47:35,420 INFO 6 <---- 2 with PREPARE - [1, 0]
2023-05-24 01:47:35,421 INFO 6 <---- 5 with COMMIT - [0, 0]
2023-05-24 01:47:35,434 INFO 2 <---- 2 with PREPARE - [1, 0]
2023-05-24 01:47:35,436 INFO 1 <---- 0 with COMMIT - [0, 1]
2023-05-24 01:47:35,464 INFO 1 <---- 2 with PREPARE - [1, 0]
2023-05-24 01:47:35,512 INFO 3 <---- 1 with PREPARE - [0, 1]
2023-05-24 01:47:35,514 INFO 1 <---- 3 with PRE_PREPARE [2, 0]
2023-05-24 01:47:35,517 INFO 0 <---- 0 with PREPARE - [2, 0]
2023-05-24 01:47:35,543 INFO 6 <---- 1 with PRE_PREPARE [1, 0]
2023-05-24 01:47:35,546 INFO 3 <---- 7 with COMMIT - [0, 0]
2023-05-24 01:47:35,547 INFO 2 <---- 1 with COMMIT - [1, 0]
2023-05-24 01:47:35,549 INFO 0 <---- 2 with PREPARE - [1, 0]
2023-05-24 01:47:35,557 INFO 3 <---- 1 with PREPARE - [0, 1]
2023-05-24 01:47:35,574 INFO 3 <---- 0 with COMMIT - [0, 1]
2023-05-24 01:47:35,589 INFO 5 <---- 2 with PREPARE - [1, 0]
2023-05-24 01:47:35,591 INFO 1 <---- 5 with COMMIT - [0, 1]
2023-05-24 01:47:35,634 INFO 6 <---- 1 with PREPARE - [0, 1]
2023-05-24 01:47:35,637 INFO 6 <---- 0 with COMMIT - [0, 1]
2023-05-24 01:47:35,639 INFO 0 <---- 6 with COMMIT - [0, 1]
2023-05-24 01:47:35,650 INFO 6 <---- 0 with PREPARE - [1, 0]
2023-05-24 01:47:35,652 INFO 2 <---- 1 with COMMIT - [1, 0]
2023-05-24 01:47:35,668 INFO 4 <---- 1 with PREPARE - [0, 1]
2023-05-24 01:47:35,670 INFO 2 <---- 0 with PREPARE - [2, 0]
2023-05-24 01:47:35,671 INFO 0 <---- 0 with COMMIT - [0, 1]
2023-05-24 01:47:35,682 INFO 1 <---- 0 with COMMIT - [0, 1]
2023-05-24 01:47:35,682 INFO @@@
2023-05-24 01:47:35,684 INFO Client [0] has received message :result, from ['127.0.0.1', 49718] with number [0, 1]
2023-05-24 01:47:35,695 INFO 4 <---- 7 with COMMIT - [0, 0]
2023-05-24 01:47:35,711 INFO 7 <---- 2 with PREPARE - [1, 0]
2023-05-24 01:47:35,726 INFO 6 <---- 0 with COMMIT - [0, 0]
2023-05-24 01:47:35,728 INFO 7 <---- 0 with COMMIT - [0, 0]
2023-05-24 01:47:35,728 INFO @@@
2023-05-24 01:47:35,730 INFO Client [0] has received message :result, from ['127.0.0.1', 49724] with number [0, 0]
2023-05-24 01:47:35,787 INFO 4 <---- 6 with COMMIT - [0, 0]
2023-05-24 01:47:35,789 INFO 7 <---- 1 with PRE_PREPARE [1, 0]
2023-05-24 01:47:35,792 INFO 0 <---- 2 with PREPARE - [1, 0]
2023-05-24 01:47:35,804 INFO 3 <---- 0 with PREPARE - [2, 0]
2023-05-24 01:47:35,805 INFO 2 <---- 0 with COMMIT - [0, 1]
2023-05-24 01:47:35,816 INFO 7 <---- 0 with COMMIT - [0, 1]
2023-05-24 01:47:35,817 INFO 7 <---- 5 with COMMIT - [0, 0]
2023-05-24 01:47:35,818 INFO 2 <---- 2 with PREPARE - [1, 0]
2023-05-24 01:47:35,820 INFO 0 <---- 1 with COMMIT - [1, 0]
2023-05-24 01:47:35,833 INFO 2 <---- 0 with PREPARE - [2, 0]
2023-05-24 01:47:35,850 INFO 3 <---- 1 with COMMIT - [1, 0]
2023-05-24 01:47:35,852 INFO 3 <---- 0 with COMMIT - [0, 1]
2023-05-24 01:47:35,853 INFO 3 <---- 2 with PREPARE - [1, 0]
2023-05-24 01:47:35,866 INFO 4 <---- 1 with PREPARE - [0, 1]
2023-05-24 01:47:35,867 INFO 6 <---- 2 with PREPARE - [1, 0]
2023-05-24 01:47:35,880 INFO 4 <---- 1 with PREPARE - [0, 1]
2023-05-24 01:47:35,882 INFO 7 <---- 1 with PREPARE - [0, 1]
2023-05-24 01:47:35,884 INFO 1 <---- 2 with PREPARE - [1, 0]
2023-05-24 01:47:35,886 INFO 0 <---- 0 with COMMIT - [0, 1]
2023-05-24 01:47:35,894 INFO 3 <---- 2 with PRE_PREPARE [2, 0]
2023-05-24 01:47:35,895 INFO 6 <---- 1 with PREPARE - [0, 1]
2023-05-24 01:47:35,896 INFO 0 <---- 0 with PREPARE - [2, 0]
2023-05-24 01:47:35,925 INFO 4 <---- 0 with COMMIT - [0, 1]
2023-05-24 01:47:35,939 INFO 2 <---- 5 with COMMIT - [0, 1]
2023-05-24 01:47:35,940 INFO @@@
2023-05-24 01:47:35,940 INFO 1 <---- 1 with COMMIT - [1, 0]
2023-05-24 01:47:35,941 INFO Client [0] has received message :result, from ['127.0.0.1', 49719] with number [0, 1]
2023-05-24 01:47:35,941 INFO Number [0, 1] has reached an agreement ! 
2023-05-24 01:47:35,956 INFO 1 <---- 6 with COMMIT - [0, 1]
2023-05-24 01:47:35,971 INFO 3 <---- 0 with PREPARE - [2, 0]
2023-05-24 01:47:35,972 INFO 5 <---- 6 with COMMIT - [0, 0]
2023-05-24 01:47:36,002 INFO 7 <---- 0 with COMMIT - [0, 0]
2023-05-24 01:47:36,003 INFO 1 <---- 0 with COMMIT - [0, 1]
2023-05-24 01:47:36,003 INFO 7 <---- 0 with PREPARE - [1, 0]
2023-05-24 01:47:36,019 INFO 4 <---- 1 with COMMIT - [1, 0]
2023-05-24 01:47:36,051 INFO 3 <---- 1 with COMMIT - [1, 0]
2023-05-24 01:47:36,065 INFO 4 <---- 0 with COMMIT - [0, 1]
2023-05-24 01:47:36,099 INFO 5 <---- 1 with PREPARE - [0, 1]
2023-05-24 01:47:36,113 INFO 1 <---- 2 with PREPARE - [1, 0]
2023-05-24 01:47:36,130 INFO 7 <---- 2 with PREPARE - [1, 0]
2023-05-24 01:47:36,146 INFO 5 <---- 2 with PREPARE - [1, 0]
2023-05-24 01:47:36,149 INFO 0 <---- 5 with COMMIT - [1, 0]
2023-05-24 01:47:36,161 INFO 1 <---- 0 with PREPARE - [2, 0]
2023-05-24 01:47:36,177 INFO 3 <---- 2 with PREPARE - [1, 0]
2023-05-24 01:47:36,179 INFO 0 <---- 1 with COMMIT - [1, 0]
2023-05-24 01:47:36,179 INFO @@@
2023-05-24 01:47:36,180 INFO Client [0] has received message :result, from ['127.0.0.1', 49717] with number [1, 0]
2023-05-24 01:47:36,181 INFO 0 <---- 3 with PRE_PREPARE [3, 0]
2023-05-24 01:47:36,182 INFO 1 <---- 0 with PREPARE - [3, 0]
2023-05-24 01:47:36,190 INFO 5 <---- 7 with COMMIT - [0, 0]
2023-05-24 01:47:36,191 INFO 4 <---- 0 with COMMIT - [0, 1]
2023-05-24 01:47:36,191 INFO @@@
2023-05-24 01:47:36,192 INFO 7 <---- 1 with PREPARE - [0, 1]
2023-05-24 01:47:36,193 INFO Client [0] has received message :result, from ['127.0.0.1', 49721] with number [0, 1]
2023-05-24 01:47:36,206 INFO 5 <---- 0 with COMMIT - [0, 1]
2023-05-24 01:47:36,256 INFO 2 <---- 6 with COMMIT - [0, 1]
2023-05-24 01:47:36,258 INFO 3 <---- 5 with COMMIT - [0, 1]
2023-05-24 01:47:36,259 INFO @@@
2023-05-24 01:47:36,261 INFO Client [0] has received message :result, from ['127.0.0.1', 49720] with number [0, 1]
2023-05-24 01:47:36,272 INFO 4 <---- 0 with PREPARE - [2, 0]
2023-05-24 01:47:36,288 INFO 2 <---- 2 with PREPARE - [1, 0]
2023-05-24 01:47:36,290 INFO 3 <---- 1 with COMMIT - [1, 0]
2023-05-24 01:47:36,304 INFO 6 <---- 1 with PREPARE - [0, 1]
2023-05-24 01:47:36,319 INFO 6 <---- 2 with PREPARE - [1, 0]
2023-05-24 01:47:36,322 INFO 5 <---- 1 with COMMIT - [1, 0]
2023-05-24 01:47:36,323 INFO 0 <---- 6 with COMMIT - [1, 0]
2023-05-24 01:47:36,333 INFO 4 <---- 0 with PREPARE - [2, 0]
2023-05-24 01:47:36,334 INFO 4 <---- 2 with PREPARE - [1, 0]
2023-05-24 01:47:36,336 INFO 4 <---- 1 with COMMIT - [1, 0]
2023-05-24 01:47:36,337 INFO 0 <---- 1 with COMMIT - [1, 0]
2023-05-24 01:47:36,350 INFO 5 <---- 1 with PREPARE - [0, 1]
2023-05-24 01:47:36,351 INFO 1 <---- 0 with COMMIT - [0, 1]
2023-05-24 01:47:36,352 INFO 1 <---- 1 with COMMIT - [1, 0]
2023-05-24 01:47:36,353 INFO 2 <---- 0 with COMMIT - [0, 1]
2023-05-24 01:47:36,364 INFO 4 <---- 3 with PRE_PREPARE [2, 0]
2023-05-24 01:47:36,366 INFO 0 <---- 0 with PREPARE - [2, 0]
2023-05-24 01:47:36,396 INFO 1 <---- 5 with COMMIT - [1, 0]
2023-05-24 01:47:36,397 INFO @@@
2023-05-24 01:47:36,400 INFO Client [0] has received message :result, from ['127.0.0.1', 49718] with number [1, 0]
2023-05-24 01:47:36,412 INFO 4 <---- 1 with COMMIT - [1, 0]
2023-05-24 01:47:36,414 INFO 7 <---- 6 with COMMIT - [0, 0]
2023-05-24 01:47:36,430 INFO 6 <---- 7 with COMMIT - [0, 0]
2023-05-24 01:47:36,432 INFO 5 <---- 0 with COMMIT - [0, 1]
2023-05-24 01:47:36,434 INFO 2 <---- 0 with PREPARE - [2, 0]
2023-05-24 01:47:36,460 INFO 3 <---- 6 with COMMIT - [0, 1]
2023-05-24 01:47:36,462 INFO 5 <---- 0 with PREPARE - [2, 0]
2023-05-24 01:47:36,475 INFO 1 <---- 6 with COMMIT - [1, 0]
2023-05-24 01:47:36,490 INFO 2 <---- 2 with PREPARE - [1, 0]
2023-05-24 01:47:36,492 INFO 2 <---- 0 with PREPARE - [3, 0]
2023-05-24 01:47:36,536 INFO 2 <---- 0 with COMMIT - [0, 1]
2023-05-24 01:47:36,538 INFO 1 <---- 1 with COMMIT - [1, 0]
2023-05-24 01:47:36,539 INFO 2 <---- 5 with COMMIT - [1, 0]
2023-05-24 01:47:36,566 INFO 1 <---- 3 with PRE_PREPARE [3, 0]
2023-05-24 01:47:36,569 INFO 0 <---- 0 with PREPARE - [3, 0]
2023-05-24 01:47:36,615 INFO 1 <---- 0 with PREPARE - [2, 0]
2023-05-24 01:47:36,616 INFO 6 <---- 0 with COMMIT - [0, 1]
2023-05-24 01:47:36,628 INFO 5 <---- 0 with PREPARE - [2, 0]
2023-05-24 01:47:36,646 INFO 5 <---- 0 with COMMIT - [0, 1]
2023-05-24 01:47:36,647 INFO @@@
2023-05-24 01:47:36,649 INFO 3 <---- 0 with COMMIT - [0, 1]
2023-05-24 01:47:36,650 INFO 6 <---- 0 with PREPARE - [2, 0]
2023-05-24 01:47:36,652 INFO Client [0] has received message :result, from ['127.0.0.1', 49722] with number [0, 1]
2023-05-24 01:47:36,662 INFO 7 <---- 2 with PREPARE - [1, 0]
2023-05-24 01:47:36,664 INFO 3 <---- 5 with COMMIT - [1, 0]
2023-05-24 01:47:36,665 INFO @@@
2023-05-24 01:47:36,666 INFO 6 <---- 1 with COMMIT - [1, 0]
2023-05-24 01:47:36,668 INFO 0 <---- 7 with COMMIT - [1, 0]
2023-05-24 01:47:36,670 INFO Client [0] has received message :result, from ['127.0.0.1', 49720] with number [1, 0]
2023-05-24 01:47:36,670 INFO Number [1, 0] has reached an agreement ! 
2023-05-24 01:47:36,676 INFO 5 <---- 1 with COMMIT - [1, 0]
2023-05-24 01:47:36,710 INFO 2 <---- 6 with COMMIT - [1, 0]
2023-05-24 01:47:36,711 INFO @@@
2023-05-24 01:47:36,713 INFO Client [0] has received message :result, from ['127.0.0.1', 49719] with number [1, 0]
2023-05-24 01:47:36,724 INFO 2 <---- 1 with COMMIT - [1, 0]
2023-05-24 01:47:36,726 INFO 5 <---- 3 with PRE_PREPARE [2, 0]
2023-05-24 01:47:36,729 INFO 0 <---- 0 with PREPARE - [2, 0]
2023-05-24 01:47:36,731 INFO 1 <---- 0 with COMMIT - [2, 0]
2023-05-24 01:47:36,740 INFO 5 <---- 1 with COMMIT - [1, 0]
2023-05-24 01:47:36,742 INFO 7 <---- 1 with PREPARE - [0, 1]
2023-05-24 01:47:36,743 INFO 3 <---- 2 with PREPARE - [1, 0]
2023-05-24 01:47:36,755 INFO 4 <---- 5 with COMMIT - [0, 1]
2023-05-24 01:47:36,770 INFO 2 <---- 0 with PREPARE - [2, 0]
2023-05-24 01:47:36,773 INFO 0 <---- 2 with COMMIT - [2, 0]
2023-05-24 01:47:36,787 INFO 5 <---- 0 with COMMIT - [0, 1]
2023-05-24 01:47:36,801 INFO 6 <---- 2 with PREPARE - [1, 0]
2023-05-24 01:47:36,816 INFO 3 <---- 2 with PREPARE - [1, 0]
2023-05-24 01:47:36,817 INFO 7 <---- 0 with PREPARE - [2, 0]
2023-05-24 01:47:36,832 INFO 6 <---- 0 with PREPARE - [2, 0]
2023-05-24 01:47:36,847 INFO 2 <---- 1 with COMMIT - [1, 0]
2023-05-24 01:47:36,848 INFO 3 <---- 0 with PREPARE - [3, 0]
2023-05-24 01:47:36,863 INFO 6 <---- 0 with COMMIT - [0, 1]
2023-05-24 01:47:36,879 INFO 4 <---- 0 with PREPARE - [2, 0]
2023-05-24 01:47:36,881 INFO 1 <---- 7 with COMMIT - [1, 0]
2023-05-24 01:47:36,899 INFO 0 <---- 4 with PRE_PREPARE [3, 1]
2023-05-24 01:47:36,902 INFO 1 <---- 0 with PREPARE - [3, 1]
2023-05-24 01:47:36,927 INFO 6 <---- 5 with COMMIT - [0, 1]
2023-05-24 01:47:36,929 INFO @@@
2023-05-24 01:47:36,931 INFO 4 <---- 6 with COMMIT - [0, 1]
2023-05-24 01:47:36,932 INFO Client [0] has received message :result, from ['127.0.0.1', 49723] with number [0, 1]
2023-05-24 01:47:36,957 INFO 6 <---- 1 with COMMIT - [1, 0]
2023-05-24 01:47:36,958 INFO 3 <---- 6 with COMMIT - [1, 0]
2023-05-24 01:47:36,972 INFO 7 <---- 2 with PREPARE - [1, 0]
2023-05-24 01:47:37,004 INFO 6 <---- 3 with PRE_PREPARE [2, 0]
2023-05-24 01:47:37,006 INFO 4 <---- 5 with COMMIT - [1, 0]
2023-05-24 01:47:37,006 INFO @@@
2023-05-24 01:47:37,007 INFO 0 <---- 0 with PREPARE - [2, 0]
2023-05-24 01:47:37,008 INFO Client [0] has received message :result, from ['127.0.0.1', 49721] with number [1, 0]
2023-05-24 01:47:37,045 INFO 3 <---- 0 with COMMIT - [0, 1]
2023-05-24 01:47:37,047 INFO 6 <---- 1 with COMMIT - [1, 0]
2023-05-24 01:47:37,049 INFO 4 <---- 2 with PREPARE - [1, 0]
2023-05-24 01:47:37,056 INFO 2 <---- 4 with PRE_PREPARE [3, 0]
2023-05-24 01:47:37,057 INFO 0 <---- 0 with PREPARE - [3, 0]
2023-05-24 01:47:37,067 INFO 2 <---- 0 with PREPARE - [3, 0]
2023-05-24 01:47:37,068 INFO 4 <---- 1 with COMMIT - [1, 0]
2023-05-24 01:47:37,080 INFO 5 <---- 0 with PREPARE - [2, 0]
2023-05-24 01:47:37,082 INFO 2 <---- 0 with COMMIT - [2, 0]
2023-05-24 01:47:37,095 INFO 4 <---- 2 with PREPARE - [1, 0]
2023-05-24 01:47:37,096 INFO 7 <---- 1 with COMMIT - [1, 0]
2023-05-24 01:47:37,096 INFO 6 <---- 0 with COMMIT - [0, 1]
2023-05-24 01:47:37,097 INFO 7 <---- 1 with COMMIT - [1, 0]
2023-05-24 01:47:37,111 INFO 7 <---- 0 with COMMIT - [0, 1]
2023-05-24 01:47:37,127 INFO 6 <---- 0 with COMMIT - [0, 1]
2023-05-24 01:47:37,128 INFO 3 <---- 0 with PREPARE - [2, 0]
2023-05-24 01:47:37,160 INFO 4 <---- 6 with COMMIT - [1, 0]
2023-05-24 01:47:37,177 INFO 4 <---- 0 with PREPARE - [3, 0]
2023-05-24 01:47:37,190 INFO 1 <---- 0 with PREPARE - [2, 0]
2023-05-24 01:47:37,193 INFO 0 <---- 0 with COMMIT - [2, 0]
2023-05-24 01:47:37,206 INFO 2 <---- 0 with PREPARE - [3, 1]
2023-05-24 01:47:37,209 INFO 5 <---- 1 with COMMIT - [1, 0]
2023-05-24 01:47:37,209 INFO @@@
2023-05-24 01:47:37,211 INFO Client [0] has received message :result, from ['127.0.0.1', 49722] with number [1, 0]
2023-05-24 01:47:37,220 INFO 7 <---- 0 with COMMIT - [0, 1]
2023-05-24 01:47:37,237 INFO 7 <---- 1 with COMMIT - [1, 0]
2023-05-24 01:47:37,253 INFO 5 <---- 2 with PREPARE - [1, 0]
2023-05-24 01:47:37,255 INFO 5 <---- 0 with PREPARE - [2, 0]
2023-05-24 01:47:37,257 INFO 0 <---- 5 with COMMIT - [2, 0]
2023-05-24 01:47:37,268 INFO 7 <---- 5 with COMMIT - [0, 1]
2023-05-24 01:47:37,270 INFO @@@
2023-05-24 01:47:37,271 INFO 1 <---- 2 with COMMIT - [2, 0]
2023-05-24 01:47:37,272 INFO Client [0] has received message :result, from ['127.0.0.1', 49724] with number [0, 1]
2023-05-24 01:47:37,283 INFO 3 <---- 1 with COMMIT - [1, 0]
2023-05-24 01:47:37,316 INFO 7 <---- 0 with PREPARE - [2, 0]
2023-05-24 01:47:37,331 INFO 1 <---- 0 with PREPARE - [2, 0]
2023-05-24 01:47:37,333 INFO 6 <---- 0 with PREPARE - [2, 0]
2023-05-24 01:47:37,347 INFO 7 <---- 0 with COMMIT - [0, 1]
2023-05-24 01:47:37,379 INFO 7 <---- 3 with PRE_PREPARE [2, 0]
2023-05-24 01:47:37,382 INFO 1 <---- 4 with PRE_PREPARE [3, 1]
2023-05-24 01:47:37,383 INFO 2 <---- 7 with COMMIT - [1, 0]
2023-05-24 01:47:37,385 INFO 0 <---- 0 with PREPARE - [2, 0]
2023-05-24 01:47:37,386 INFO 0 <---- 0 with PREPARE - [3, 1]
2023-05-24 01:47:37,406 INFO 5 <---- 6 with COMMIT - [0, 1]
2023-05-24 01:47:37,408 INFO 5 <---- 6 with COMMIT - [1, 0]
2023-05-24 01:47:37,423 INFO 2 <---- 0 with COMMIT - [2, 0]
2023-05-24 01:47:37,438 INFO 6 <---- 5 with COMMIT - [1, 0]
2023-05-24 01:47:37,439 INFO @@@
2023-05-24 01:47:37,441 INFO Client [0] has received message :result, from ['127.0.0.1', 49723] with number [1, 0]
2023-05-24 01:47:37,453 INFO 3 <---- 0 with PREPARE - [3, 1]
2023-05-24 01:47:37,468 INFO 3 <---- 0 with PREPARE - [3, 0]
2023-05-24 01:47:37,486 INFO 3 <---- 0 with COMMIT - [2, 0]
2023-05-24 01:47:37,488 INFO 4 <---- 0 with COMMIT - [0, 1]
2023-05-24 01:47:37,500 INFO 5 <---- 2 with PREPARE - [1, 0]
2023-05-24 01:47:37,516 INFO 1 <---- 0 with PREPARE - [3, 0]
2023-05-24 01:47:37,532 INFO 2 <---- 4 with PRE_PREPARE [3, 1]
2023-05-24 01:47:37,534 INFO 4 <---- 3 with PRE_PREPARE [3, 0]
2023-05-24 01:47:37,536 INFO 0 <---- 0 with PREPARE - [3, 1]
2023-05-24 01:47:37,538 INFO 0 <---- 0 with PREPARE - [3, 0]
2023-05-24 01:47:37,547 INFO 2 <---- 0 with PREPARE - [3, 1]
2023-05-24 01:47:37,563 INFO 6 <---- 0 with PREPARE - [2, 0]
2023-05-24 01:47:37,567 INFO 0 <---- 6 with COMMIT - [2, 0]
2023-05-24 01:47:37,568 INFO @@@
2023-05-24 01:47:37,569 INFO Client [0] has received message :result, from ['127.0.0.1', 49717] with number [2, 0]
2023-05-24 01:47:37,578 INFO 3 <---- 0 with COMMIT - [2, 0]
2023-05-24 01:47:37,580 INFO 5 <---- 0 with PREPARE - [3, 0]
2023-05-24 01:47:37,581 INFO 1 <---- 5 with COMMIT - [2, 0]
2023-05-24 01:47:37,595 INFO 7 <---- 0 with COMMIT - [0, 1]
2023-05-24 01:47:37,597 INFO 2 <---- 0 with PREPARE - [2, 0]
2023-05-24 01:47:37,609 INFO 4 <---- 0 with PREPARE - [3, 1]
2023-05-24 01:47:37,655 INFO 7 <---- 0 with PREPARE - [2, 0]
2023-05-24 01:47:37,671 INFO 3 <---- 2 with COMMIT - [2, 0]
2023-05-24 01:47:37,687 INFO 1 <---- 6 with COMMIT - [2, 0]
2023-05-24 01:47:37,688 INFO @@@
2023-05-24 01:47:37,691 INFO Client [0] has received message :result, from ['127.0.0.1', 49718] with number [2, 0]
2023-05-24 01:47:37,702 INFO 5 <---- 1 with COMMIT - [1, 0]
2023-05-24 01:47:37,705 INFO 6 <---- 1 with COMMIT - [1, 0]
2023-05-24 01:47:37,717 INFO 7 <---- 6 with COMMIT - [1, 0]
2023-05-24 01:47:37,718 INFO @@@
2023-05-24 01:47:37,720 INFO 7 <---- 2 with PREPARE - [1, 0]
2023-05-24 01:47:37,721 INFO Client [0] has received message :result, from ['127.0.0.1', 49724] with number [1, 0]
2023-05-24 01:47:37,732 INFO 3 <---- 7 with COMMIT - [1, 0]
2023-05-24 01:47:37,779 INFO 1 <---- 0 with PREPARE - [3, 0]
2023-05-24 01:47:37,781 INFO 6 <---- 2 with PREPARE - [1, 0]
2023-05-24 01:47:37,783 INFO 7 <---- 0 with PREPARE - [2, 0]
2023-05-24 01:47:37,786 INFO 0 <---- 7 with COMMIT - [2, 0]
2023-05-24 01:47:37,794 INFO 1 <---- 0 with PREPARE - [2, 0]
2023-05-24 01:47:37,796 INFO 2 <---- 0 with PREPARE - [2, 0]
2023-05-24 01:47:37,810 INFO 1 <---- 0 with PREPARE - [3, 1]
2023-05-24 01:47:37,825 INFO 7 <---- 6 with COMMIT - [0, 1]
2023-05-24 01:47:37,827 INFO 4 <---- 0 with PREPARE - [3, 0]
2023-05-24 01:47:37,841 INFO 5 <---- 0 with PREPARE - [3, 1]
2023-05-24 01:47:37,843 INFO 7 <---- 5 with COMMIT - [1, 0]
2023-05-24 01:47:37,845 INFO 3 <---- 0 with PREPARE - [3, 0]
2023-05-24 01:47:37,846 INFO 5 <---- 0 with COMMIT - [0, 1]
2023-05-24 01:47:37,857 INFO 6 <---- 1 with COMMIT - [1, 0]
2023-05-24 01:47:37,870 INFO 4 <---- 0 with COMMIT - [2, 0]
2023-05-24 01:47:37,871 INFO 4 <---- 0 with COMMIT - [2, 0]
2023-05-24 01:47:37,887 INFO 2 <---- 0 with PREPARE - [3, 0]
2023-05-24 01:47:37,888 INFO 3 <---- 0 with PREPARE - [3, 1]
2023-05-24 01:47:37,904 INFO 6 <---- 0 with PREPARE - [3, 0]
2023-05-24 01:47:37,906 INFO 2 <---- 5 with COMMIT - [2, 0]
2023-05-24 01:47:37,913 INFO 0 <---- 4 with PRE_PREPARE [3, 2]
2023-05-24 01:47:37,914 INFO 1 <---- 0 with PREPARE - [3, 2]
2023-05-24 01:47:37,917 INFO 3 <---- 0 with PREPARE - [2, 0]
2023-05-24 01:47:37,918 INFO 0 <---- 0 with COMMIT - [2, 0]
2023-05-24 01:47:37,950 INFO 4 <---- 7 with COMMIT - [1, 0]
2023-05-24 01:47:37,965 INFO 4 <---- 3 with PRE_PREPARE [3, 1]
2023-05-24 01:47:37,968 INFO 6 <---- 0 with PREPARE - [3, 1]
2023-05-24 01:47:37,969 INFO 0 <---- 0 with PREPARE - [3, 1]
2023-05-24 01:47:38,011 INFO 7 <---- 1 with COMMIT - [1, 0]
2023-05-24 01:47:38,013 INFO 2 <---- 6 with COMMIT - [2, 0]
2023-05-24 01:47:38,013 INFO @@@
2023-05-24 01:47:38,016 INFO Client [0] has received message :result, from ['127.0.0.1', 49719] with number [2, 0]
2023-05-24 01:47:38,016 INFO Number [2, 0] has reached an agreement ! 
2023-05-24 01:47:38,045 INFO 4 <---- 0 with PREPARE - [3, 0]
2023-05-24 01:47:38,047 INFO 5 <---- 4 with PRE_PREPARE [3, 0]
2023-05-24 01:47:38,049 INFO 7 <---- 1 with COMMIT - [1, 0]
2023-05-24 01:47:38,050 INFO 0 <---- 0 with PREPARE - [3, 0]
2023-05-24 01:47:38,052 INFO 1 <---- 0 with COMMIT - [3, 0]
2023-05-24 01:47:38,072 INFO 1 <---- 7 with COMMIT - [2, 0]
2023-05-24 01:47:38,089 INFO 4 <---- 2 with COMMIT - [2, 0]
2023-05-24 01:47:38,091 INFO 3 <---- 0 with PREPARE - [2, 0]
2023-05-24 01:47:38,121 INFO 5 <---- 0 with COMMIT - [2, 0]
2023-05-24 01:47:38,135 INFO 2 <---- 0 with PREPARE - [3, 2]
2023-05-24 01:47:38,150 INFO 1 <---- 0 with PREPARE - [3, 1]
2023-05-24 01:47:38,166 INFO 7 <---- 0 with PREPARE - [3, 0]
2023-05-24 01:47:38,168 INFO 4 <---- 0 with PREPARE - [3, 1]
2023-05-24 01:47:38,182 INFO 3 <---- 0 with PREPARE - [3, 0]
2023-05-24 01:47:38,185 INFO 0 <---- 3 with COMMIT - [3, 0]
2023-05-24 01:47:38,225 INFO 5 <---- 4 with PRE_PREPARE [3, 1]
2023-05-24 01:47:38,227 INFO 0 <---- 0 with PREPARE - [3, 1]
2023-05-24 01:47:38,228 INFO 1 <---- 0 with COMMIT - [3, 1]
2023-05-24 01:47:38,241 INFO 3 <---- 6 with COMMIT - [2, 0]
2023-05-24 01:47:38,241 INFO @@@
2023-05-24 01:47:38,242 INFO 2 <---- 0 with PREPARE - [2, 0]
2023-05-24 01:47:38,243 INFO Client [0] has received message :result, from ['127.0.0.1', 49720] with number [2, 0]
2023-05-24 01:47:38,257 INFO 3 <---- 0 with PREPARE - [3, 2]
2023-05-24 01:47:38,257 INFO 5 <---- 2 with COMMIT - [2, 0]
2023-05-24 01:47:38,258 INFO 6 <---- 0 with COMMIT - [2, 0]
2023-05-24 01:47:38,274 INFO 5 <---- 0 with PREPARE - [3, 0]
2023-05-24 01:47:38,291 INFO 4 <---- 0 with PREPARE - [2, 0]
2023-05-24 01:47:38,294 INFO 3 <---- 0 with PREPARE - [3, 1]
2023-05-24 01:47:38,295 INFO 4 <---- 0 with PREPARE - [2, 0]
2023-05-24 01:47:38,297 INFO 0 <---- 0 with COMMIT - [2, 0]
2023-05-24 01:47:38,306 INFO 6 <---- 4 with PRE_PREPARE [3, 0]
2023-05-24 01:47:38,307 INFO 1 <---- 4 with PRE_PREPARE [3, 2]
2023-05-24 01:47:38,309 INFO 0 <---- 0 with PREPARE - [3, 0]
2023-05-24 01:47:38,310 INFO 0 <---- 0 with PREPARE - [3, 2]
2023-05-24 01:47:38,320 INFO 6 <---- 0 with COMMIT - [0, 1]
2023-05-24 01:47:38,322 INFO 2 <---- 7 with COMMIT - [2, 0]
2023-05-24 01:47:38,336 INFO 3 <---- 5 with COMMIT - [2, 0]
2023-05-24 01:47:38,351 INFO 5 <---- 0 with COMMIT - [2, 0]
2023-05-24 01:47:38,352 INFO 1 <---- 0 with PREPARE - [3, 0]
2023-05-24 01:47:38,354 INFO 0 <---- 0 with COMMIT - [3, 0]
2023-05-24 01:47:38,367 INFO 5 <---- 0 with PREPARE - [3, 0]
2023-05-24 01:47:38,383 INFO 1 <---- 0 with PREPARE - [3, 1]
2023-05-24 01:47:38,385 INFO 4 <---- 0 with PREPARE - [3, 2]
2023-05-24 01:47:38,387 INFO 4 <---- 6 with COMMIT - [2, 0]
2023-05-24 01:47:38,387 INFO @@@
2023-05-24 01:47:38,390 INFO 0 <---- 0 with COMMIT - [3, 1]
2023-05-24 01:47:38,390 INFO Client [0] has received message :result, from ['127.0.0.1', 49721] with number [2, 0]
2023-05-24 01:47:38,399 INFO 1 <---- 0 with COMMIT - [2, 0]
2023-05-24 01:47:38,414 INFO 6 <---- 0 with PREPARE - [3, 0]
2023-05-24 01:47:38,447 INFO 5 <---- 7 with COMMIT - [1, 0]
2023-05-24 01:47:38,449 INFO 7 <---- 0 with PREPARE - [3, 1]
2023-05-24 01:47:38,462 INFO 2 <---- 4 with PRE_PREPARE [3, 2]
2023-05-24 01:47:38,465 INFO 0 <---- 0 with PREPARE - [3, 2]
2023-05-24 01:47:38,493 INFO 3 <---- 7 with COMMIT - [2, 0]
2023-05-24 01:47:38,509 INFO 7 <---- 4 with PRE_PREPARE [3, 0]
2023-05-24 01:47:38,511 INFO 2 <---- 0 with PREPARE - [3, 1]
2023-05-24 01:47:38,512 INFO 0 <---- 0 with PREPARE - [3, 0]
2023-05-24 01:47:38,522 INFO 4 <---- 0 with PREPARE - [3, 1]
2023-05-24 01:47:38,539 INFO 2 <---- 0 with COMMIT - [3, 0]
2023-05-24 01:47:38,554 INFO 1 <---- 3 with COMMIT - [3, 0]
2023-05-24 01:47:38,556 INFO 5 <---- 0 with PREPARE - [2, 0]
2023-05-24 01:47:38,557 INFO 2 <---- 0 with PREPARE - [3, 1]
2023-05-24 01:47:38,559 INFO 0 <---- 2 with COMMIT - [3, 1]
2023-05-24 01:47:38,569 INFO 6 <---- 4 with PRE_PREPARE [3, 1]
2023-05-24 01:47:38,571 INFO 0 <---- 0 with PREPARE - [3, 1]
2023-05-24 01:47:38,583 INFO 1 <---- 0 with COMMIT - [2, 0]
2023-05-24 01:47:38,600 INFO 5 <---- 0 with PREPARE - [3, 0]
2023-05-24 01:47:38,603 INFO 0 <---- 5 with COMMIT - [3, 0]
2023-05-24 01:47:38,615 INFO 6 <---- 2 with COMMIT - [2, 0]
2023-05-24 01:47:38,617 INFO 5 <---- 0 with PREPARE - [3, 2]
2023-05-24 01:47:38,645 INFO 5 <---- 6 with COMMIT - [2, 0]
2023-05-24 01:47:38,646 INFO @@@
2023-05-24 01:47:38,649 INFO Client [0] has received message :result, from ['127.0.0.1', 49722] with number [2, 0]
2023-05-24 01:47:38,661 INFO 5 <---- 0 with PREPARE - [3, 1]
2023-05-24 01:47:38,677 INFO 1 <---- 0 with PREPARE - [3, 0]
2023-05-24 01:47:38,709 INFO 7 <---- 0 with COMMIT - [2, 0]
2023-05-24 01:47:38,711 INFO 2 <---- 0 with PREPARE - [3, 2]
2023-05-24 01:47:38,712 INFO 7 <---- 0 with PREPARE - [3, 0]
2023-05-24 01:47:38,724 INFO 3 <---- 0 with PREPARE - [2, 0]
2023-05-24 01:47:38,726 INFO 6 <---- 0 with COMMIT - [2, 0]
2023-05-24 01:47:38,728 INFO 2 <---- 0 with COMMIT - [3, 1]
2023-05-24 01:47:38,739 INFO 1 <---- 5 with COMMIT - [3, 0]
2023-05-24 01:47:38,768 INFO 2 <---- 0 with COMMIT - [3, 0]
2023-05-24 01:47:38,769 INFO 6 <---- 7 with COMMIT - [1, 0]
2023-05-24 01:47:38,771 INFO 6 <---- 0 with PREPARE - [2, 0]
2023-05-24 01:47:38,784 INFO 2 <---- 0 with COMMIT - [2, 0]
2023-05-24 01:47:38,786 INFO 2 <---- 3 with COMMIT - [3, 0]
2023-05-24 01:47:38,799 INFO 2 <---- 0 with COMMIT - [3, 1]
2023-05-24 01:47:38,800 INFO 1 <---- 2 with COMMIT - [3, 1]
2023-05-24 01:47:38,814 INFO 6 <---- 0 with PREPARE - [3, 0]
2023-05-24 01:47:38,815 INFO 2 <---- 0 with PREPARE - [3, 0]
2023-05-24 01:47:38,817 INFO 0 <---- 0 with COMMIT - [3, 0]
2023-05-24 01:47:38,818 INFO @@@
2023-05-24 01:47:38,819 INFO Client [0] has received message :result, from ['127.0.0.1', 49717] with number [3, 0]
2023-05-24 01:47:38,828 INFO 6 <---- 0 with PREPARE - [3, 2]
2023-05-24 01:47:38,830 INFO 4 <---- 5 with COMMIT - [2, 0]
2023-05-24 01:47:38,844 INFO 5 <---- 0 with PREPARE - [3, 1]
2023-05-24 01:47:38,876 INFO 4 <---- 0 with PREPARE - [2, 0]
2023-05-24 01:47:38,878 INFO 2 <---- 5 with COMMIT - [3, 0]
2023-05-24 01:47:38,879 INFO @@@
2023-05-24 01:47:38,881 INFO 7 <---- 0 with PREPARE - [2, 0]
2023-05-24 01:47:38,882 INFO 7 <---- 4 with PRE_PREPARE [3, 1]
2023-05-24 01:47:38,884 INFO Client [0] has received message :result, from ['127.0.0.1', 49719] with number [3, 0]
2023-05-24 01:47:38,885 INFO 0 <---- 0 with PREPARE - [3, 1]
2023-05-24 01:47:38,891 INFO 1 <---- 0 with PREPARE - [3, 0]
2023-05-24 01:47:38,893 INFO 1 <---- 0 with PREPARE - [3, 2]
2023-05-24 01:47:38,905 INFO 2 <---- 0 with COMMIT - [2, 0]
2023-05-24 01:47:38,908 INFO 0 <---- 6 with PRE_PREPARE [4, 0]
2023-05-24 01:47:38,910 INFO 1 <---- 0 with PREPARE - [4, 0]
2023-05-24 01:47:38,921 INFO 4 <---- 4 with PRE_PREPARE [3, 2]
2023-05-24 01:47:38,922 INFO 6 <---- 0 with PREPARE - [3, 1]
2023-05-24 01:47:38,922 INFO 1 <---- 0 with PREPARE - [3, 1]
2023-05-24 01:47:38,923 INFO 3 <---- 0 with PREPARE - [3, 1]
2023-05-24 01:47:38,923 INFO 3 <---- 0 with COMMIT - [3, 1]
2023-05-24 01:47:38,924 INFO 0 <---- 0 with PREPARE - [3, 2]
2023-05-24 01:47:38,924 INFO 0 <---- 3 with COMMIT - [3, 1]
2023-05-24 01:47:38,938 INFO 4 <---- 7 with COMMIT - [2, 0]
2023-05-24 01:47:38,953 INFO 3 <---- 0 with PREPARE - [3, 1]
2023-05-24 01:47:38,954 INFO 3 <---- 0 with COMMIT - [3, 0]
2023-05-24 01:47:38,984 INFO 6 <---- 0 with PREPARE - [3, 1]
2023-05-24 01:47:39,031 INFO 3 <---- 0 with COMMIT - [3, 0]
2023-05-24 01:47:39,033 INFO 3 <---- 0 with PREPARE - [3, 0]
2023-05-24 01:47:39,034 INFO 7 <---- 6 with COMMIT - [2, 0]
2023-05-24 01:47:39,046 INFO 3 <---- 2 with COMMIT - [3, 1]
2023-05-24 01:47:39,047 INFO 5 <---- 0 with PREPARE - [2, 0]
2023-05-24 01:47:39,062 INFO 7 <---- 0 with PREPARE - [3, 0]
2023-05-24 01:47:39,064 INFO 6 <---- 0 with PREPARE - [3, 0]
2023-05-24 01:47:39,067 INFO 0 <---- 6 with COMMIT - [3, 0]
2023-05-24 01:47:39,085 INFO 1 <---- 0 with PREPARE - [3, 2]
2023-05-24 01:47:39,087 INFO 2 <---- 0 with PREPARE - [3, 0]
2023-05-24 01:47:39,096 INFO 7 <---- 0 with COMMIT - [2, 0]
2023-05-24 01:47:39,097 INFO 3 <---- 0 with COMMIT - [2, 0]
2023-05-24 01:47:39,107 INFO 7 <---- 0 with PREPARE - [2, 0]
2023-05-24 01:47:39,108 INFO 1 <---- 0 with COMMIT - [3, 0]
2023-05-24 01:47:39,108 INFO @@@
2023-05-24 01:47:39,113 INFO 7 <---- 2 with COMMIT - [2, 0]
2023-05-24 01:47:39,113 INFO @@@
2023-05-24 01:47:39,114 INFO Client [0] has received message :result, from ['127.0.0.1', 49718] with number [3, 0]
2023-05-24 01:47:39,114 INFO Number [3, 0] has reached an agreement ! 
2023-05-24 01:47:39,115 INFO Client [0] has received message :result, from ['127.0.0.1', 49724] with number [2, 0]
2023-05-24 01:47:39,153 INFO 7 <---- 0 with PREPARE - [3, 2]
2023-05-24 01:47:39,154 INFO 1 <---- 6 with PRE_PREPARE [4, 0]
2023-05-24 01:47:39,155 INFO 4 <---- 0 with COMMIT - [2, 0]
2023-05-24 01:47:39,156 INFO 3 <---- 0 with COMMIT - [3, 1]
2023-05-24 01:47:39,157 INFO 0 <---- 0 with PREPARE - [4, 0]
2023-05-24 01:47:39,169 INFO 4 <---- 2 with COMMIT - [3, 1]
2023-05-24 01:47:39,170 INFO 7 <---- 0 with PREPARE - [3, 1]
2023-05-24 01:47:39,171 INFO 3 <---- 0 with PREPARE - [3, 2]
2023-05-24 01:47:39,172 INFO 1 <---- 0 with PREPARE - [3, 1]
2023-05-24 01:47:39,219 INFO 2 <---- 0 with PREPARE - [3, 0]
2023-05-24 01:47:39,221 INFO 7 <---- 0 with PREPARE - [3, 1]
2023-05-24 01:47:39,222 INFO 3 <---- 5 with COMMIT - [3, 0]
2023-05-24 01:47:39,234 INFO 4 <---- 0 with PREPARE - [3, 1]
2023-05-24 01:47:39,237 INFO 0 <---- 2 with COMMIT - [3, 1]
2023-05-24 01:47:39,238 INFO @@@
2023-05-24 01:47:39,240 INFO Client [0] has received message :result, from ['127.0.0.1', 49717] with number [3, 1]
2023-05-24 01:47:39,265 INFO 4 <---- 0 with PREPARE - [3, 0]
2023-05-24 01:47:39,268 INFO 6 <---- 0 with PREPARE - [2, 0]
2023-05-24 01:47:39,270 INFO 4 <---- 3 with COMMIT - [3, 0]
2023-05-24 01:47:39,272 INFO 0 <---- 4 with COMMIT - [3, 0]
2023-05-24 01:47:39,281 INFO 7 <---- 0 with PREPARE - [3, 0]
2023-05-24 01:47:39,284 INFO 0 <---- 7 with COMMIT - [3, 0]
2023-05-24 01:47:39,297 INFO 5 <---- 5 with PRE_PREPARE [3, 2]
2023-05-24 01:47:39,299 INFO 4 <---- 0 with COMMIT - [3, 1]
2023-05-24 01:47:39,301 INFO 0 <---- 0 with PREPARE - [3, 2]
2023-05-24 01:47:39,303 INFO 1 <---- 0 with COMMIT - [3, 2]
2023-05-24 01:47:39,312 INFO 5 <---- 2 with COMMIT - [3, 1]
2023-05-24 01:47:39,314 INFO 6 <---- 5 with COMMIT - [2, 0]
2023-05-24 01:47:39,314 INFO @@@
2023-05-24 01:47:39,316 INFO Client [0] has received message :result, from ['127.0.0.1', 49723] with number [2, 0]
2023-05-24 01:47:39,327 INFO 3 <---- 0 with PREPARE - [3, 0]
2023-05-24 01:47:39,344 INFO 2 <---- 0 with PREPARE - [4, 0]
2023-05-24 01:47:39,346 INFO 2 <---- 0 with PREPARE - [3, 1]
2023-05-24 01:47:39,346 INFO 3 <---- 0 with PREPARE - [3, 2]
2023-05-24 01:47:39,349 INFO 4 <---- 0 with COMMIT - [3, 0]
2023-05-24 01:47:39,391 INFO 5 <---- 0 with PREPARE - [3, 1]
2023-05-24 01:47:39,395 INFO 0 <---- 2 with COMMIT - [3, 1]
2023-05-24 01:47:39,406 INFO 2 <---- 0 with PREPARE - [3, 1]
2023-05-24 01:47:39,407 INFO 6 <---- 0 with PREPARE - [3, 1]
2023-05-24 01:47:39,410 INFO 0 <---- 6 with COMMIT - [3, 1]
2023-05-24 01:47:39,421 INFO 5 <---- 0 with COMMIT - [2, 0]
2023-05-24 01:47:39,423 INFO 1 <---- 6 with COMMIT - [3, 0]
2023-05-24 01:47:39,424 INFO 1 <---- 3 with COMMIT - [3, 1]
2023-05-24 01:47:39,436 INFO 5 <---- 7 with COMMIT - [2, 0]
2023-05-24 01:47:39,438 INFO 5 <---- 3 with COMMIT - [3, 0]
2023-05-24 01:47:39,452 INFO 4 <---- 0 with PREPARE - [3, 0]
2023-05-24 01:47:39,469 INFO 2 <---- 0 with COMMIT - [3, 2]
2023-05-24 01:47:39,499 INFO 3 <---- 0 with COMMIT - [3, 0]
2023-05-24 01:47:39,500 INFO @@@
2023-05-24 01:47:39,503 INFO Client [0] has received message :result, from ['127.0.0.1', 49720] with number [3, 0]
2023-05-24 01:47:39,512 INFO 1 <---- 7 with COMMIT - [3, 0]
2023-05-24 01:47:39,527 INFO 4 <---- 0 with COMMIT - [3, 0]
2023-05-24 01:47:39,527 INFO 4 <---- 0 with COMMIT - [3, 1]
2023-05-24 01:47:39,542 INFO 2 <---- 0 with PREPARE - [4, 0]
2023-05-24 01:47:39,543 INFO 5 <---- 0 with COMMIT - [2, 0]
2023-05-24 01:47:39,558 INFO 2 <---- 3 with COMMIT - [3, 1]
2023-05-24 01:47:39,558 INFO 2 <---- 6 with PRE_PREPARE [4, 0]
2023-05-24 01:47:39,559 INFO 5 <---- 0 with COMMIT - [3, 0]
2023-05-24 01:47:39,560 INFO 6 <---- 6 with PRE_PREPARE [3, 2]
2023-05-24 01:47:39,560 INFO 7 <---- 5 with COMMIT - [2, 0]
2023-05-24 01:47:39,560 INFO 0 <---- 0 with PREPARE - [4, 0]
2023-05-24 01:47:39,561 INFO 0 <---- 0 with PREPARE - [3, 2]
2023-05-24 01:47:39,573 INFO 1 <---- 2 with COMMIT - [3, 1]
2023-05-24 01:47:39,573 INFO @@@
2023-05-24 01:47:39,574 INFO Client [0] has received message :result, from ['127.0.0.1', 49718] with number [3, 1]
2023-05-24 01:47:39,588 INFO 3 <---- 0 with PREPARE - [3, 0]
2023-05-24 01:47:39,589 INFO 2 <---- 0 with PREPARE - [3, 2]
2023-05-24 01:47:39,604 INFO 1 <---- 2 with COMMIT - [3, 1]
2023-05-24 01:47:39,605 INFO 4 <---- 0 with PREPARE - [3, 2]
2023-05-24 01:47:39,620 INFO 4 <---- 0 with PREPARE - [3, 2]
2023-05-24 01:47:39,621 INFO 5 <---- 0 with COMMIT - [3, 1]
2023-05-24 01:47:39,621 INFO 3 <---- 0 with PREPARE - [3, 1]
2023-05-24 01:47:39,636 INFO 1 <---- 0 with PREPARE - [3, 2]
2023-05-24 01:47:39,637 INFO 3 <---- 0 with PREPARE - [3, 1]
2023-05-24 01:47:39,637 INFO 0 <---- 0 with COMMIT - [3, 2]
2023-05-24 01:47:39,682 INFO 3 <---- 0 with PREPARE - [4, 0]
2023-05-24 01:47:39,683 INFO 2 <---- 7 with COMMIT - [3, 0]
2023-05-24 01:47:39,699 INFO 1 <---- 4 with COMMIT - [3, 0]
2023-05-24 01:47:39,700 INFO 7 <---- 5 with PRE_PREPARE [3, 2]
2023-05-24 01:47:39,701 INFO 5 <---- 0 with PREPARE - [3, 0]
2023-05-24 01:47:39,701 INFO 0 <---- 0 with PREPARE - [3, 2]
2023-05-24 01:47:39,714 INFO 4 <---- 5 with COMMIT - [3, 0]
2023-05-24 01:47:39,714 INFO @@@
2023-05-24 01:47:39,715 INFO 1 <---- 0 with PREPARE - [3, 2]
2023-05-24 01:47:39,716 INFO 1 <---- 6 with COMMIT - [3, 1]
2023-05-24 01:47:39,717 INFO Client [0] has received message :result, from ['127.0.0.1', 49721] with number [3, 0]
2023-05-24 01:47:39,730 INFO 6 <---- 2 with COMMIT - [3, 1]
2023-05-24 01:47:39,744 INFO 6 <---- 0 with PREPARE - [3, 0]
2023-05-24 01:47:39,746 INFO 6 <---- 0 with COMMIT - [3, 1]
2023-05-24 01:47:39,793 INFO 3 <---- 0 with COMMIT - [3, 2]
2023-05-24 01:47:39,794 INFO 6 <---- 0 with PREPARE - [3, 1]
2023-05-24 01:47:39,810 INFO 2 <---- 6 with COMMIT - [3, 0]
2023-05-24 01:47:39,826 INFO 7 <---- 0 with PREPARE - [3, 1]
2023-05-24 01:47:39,828 INFO 1 <---- 0 with PREPARE - [4, 0]
2023-05-24 01:47:39,829 INFO 4 <---- 0 with PREPARE - [3, 1]
2023-05-24 01:47:39,831 INFO 0 <---- 7 with COMMIT - [3, 1]
2023-05-24 01:47:39,840 INFO 5 <---- 0 with COMMIT - [3, 0]
2023-05-24 01:47:39,856 INFO 5 <---- 0 with PREPARE - [3, 2]
2023-05-24 01:47:39,858 INFO 3 <---- 0 with PREPARE - [4, 0]
2023-05-24 01:47:39,872 INFO 6 <---- 0 with COMMIT - [2, 0]
2023-05-24 01:47:39,888 INFO 6 <---- 0 with PREPARE - [3, 0]
2023-05-24 01:47:39,889 INFO 6 <---- 7 with COMMIT - [2, 0]
2023-05-24 01:47:39,891 INFO 4 <---- 0 with COMMIT - [3, 0]
2023-05-24 01:47:39,892 INFO 6 <---- 3 with COMMIT - [3, 0]
2023-05-24 01:47:39,902 INFO 2 <---- 0 with PREPARE - [3, 2]
2023-05-24 01:47:39,904 INFO 3 <---- 0 with PREPARE - [3, 2]
2023-05-24 01:47:39,905 INFO 0 <---- 0 with COMMIT - [3, 2]
2023-05-24 01:47:39,906 INFO 0 <---- 0 with COMMIT - [3, 2]
2023-05-24 01:47:39,917 INFO 4 <---- 0 with PREPARE - [3, 0]
2023-05-24 01:47:39,918 INFO 2 <---- 2 with COMMIT - [3, 1]
2023-05-24 01:47:39,918 INFO @@@
2023-05-24 01:47:39,919 INFO 4 <---- 0 with PREPARE - [3, 1]
2023-05-24 01:47:39,921 INFO Client [0] has received message :result, from ['127.0.0.1', 49719] with number [3, 1]
2023-05-24 01:47:39,921 INFO Number [3, 1] has reached an agreement ! 
2023-05-24 01:47:39,923 INFO 0 <---- 7 with PRE_PREPARE [6, 0]
2023-05-24 01:47:39,924 INFO 1 <---- 0 with PREPARE - [6, 0]
2023-05-24 01:47:39,933 INFO 3 <---- 7 with PRE_PREPARE [4, 0]
2023-05-24 01:47:39,934 INFO 4 <---- 3 with COMMIT - [3, 1]
2023-05-24 01:47:39,934 INFO @@@
2023-05-24 01:47:39,934 INFO 0 <---- 0 with PREPARE - [4, 0]
2023-05-24 01:47:39,935 INFO Client [0] has received message :result, from ['127.0.0.1', 49721] with number [3, 1]
2023-05-24 01:47:39,964 INFO 7 <---- 0 with PREPARE - [3, 1]
2023-05-24 01:47:39,980 INFO 2 <---- 4 with COMMIT - [3, 0]
2023-05-24 01:47:39,982 INFO 2 <---- 0 with COMMIT - [3, 2]
2023-05-24 01:47:39,997 INFO 1 <---- 7 with COMMIT - [3, 1]
2023-05-24 01:47:39,999 INFO 5 <---- 0 with COMMIT - [3, 1]
2023-05-24 01:47:40,001 INFO 6 <---- 0 with PREPARE - [3, 2]
2023-05-24 01:47:40,003 INFO 4 <---- 0 with PREPARE - [4, 0]
2023-05-24 01:47:40,004 INFO 5 <---- 0 with PREPARE - [3, 2]
2023-05-24 01:47:40,012 INFO 3 <---- 7 with COMMIT - [3, 0]
2023-05-24 01:47:40,014 INFO 6 <---- 0 with COMMIT - [2, 0]
2023-05-24 01:47:40,016 INFO 7 <---- 0 with COMMIT - [3, 1]
2023-05-24 01:47:40,017 INFO 7 <---- 3 with COMMIT - [3, 0]
2023-05-24 01:47:40,028 INFO 6 <---- 0 with COMMIT - [3, 0]
2023-05-24 01:47:40,029 INFO 6 <---- 0 with COMMIT - [3, 0]
2023-05-24 01:47:40,031 INFO 2 <---- 2 with COMMIT - [3, 1]
2023-05-24 01:47:40,032 INFO 5 <---- 0 with COMMIT - [3, 0]
2023-05-24 01:47:40,032 INFO @@@
2023-05-24 01:47:40,034 INFO Client [0] has received message :result, from ['127.0.0.1', 49722] with number [3, 0]
2023-05-24 01:47:40,041 INFO 2 <---- 0 with PREPARE - [6, 0]
2023-05-24 01:47:40,043 INFO 7 <---- 0 with PREPARE - [3, 0]
2023-05-24 01:47:40,058 INFO 5 <---- 0 with PREPARE - [3, 0]
2023-05-24 01:47:40,134 INFO 1 <---- 0 with COMMIT - [3, 2]
2023-05-24 01:47:40,136 INFO 1 <---- 0 with PREPARE - [4, 0]
2023-05-24 01:47:40,137 INFO 2 <---- 7 with COMMIT - [3, 1]
2023-05-24 01:47:40,151 INFO 5 <---- 0 with PREPARE - [3, 1]
2023-05-24 01:47:40,166 INFO 1 <---- 0 with PREPARE - [3, 2]
2023-05-24 01:47:40,168 INFO 3 <---- 2 with COMMIT - [3, 1]
2023-05-24 01:47:40,168 INFO @@@
2023-05-24 01:47:40,169 INFO 3 <---- 6 with COMMIT - [3, 0]
2023-05-24 01:47:40,170 INFO Client [0] has received message :result, from ['127.0.0.1', 49720] with number [3, 1]
2023-05-24 01:47:40,182 INFO 4 <---- 0 with COMMIT - [3, 2]
2023-05-24 01:47:40,198 INFO 7 <---- 0 with COMMIT - [3, 0]
2023-05-24 01:47:40,215 INFO 3 <---- 0 with PREPARE - [3, 2]
2023-05-24 01:47:40,216 INFO 5 <---- 0 with PREPARE - [4, 0]
2023-05-24 01:47:40,218 INFO 6 <---- 5 with COMMIT - [3, 0]
2023-05-24 01:47:40,219 INFO @@@
2023-05-24 01:47:40,219 INFO 1 <---- 0 with COMMIT - [3, 2]
2023-05-24 01:47:40,221 INFO 2 <---- 6 with COMMIT - [3, 1]
2023-05-24 01:47:40,222 INFO Client [0] has received message :result, from ['127.0.0.1', 49723] with number [3, 0]
2023-05-24 01:47:40,227 INFO 4 <---- 0 with PREPARE - [4, 0]
2023-05-24 01:47:40,229 INFO 2 <---- 0 with PREPARE - [3, 2]
2023-05-24 01:47:40,230 INFO 7 <---- 2 with COMMIT - [3, 1]
2023-05-24 01:47:40,244 INFO 3 <---- 0 with COMMIT - [3, 2]
2023-05-24 01:47:40,246 INFO 1 <---- 7 with PRE_PREPARE [6, 0]
2023-05-24 01:47:40,249 INFO 0 <---- 0 with PREPARE - [6, 0]
2023-05-24 01:47:40,261 INFO 3 <---- 0 with PREPARE - [6, 0]
2023-05-24 01:47:40,263 INFO 3 <---- 2 with COMMIT - [3, 1]
2023-05-24 01:47:40,276 INFO 5 <---- 6 with PRE_PREPARE [4, 0]
2023-05-24 01:47:40,280 INFO 0 <---- 0 with PREPARE - [4, 0]
2023-05-24 01:47:40,282 INFO 1 <---- 0 with COMMIT - [4, 0]
2023-05-24 01:47:40,290 INFO 3 <---- 0 with PREPARE - [4, 0]
2023-05-24 01:47:40,307 INFO 5 <---- 2 with COMMIT - [3, 1]
2023-05-24 01:47:40,308 INFO @@@
2023-05-24 01:47:40,309 INFO 3 <---- 0 with COMMIT - [3, 2]
2023-05-24 01:47:40,310 INFO 5 <---- 0 with PREPARE - [3, 2]
2023-05-24 01:47:40,312 INFO 6 <---- 0 with COMMIT - [3, 0]
2023-05-24 01:47:40,313 INFO 7 <---- 0 with COMMIT - [2, 0]
2023-05-24 01:47:40,314 INFO Client [0] has received message :result, from ['127.0.0.1', 49722] with number [3, 1]
2023-05-24 01:47:40,315 INFO 0 <---- 5 with COMMIT - [3, 2]
2023-05-24 01:47:40,316 INFO @@@
2023-05-24 01:47:40,317 INFO Client [0] has received message :result, from ['127.0.0.1', 49717] with number [3, 2]
2023-05-24 01:47:40,338 INFO 2 <---- 0 with PREPARE - [4, 0]
2023-05-24 01:47:40,354 INFO 5 <---- 3 with COMMIT - [3, 1]
2023-05-24 01:47:40,356 INFO 7 <---- 0 with COMMIT - [2, 0]
2023-05-24 01:47:40,369 INFO 7 <---- 0 with COMMIT - [3, 0]
2023-05-24 01:47:40,371 INFO 4 <---- 0 with COMMIT - [3, 2]
2023-05-24 01:47:40,372 INFO 5 <---- 0 with PREPARE - [3, 1]
2023-05-24 01:47:40,374 INFO 4 <---- 2 with COMMIT - [3, 1]
2023-05-24 01:47:40,400 INFO 2 <---- 0 with COMMIT - [3, 2]
2023-05-24 01:47:40,403 INFO 6 <---- 0 with COMMIT - [3, 1]
2023-05-24 01:47:40,433 INFO 2 <---- 0 with PREPARE - [6, 0]
2023-05-24 01:47:40,448 INFO 7 <---- 0 with PREPARE - [3, 1]
2023-05-24 01:47:40,450 INFO 7 <---- 0 with PREPARE - [3, 0]
2023-05-24 01:47:40,464 INFO 4 <---- 7 with COMMIT - [3, 0]
2023-05-24 01:47:40,466 INFO 4 <---- 0 with PREPARE - [4, 0]
2023-05-24 01:47:40,468 INFO 4 <---- 0 with COMMIT - [3, 2]
2023-05-24 01:47:40,493 INFO 7 <---- 0 with PREPARE - [3, 2]
2023-05-24 01:47:40,495 INFO 6 <---- 0 with PREPARE - [3, 2]
2023-05-24 01:47:40,497 INFO 3 <---- 4 with COMMIT - [3, 0]
2023-05-24 01:47:40,509 INFO 4 <---- 0 with PREPARE - [3, 2]
2023-05-24 01:47:40,512 INFO 0 <---- 0 with COMMIT - [3, 2]
2023-05-24 01:47:40,526 INFO 2 <---- 0 with COMMIT - [4, 0]
2023-05-24 01:47:40,527 INFO 5 <---- 0 with COMMIT - [3, 2]
2023-05-24 01:47:40,529 INFO 2 <---- 0 with PREPARE - [3, 2]
2023-05-24 01:47:40,531 INFO 3 <---- 6 with COMMIT - [3, 1]
2023-05-24 01:47:40,539 INFO 5 <---- 0 with COMMIT - [3, 2]
2023-05-24 01:47:40,540 INFO 4 <---- 0 with PREPARE - [6, 0]
2023-05-24 01:47:40,572 INFO 3 <---- 7 with COMMIT - [3, 1]
2023-05-24 01:47:40,588 INFO 5 <---- 0 with PREPARE - [4, 0]
2023-05-24 01:47:40,603 INFO 7 <---- 5 with COMMIT - [3, 0]
2023-05-24 01:47:40,604 INFO @@@
2023-05-24 01:47:40,608 INFO Client [0] has received message :result, from ['127.0.0.1', 49724] with number [3, 0]
2023-05-24 01:47:40,617 INFO 3 <---- 0 with PREPARE - [3, 2]
2023-05-24 01:47:40,619 INFO 1 <---- 5 with COMMIT - [3, 2]
2023-05-24 01:47:40,620 INFO @@@
2023-05-24 01:47:40,621 INFO 1 <---- 0 with PREPARE - [4, 0]
2023-05-24 01:47:40,622 INFO Client [0] has received message :result, from ['127.0.0.1', 49718] with number [3, 2]
2023-05-24 01:47:40,623 INFO 0 <---- 0 with COMMIT - [4, 0]
2023-05-24 01:47:40,631 INFO 6 <---- 0 with PREPARE - [4, 0]
2023-05-24 01:47:40,632 INFO 1 <---- 0 with COMMIT - [3, 2]
2023-05-24 01:47:40,647 INFO 6 <---- 2 with COMMIT - [3, 1]
2023-05-24 01:47:40,648 INFO @@@
2023-05-24 01:47:40,650 INFO Client [0] has received message :result, from ['127.0.0.1', 49723] with number [3, 1]
2023-05-24 01:47:40,664 INFO 4 <---- 6 with COMMIT - [3, 0]
2023-05-24 01:47:40,667 INFO 3 <---- 0 with PREPARE - [3, 2]
2023-05-24 01:47:40,679 INFO 7 <---- 0 with COMMIT - [3, 0]
2023-05-24 01:47:40,679 INFO 2 <---- 7 with PRE_PREPARE [6, 0]
2023-05-24 01:47:40,680 INFO 0 <---- 0 with PREPARE - [6, 0]
2023-05-24 01:47:40,713 INFO 6 <---- 3 with COMMIT - [3, 1]
2023-05-24 01:47:40,728 INFO 6 <---- 6 with PRE_PREPARE [4, 0]
2023-05-24 01:47:40,731 INFO 6 <---- 0 with COMMIT - [3, 2]
2023-05-24 01:47:40,733 INFO 0 <---- 0 with PREPARE - [4, 0]
2023-05-24 01:47:40,759 INFO 4 <---- 0 with PREPARE - [4, 0]
2023-05-24 01:47:40,761 INFO 0 <---- 4 with COMMIT - [4, 0]
2023-05-24 01:47:40,775 INFO 3 <---- 0 with PREPARE - [6, 0]
2023-05-24 01:47:40,776 INFO 6 <---- 0 with PREPARE - [3, 2]
2023-05-24 01:47:40,778 INFO 2 <---- 0 with COMMIT - [4, 0]
2023-05-24 01:47:40,780 INFO 7 <---- 0 with COMMIT - [3, 1]
2023-05-24 01:47:40,781 INFO 0 <---- 0 with COMMIT - [3, 2]
2023-05-24 01:47:40,789 INFO 5 <---- 0 with PREPARE - [6, 0]
2023-05-24 01:47:40,790 INFO 6 <---- 0 with PREPARE - [3, 1]
2023-05-24 01:47:40,791 INFO 6 <---- 2 with COMMIT - [3, 1]
2023-05-24 01:47:40,805 INFO 3 <---- 0 with COMMIT - [4, 0]
2023-05-24 01:47:40,806 INFO 5 <---- 0 with COMMIT - [3, 2]
2023-05-24 01:47:40,822 INFO 4 <---- 0 with COMMIT - [3, 2]
2023-05-24 01:47:40,823 INFO @@@
2023-05-24 01:47:40,826 INFO Client [0] has received message :result, from ['127.0.0.1', 49721] with number [3, 2]
2023-05-24 01:47:40,826 INFO Number [3, 2] has reached an agreement ! 
2023-05-24 01:47:40,837 INFO 7 <---- 0 with PREPARE - [3, 2]
2023-05-24 01:47:40,854 INFO 5 <---- 7 with COMMIT - [3, 0]
2023-05-24 01:47:40,869 INFO 6 <---- 0 with PREPARE - [3, 2]
2023-05-24 01:47:40,871 INFO 5 <---- 0 with PREPARE - [4, 0]
2023-05-24 01:47:40,873 INFO 5 <---- 4 with COMMIT - [3, 0]
2023-05-24 01:47:40,884 INFO 5 <---- 0 with PREPARE - [4, 0]
2023-05-24 01:47:40,886 INFO 6 <---- 0 with COMMIT - [3, 2]
2023-05-24 01:47:40,888 INFO 0 <---- 5 with COMMIT - [4, 0]
2023-05-24 01:47:40,900 INFO 2 <---- 0 with PREPARE - [4, 0]
2023-05-24 01:47:40,903 INFO 7 <---- 0 with COMMIT - [3, 2]
2023-05-24 01:47:40,904 INFO 0 <---- 0 with COMMIT - [4, 0]
2023-05-24 01:47:40,905 INFO @@@
2023-05-24 01:47:40,907 INFO Client [0] has received message :result, from ['127.0.0.1', 49717] with number [4, 0]
2023-05-24 01:47:40,915 INFO 2 <---- 0 with COMMIT - [3, 2]
2023-05-24 01:47:40,915 INFO @@@
2023-05-24 01:47:40,917 INFO 3 <---- 0 with COMMIT - [4, 0]
2023-05-24 01:47:40,918 INFO 6 <---- 0 with COMMIT - [3, 2]
2023-05-24 01:47:40,920 INFO Client [0] has received message :result, from ['127.0.0.1', 49719] with number [3, 2]
2023-05-24 01:47:40,929 INFO 4 <---- 0 with PREPARE - [6, 0]
2023-05-24 01:47:40,931 INFO 7 <---- 0 with PREPARE - [4, 0]
2023-05-24 01:47:40,933 INFO 6 <---- 0 with PREPARE - [4, 0]
2023-05-24 01:47:40,934 INFO 7 <---- 0 with PREPARE - [3, 2]
2023-05-24 01:47:40,936 INFO 0 <---- 0 with COMMIT - [3, 2]
2023-05-24 01:47:40,938 INFO 1 <---- 0 with PRE_PREPARE [8, 2]
2023-05-24 01:47:40,939 INFO 0 <---- 1 with PREPARE - [8, 2]
2023-05-24 01:47:40,961 INFO 6 <---- 0 with PREPARE - [6, 0]
2023-05-24 01:47:40,977 INFO 6 <---- 0 with PREPARE - [4, 0]
2023-05-24 01:47:40,979 INFO 3 <---- 7 with PRE_PREPARE [6, 0]
2023-05-24 01:47:40,982 INFO 0 <---- 0 with PREPARE - [6, 0]
2023-05-24 01:47:41,008 INFO 4 <---- 6 with COMMIT - [3, 1]
2023-05-24 01:47:41,022 INFO 1 <---- 0 with PREPARE - [4, 0]
2023-05-24 01:47:41,053 INFO 1 <---- 0 with COMMIT - [3, 2]
2023-05-24 01:47:41,055 INFO 4 <---- 7 with COMMIT - [3, 1]
2023-05-24 01:47:41,057 INFO 2 <---- 5 with COMMIT - [3, 2]
2023-05-24 01:47:41,070 INFO 5 <---- 6 with COMMIT - [3, 0]
2023-05-24 01:47:41,086 INFO 7 <---- 0 with COMMIT - [3, 2]
2023-05-24 01:47:41,088 INFO 4 <---- 0 with PREPARE - [3, 2]
2023-05-24 01:47:41,101 INFO 7 <---- 2 with COMMIT - [3, 1]
2023-05-24 01:47:41,102 INFO @@@
2023-05-24 01:47:41,105 INFO Client [0] has received message :result, from ['127.0.0.1', 49724] with number [3, 1]
2023-05-24 01:47:41,123 INFO 1 <---- 0 with PREPARE - [6, 0]
2023-05-24 01:47:41,130 INFO 7 <---- 0 with PREPARE - [6, 0]
2023-05-24 01:47:41,132 INFO 5 <---- 6 with COMMIT - [3, 1]
2023-05-24 01:47:41,135 INFO 1 <---- 4 with COMMIT - [4, 0]
2023-05-24 01:47:41,147 INFO 7 <---- 2 with COMMIT - [3, 1]
2023-05-24 01:47:41,148 INFO 5 <---- 0 with PREPARE - [6, 0]
2023-05-24 01:47:41,150 INFO 4 <---- 0 with PREPARE - [3, 2]
2023-05-24 01:47:41,150 INFO 1 <---- 0 with COMMIT - [4, 0]
2023-05-24 01:47:41,161 INFO 2 <---- 1 with PREPARE - [8, 2]
2023-05-24 01:47:41,177 INFO 7 <---- 7 with PRE_PREPARE [4, 0]
2023-05-24 01:47:41,178 INFO 5 <---- 7 with COMMIT - [3, 1]
2023-05-24 01:47:41,179 INFO 0 <---- 0 with PREPARE - [4, 0]
2023-05-24 01:47:41,193 INFO 2 <---- 0 with COMMIT - [3, 2]
2023-05-24 01:47:41,194 INFO 7 <---- 6 with COMMIT - [3, 0]
2023-05-24 01:47:41,195 INFO 2 <---- 0 with PRE_PREPARE [8, 2]
2023-05-24 01:47:41,198 INFO 0 <---- 1 with PREPARE - [8, 2]
2023-05-24 01:47:41,209 INFO 6 <---- 7 with COMMIT - [3, 0]
2023-05-24 01:47:41,211 INFO 7 <---- 3 with COMMIT - [3, 1]
2023-05-24 01:47:41,212 INFO 4 <---- 0 with COMMIT - [4, 0]
2023-05-24 01:47:41,242 INFO 5 <---- 0 with COMMIT - [3, 2]
2023-05-24 01:47:41,243 INFO @@@
2023-05-24 01:47:41,245 INFO 1 <---- 0 with COMMIT - [3, 2]
2023-05-24 01:47:41,247 INFO Client [0] has received message :result, from ['127.0.0.1', 49722] with number [3, 2]
2023-05-24 01:47:41,273 INFO 3 <---- 0 with COMMIT - [3, 2]
2023-05-24 01:47:41,274 INFO @@@
2023-05-24 01:47:41,276 INFO 7 <---- 0 with PREPARE - [3, 2]
2023-05-24 01:47:41,277 INFO Client [0] has received message :result, from ['127.0.0.1', 49720] with number [3, 2]
2023-05-24 01:47:41,286 INFO 5 <---- 0 with PREPARE - [3, 2]
2023-05-24 01:47:41,288 INFO 7 <---- 0 with PREPARE - [4, 0]
2023-05-24 01:47:41,317 INFO 4 <---- 0 with PRE_PREPARE [6, 0]
2023-05-24 01:47:41,319 INFO 7 <---- 0 with COMMIT - [3, 2]
2023-05-24 01:47:41,322 INFO 0 <---- 0 with PREPARE - [6, 0]
2023-05-24 01:47:41,324 INFO 1 <---- 0 with COMMIT - [6, 0]
2023-05-24 01:47:41,333 INFO 2 <---- 4 with COMMIT - [4, 0]
2023-05-24 01:47:41,335 INFO 6 <---- 4 with COMMIT - [3, 0]
2023-05-24 01:47:41,336 INFO 4 <---- 0 with COMMIT - [4, 0]
2023-05-24 01:47:41,348 INFO 1 <---- 0 with PREPARE - [6, 0]
2023-05-24 01:47:41,363 INFO 3 <---- 0 with PREPARE - [4, 0]
2023-05-24 01:47:41,365 INFO 0 <---- 0 with COMMIT - [4, 0]
2023-05-24 01:47:41,379 INFO 3 <---- 1 with PREPARE - [8, 2]
2023-05-24 01:47:41,381 INFO 1 <---- 5 with COMMIT - [4, 0]
2023-05-24 01:47:41,381 INFO @@@
2023-05-24 01:47:41,383 INFO Client [0] has received message :result, from ['127.0.0.1', 49718] with number [4, 0]
2023-05-24 01:47:41,394 INFO 6 <---- 0 with PREPARE - [4, 0]
2023-05-24 01:47:41,396 INFO 0 <---- 6 with COMMIT - [4, 0]
2023-05-24 01:47:41,409 INFO 5 <---- 0 with PREPARE - [3, 2]
2023-05-24 01:47:41,425 INFO 6 <---- 7 with COMMIT - [3, 1]
2023-05-24 01:47:41,441 INFO 5 <---- 0 with COMMIT - [4, 0]
2023-05-24 01:47:41,442 INFO 6 <---- 0 with COMMIT - [3, 2]
2023-05-24 01:47:41,443 INFO @@@
2023-05-24 01:47:41,445 INFO Client [0] has received message :result, from ['127.0.0.1', 49723] with number [3, 2]
2023-05-24 01:47:41,457 INFO 3 <---- 0 with COMMIT - [4, 0]
2023-05-24 01:47:41,472 INFO 7 <---- 0 with PREPARE - [4, 0]
2023-05-24 01:47:41,504 INFO 7 <---- 6 with COMMIT - [3, 1]
2023-05-24 01:47:41,506 INFO 2 <---- 0 with PREPARE - [6, 0]
2023-05-24 01:47:41,508 INFO 7 <---- 0 with PREPARE - [4, 0]
2023-05-24 01:47:41,509 INFO 2 <---- 0 with PREPARE - [4, 0]
2023-05-24 01:47:41,511 INFO 0 <---- 7 with COMMIT - [4, 0]
2023-05-24 01:47:41,517 INFO 6 <---- 0 with PREPARE - [3, 2]
2023-05-24 01:47:41,519 INFO 3 <---- 0 with PRE_PREPARE [8, 2]
2023-05-24 01:47:41,521 INFO 1 <---- 0 with PREPARE - [4, 0]
2023-05-24 01:47:41,522 INFO 0 <---- 1 with PREPARE - [8, 2]
2023-05-24 01:47:41,533 INFO 3 <---- 5 with COMMIT - [3, 2]
2023-05-24 01:47:41,550 INFO 4 <---- 1 with PREPARE - [8, 2]
2023-05-24 01:47:41,565 INFO 7 <---- 0 with COMMIT - [3, 2]
2023-05-24 01:47:41,566 INFO @@@
2023-05-24 01:47:41,568 INFO 6 <---- 0 with COMMIT - [4, 0]
2023-05-24 01:47:41,569 INFO Client [0] has received message :result, from ['127.0.0.1', 49724] with number [3, 2]
2023-05-24 01:47:41,580 INFO 6 <---- 0 with PREPARE - [6, 0]
2023-05-24 01:47:41,582 INFO 3 <---- 0 with COMMIT - [3, 2]
2023-05-24 01:47:41,595 INFO 3 <---- 0 with PREPARE - [6, 0]
2023-05-24 01:47:41,597 INFO 7 <---- 0 with PREPARE - [3, 2]
2023-05-24 01:47:41,611 INFO 3 <---- 4 with COMMIT - [4, 0]
2023-05-24 01:47:41,612 INFO @@@
2023-05-24 01:47:41,613 INFO 7 <---- 4 with COMMIT - [3, 0]
2023-05-24 01:47:41,615 INFO 2 <---- 0 with COMMIT - [3, 2]
2023-05-24 01:47:41,616 INFO Client [0] has received message :result, from ['127.0.0.1', 49720] with number [4, 0]
2023-05-24 01:47:41,617 INFO Number [4, 0] has reached an agreement ! 
2023-05-24 01:47:41,626 INFO 4 <---- 0 with PREPARE - [6, 0]
2023-05-24 01:47:41,690 INFO 1 <---- 1 with PREPARE - [8, 2]
2023-05-24 01:47:41,692 INFO 5 <---- 0 with COMMIT - [4, 0]
2023-05-24 01:47:41,707 INFO 2 <---- 0 with PREPARE - [4, 0]
2023-05-24 01:47:41,709 INFO 1 <---- 0 with COMMIT - [4, 0]
2023-05-24 01:47:41,718 INFO 5 <---- 0 with COMMIT - [3, 2]
2023-05-24 01:47:41,735 INFO 2 <---- 5 with COMMIT - [4, 0]
2023-05-24 01:47:41,736 INFO @@@
2023-05-24 01:47:41,737 INFO Client [0] has received message :result, from ['127.0.0.1', 49719] with number [4, 0]
2023-05-24 01:47:41,751 INFO 4 <---- 0 with COMMIT - [3, 2]
2023-05-24 01:47:41,767 INFO 1 <---- 6 with COMMIT - [4, 0]
2023-05-24 01:47:41,769 INFO 5 <---- 0 with PRE_PREPARE [6, 0]
2023-05-24 01:47:41,773 INFO 0 <---- 0 with PREPARE - [6, 0]
2023-05-24 01:47:41,784 INFO 1 <---- 0 with PREPARE - [6, 0]
2023-05-24 01:47:41,787 INFO 5 <---- 1 with PREPARE - [8, 2]
2023-05-24 01:47:41,789 INFO 3 <---- 0 with COMMIT - [3, 2]
2023-05-24 01:47:41,790 INFO 4 <---- 0 with PREPARE - [6, 0]
2023-05-24 01:47:41,792 INFO 2 <---- 0 with COMMIT - [6, 0]
2023-05-24 01:47:41,793 INFO 0 <---- 0 with COMMIT - [6, 0]
2023-05-24 01:47:41,795 INFO 0 <---- 4 with COMMIT - [6, 0]
2023-05-24 01:47:41,797 INFO 4 <---- 1 with PRE_PREPARE [8, 2]
2023-05-24 01:47:41,799 INFO 0 <---- 1 with PREPARE - [8, 2]
2023-05-24 01:47:41,801 INFO 1 <---- 0 with COMMIT - [8, 2]
2023-05-24 01:47:41,814 INFO 1 <---- 1 with PREPARE - [8, 2]
2023-05-24 01:47:41,816 INFO 3 <---- 1 with PREPARE - [8, 2]
2023-05-24 01:47:41,829 INFO 5 <---- 4 with COMMIT - [4, 0]
2023-05-24 01:47:41,831 INFO 3 <---- 0 with PREPARE - [4, 0]
2023-05-24 01:47:41,833 INFO 4 <---- 5 with COMMIT - [3, 2]
2023-05-24 01:47:41,845 INFO 4 <---- 0 with PREPARE - [4, 0]
2023-05-24 01:47:41,861 INFO 4 <---- 0 with COMMIT - [4, 0]
2023-05-24 01:47:41,877 INFO 6 <---- 0 with COMMIT - [4, 0]
2023-05-24 01:47:41,906 INFO 7 <---- 0 with COMMIT - [4, 0]
2023-05-24 01:47:41,922 INFO 2 <---- 0 with COMMIT - [6, 0]
2023-05-24 01:47:41,923 INFO 7 <---- 0 with PREPARE - [6, 0]
2023-05-24 01:47:41,924 INFO 5 <---- 0 with PREPARE - [6, 0]
2023-05-24 01:47:41,938 INFO 2 <---- 6 with COMMIT - [4, 0]
2023-05-24 01:47:41,940 INFO 2 <---- 0 with COMMIT - [8, 2]
2023-05-24 01:47:41,954 INFO 6 <---- 1 with PREPARE - [8, 2]
2023-05-24 01:47:41,985 INFO 1 <---- 7 with COMMIT - [4, 0]
2023-05-24 01:47:41,986 INFO 6 <---- 4 with COMMIT - [4, 0]
2023-05-24 01:47:42,000 INFO 1 <---- 0 with PREPARE - [6, 0]
2023-05-24 01:47:42,032 INFO 5 <---- 0 with PREPARE - [6, 0]
2023-05-24 01:47:42,033 INFO 0 <---- 5 with COMMIT - [6, 0]
2023-05-24 01:47:42,048 INFO 1 <---- 1 with PREPARE - [8, 2]
2023-05-24 01:47:42,095 INFO 6 <---- 0 with PREPARE - [4, 0]
2023-05-24 01:47:42,095 INFO 7 <---- 0 with COMMIT - [4, 0]
2023-05-24 01:47:42,111 INFO 3 <---- 6 with COMMIT - [4, 0]
2023-05-24 01:47:42,111 INFO 2 <---- 0 with PREPARE - [6, 0]
2023-05-24 01:47:42,113 INFO 2 <---- 0 with COMMIT - [4, 0]
2023-05-24 01:47:42,114 INFO 0 <---- 0 with COMMIT - [6, 0]
2023-05-24 01:47:42,125 INFO @@@
2023-05-24 01:47:42,127 INFO 6 <---- 0 with COMMIT - [3, 2]
2023-05-24 01:47:42,128 INFO Client [0] has received message :result, from ['127.0.0.1', 49717] with number [6, 0]
2023-05-24 01:47:42,129 INFO 7 <---- 0 with PRE_PREPARE [6, 0]
2023-05-24 01:47:42,130 INFO 0 <---- 2 with PRE_PREPARE [9, 1]
2023-05-24 01:47:42,130 INFO 0 <---- 0 with PREPARE - [6, 0]
2023-05-24 01:47:42,141 INFO 1 <---- 4 with COMMIT - [6, 0]
2023-05-24 01:47:42,143 INFO 3 <---- 0 with COMMIT - [6, 0]
2023-05-24 01:47:42,144 INFO 5 <---- 0 with COMMIT - [3, 2]
2023-05-24 01:47:42,146 INFO 5 <---- 0 with COMMIT - [4, 0]
2023-05-24 01:47:42,146 INFO @@@
2023-05-24 01:47:42,147 INFO Client [0] has received message :result, from ['127.0.0.1', 49722] with number [4, 0]
2023-05-24 01:47:42,158 INFO 3 <---- 5 with COMMIT - [4, 0]
2023-05-24 01:47:42,159 INFO 1 <---- 0 with PREPARE - [9, 1]
2023-05-24 01:47:42,175 INFO 2 <---- 1 with PREPARE - [8, 2]
2023-05-24 01:47:42,177 INFO 1 <---- 5 with COMMIT - [6, 0]
2023-05-24 01:47:42,191 INFO 7 <---- 4 with COMMIT - [4, 0]
2023-05-24 01:47:42,193 INFO 6 <---- 5 with COMMIT - [3, 2]
2023-05-24 01:47:42,208 INFO 3 <---- 0 with PREPARE - [4, 0]
2023-05-24 01:47:42,210 INFO 2 <---- 1 with PREPARE - [8, 2]
2023-05-24 01:47:42,237 INFO 7 <---- 0 with PREPARE - [4, 0]
2023-05-24 01:47:42,253 INFO 4 <---- 0 with PREPARE - [4, 0]
2023-05-24 01:47:42,255 INFO 6 <---- 0 with PREPARE - [6, 0]
2023-05-24 01:47:42,257 INFO 3 <---- 0 with COMMIT - [8, 2]
2023-05-24 01:47:42,267 INFO 5 <---- 1 with PRE_PREPARE [8, 2]
2023-05-24 01:47:42,270 INFO 0 <---- 1 with PREPARE - [8, 2]
2023-05-24 01:47:42,283 INFO 4 <---- 1 with PREPARE - [8, 2]
2023-05-24 01:47:42,284 INFO 4 <---- 0 with COMMIT - [3, 2]
2023-05-24 01:47:42,298 INFO 1 <---- 0 with COMMIT - [6, 0]
2023-05-24 01:47:42,298 INFO @@@
2023-05-24 01:47:42,301 INFO Client [0] has received message :result, from ['127.0.0.1', 49718] with number [6, 0]
2023-05-24 01:47:42,315 INFO 2 <---- 1 with PRE_PREPARE [9, 1]
2023-05-24 01:47:42,318 INFO 0 <---- 2 with PREPARE - [9, 1]
2023-05-24 01:47:42,330 INFO 4 <---- 0 with COMMIT - [4, 0]
2023-05-24 01:47:42,331 INFO @@@
2023-05-24 01:47:42,333 INFO Client [0] has received message :result, from ['127.0.0.1', 49721] with number [4, 0]
2023-05-24 01:47:42,344 INFO 6 <---- 0 with PREPARE - [6, 0]
2023-05-24 01:47:42,346 INFO 2 <---- 0 with PREPARE - [6, 0]
2023-05-24 01:47:42,348 INFO 0 <---- 6 with COMMIT - [6, 0]
2023-05-24 01:47:42,361 INFO 2 <---- 7 with COMMIT - [4, 0]
2023-05-24 01:47:42,363 INFO 4 <---- 1 with PREPARE - [8, 2]
2023-05-24 01:47:42,376 INFO 3 <---- 0 with COMMIT - [6, 0]
2023-05-24 01:47:42,392 INFO 2 <---- 5 with COMMIT - [6, 0]
2023-05-24 01:47:42,394 INFO 1 <---- 1 with PREPARE - [8, 2]
2023-05-24 01:47:42,397 INFO 0 <---- 0 with COMMIT - [8, 2]
2023-05-24 01:47:42,407 INFO 7 <---- 1 with PREPARE - [8, 2]
2023-05-24 01:47:42,409 INFO 4 <---- 0 with COMMIT - [8, 2]
2023-05-24 01:47:42,411 INFO 6 <---- 1 with PRE_PREPARE [8, 2]
2023-05-24 01:47:42,413 INFO 6 <---- 0 with COMMIT - [4, 0]
2023-05-24 01:47:42,413 INFO @@@
2023-05-24 01:47:42,414 INFO 0 <---- 1 with PREPARE - [8, 2]
2023-05-24 01:47:42,416 INFO Client [0] has received message :result, from ['127.0.0.1', 49723] with number [4, 0]
2023-05-24 01:47:42,440 INFO 1 <---- 0 with PREPARE - [6, 0]
2023-05-24 01:47:42,442 INFO 3 <---- 1 with PREPARE - [8, 2]
2023-05-24 01:47:42,443 INFO 5 <---- 0 with COMMIT - [3, 2]
2023-05-24 01:47:42,445 INFO 3 <---- 0 with COMMIT - [6, 0]
2023-05-24 01:47:42,483 INFO 4 <---- 6 with COMMIT - [4, 0]
2023-05-24 01:47:42,484 INFO 3 <---- 0 with PREPARE - [6, 0]
2023-05-24 01:47:42,487 INFO 0 <---- 0 with COMMIT - [6, 0]
2023-05-24 01:47:42,498 INFO 2 <---- 4 with COMMIT - [6, 0]
2023-05-24 01:47:42,498 INFO @@@
2023-05-24 01:47:42,500 INFO Client [0] has received message :result, from ['127.0.0.1', 49719] with number [6, 0]
2023-05-24 01:47:42,501 INFO Number [6, 0] has reached an agreement ! 
2023-05-24 01:47:42,513 INFO 6 <---- 0 with COMMIT - [3, 2]
2023-05-24 01:47:42,530 INFO 2 <---- 0 with PREPARE - [9, 1]
2023-05-24 01:47:42,532 INFO 7 <---- 0 with COMMIT - [4, 0]
2023-05-24 01:47:42,532 INFO @@@
2023-05-24 01:47:42,534 INFO Client [0] has received message :result, from ['127.0.0.1', 49724] with number [4, 0]
2023-05-24 01:47:42,544 INFO 7 <---- 0 with COMMIT - [3, 2]
2023-05-24 01:47:42,545 INFO 4 <---- 0 with COMMIT - [6, 0]
2023-05-24 01:47:42,546 INFO 5 <---- 0 with COMMIT - [4, 0]
2023-05-24 01:47:42,561 INFO 7 <---- 0 with COMMIT - [3, 2]
2023-05-24 01:47:42,576 INFO 5 <---- 1 with PREPARE - [8, 2]
2023-05-24 01:47:42,591 INFO 7 <---- 0 with PRE_PREPARE [8, 2]
2023-05-24 01:47:42,593 INFO 7 <---- 0 with PREPARE - [6, 0]
2023-05-24 01:47:42,595 INFO 4 <---- 0 with PREPARE - [4, 0]
2023-05-24 01:47:42,596 INFO 0 <---- 1 with PREPARE - [8, 2]
2023-05-24 01:47:42,621 INFO 4 <---- 0 with COMMIT - [6, 0]
2023-05-24 01:47:42,638 INFO 1 <---- 2 with PREPARE - [9, 1]
2023-05-24 01:47:42,640 INFO 7 <---- 5 with COMMIT - [3, 2]
2023-05-24 01:47:42,653 INFO 4 <---- 0 with COMMIT - [6, 0]
2023-05-24 01:47:42,668 INFO 3 <---- 5 with COMMIT - [6, 0]
2023-05-24 01:47:42,668 INFO @@@
2023-05-24 01:47:42,669 INFO 4 <---- 5 with COMMIT - [4, 0]
2023-05-24 01:47:42,669 INFO 5 <---- 0 with PREPARE - [4, 0]
2023-05-24 01:47:42,670 INFO 3 <---- 0 with PREPARE - [9, 1]
2023-05-24 01:47:42,670 INFO Client [0] has received message :result, from ['127.0.0.1', 49720] with number [6, 0]
2023-05-24 01:47:42,684 INFO 7 <---- 0 with PREPARE - [6, 0]
2023-05-24 01:47:42,685 INFO 0 <---- 7 with COMMIT - [6, 0]
2023-05-24 01:47:42,698 INFO 5 <---- 1 with PREPARE - [8, 2]
2023-05-24 01:47:42,700 INFO 5 <---- 1 with PREPARE - [8, 2]
2023-05-24 01:47:42,700 INFO 0 <---- 5 with COMMIT - [8, 2]
2023-05-24 01:47:42,730 INFO 3 <---- 0 with PREPARE - [6, 0]
2023-05-24 01:47:42,730 INFO 1 <---- 0 with COMMIT - [6, 0]
2023-05-24 01:47:42,731 INFO 1 <---- 1 with PREPARE - [8, 2]
2023-05-24 01:47:42,746 INFO 5 <---- 0 with COMMIT - [8, 2]
2023-05-24 01:47:42,780 INFO 5 <---- 0 with PREPARE - [4, 0]
2023-05-24 01:47:42,782 INFO 2 <---- 1 with PREPARE - [8, 2]
2023-05-24 01:47:42,786 INFO 0 <---- 0 with COMMIT - [8, 2]
2023-05-24 01:47:42,810 INFO 3 <---- 1 with PRE_PREPARE [9, 1]
2023-05-24 01:47:42,812 INFO 5 <---- 6 with COMMIT - [4, 0]
2023-05-24 01:47:42,813 INFO 2 <---- 0 with PREPARE - [6, 0]
2023-05-24 01:47:42,814 INFO 3 <---- 7 with COMMIT - [4, 0]
2023-05-24 01:47:42,815 INFO 7 <---- 0 with PREPARE - [4, 0]
2023-05-24 01:47:42,816 INFO 0 <---- 0 with PREPARE - [9, 1]
2023-05-24 01:47:42,823 INFO 3 <---- 2 with PREPARE - [9, 1]
2023-05-24 01:47:42,825 INFO 1 <---- 6 with COMMIT - [6, 0]
2023-05-24 01:47:42,842 INFO 5 <---- 0 with COMMIT - [6, 0]
2023-05-24 01:47:42,843 INFO 2 <---- 0 with COMMIT - [8, 2]
2023-05-24 01:47:42,846 INFO 4 <---- 0 with PREPARE - [9, 1]
2023-05-24 01:47:42,858 INFO 1 <---- 1 with PREPARE - [8, 2]
2023-05-24 01:47:42,888 INFO 5 <---- 0 with PREPARE - [6, 0]
2023-05-24 01:47:42,904 INFO 6 <---- 0 with COMMIT - [4, 0]
2023-05-24 01:47:42,920 INFO 4 <---- 0 with PREPARE - [6, 0]
2023-05-24 01:47:42,922 INFO 6 <---- 0 with PREPARE - [4, 0]
2023-05-24 01:47:42,934 INFO 6 <---- 5 with COMMIT - [4, 0]
2023-05-24 01:47:42,936 INFO 3 <---- 4 with COMMIT - [6, 0]
2023-05-24 01:47:42,957 INFO 0 <---- 2 with PRE_PREPARE [10, 1]
2023-05-24 01:47:42,960 INFO 1 <---- 0 with PREPARE - [10, 1]
2023-05-24 01:47:42,984 INFO 1 <---- 0 with PREPARE - [9, 1]
2023-05-24 01:47:42,986 INFO 4 <---- 5 with COMMIT - [6, 0]
2023-05-24 01:47:42,986 INFO @@@
2023-05-24 01:47:42,989 INFO Client [0] has received message :result, from ['127.0.0.1', 49721] with number [6, 0]
2023-05-24 01:47:42,997 INFO 6 <---- 0 with COMMIT - [6, 0]
2023-05-24 01:47:42,998 INFO 6 <---- 1 with PREPARE - [8, 2]
2023-05-24 01:47:43,000 INFO 7 <---- 6 with COMMIT - [4, 0]
2023-05-24 01:47:43,027 INFO 6 <---- 1 with PREPARE - [8, 2]
2023-05-24 01:47:43,029 INFO 5 <---- 0 with COMMIT - [6, 0]
2023-05-24 01:47:43,030 INFO 2 <---- 0 with COMMIT - [6, 0]
2023-05-24 01:47:43,073 INFO 6 <---- 0 with PREPARE - [6, 0]
2023-05-24 01:47:43,091 INFO 3 <---- 0 with COMMIT - [8, 2]
2023-05-24 01:47:43,093 INFO 6 <---- 1 with PREPARE - [8, 2]
2023-05-24 01:47:43,095 INFO 0 <---- 6 with COMMIT - [8, 2]
2023-05-24 01:47:43,096 INFO @@@
2023-05-24 01:47:43,098 INFO Client [0] has received message :result, from ['127.0.0.1', 49717] with number [8, 2]
2023-05-24 01:47:43,104 INFO 1 <---- 7 with COMMIT - [6, 0]
2023-05-24 01:47:43,122 INFO 1 <---- 5 with COMMIT - [8, 2]
2023-05-24 01:47:43,137 INFO 5 <---- 0 with COMMIT - [6, 0]
2023-05-24 01:47:43,161 INFO 2 <---- 1 with PREPARE - [8, 2]
2023-05-24 01:47:43,170 INFO 4 <---- 1 with PRE_PREPARE [9, 1]
2023-05-24 01:47:43,174 INFO 0 <---- 0 with PREPARE - [9, 1]
2023-05-24 01:47:43,184 INFO 6 <---- 0 with COMMIT - [8, 2]
2023-05-24 01:47:43,231 INFO 4 <---- 2 with PREPARE - [9, 1]
2023-05-24 01:47:43,233 INFO 7 <---- 5 with COMMIT - [4, 0]
2023-05-24 01:47:43,235 INFO 3 <---- 1 with PREPARE - [8, 2]
2023-05-24 01:47:43,236 INFO 7 <---- 1 with PREPARE - [8, 2]
2023-05-24 01:47:43,238 INFO 1 <---- 0 with COMMIT - [8, 2]
2023-05-24 01:47:43,239 INFO 2 <---- 0 with PREPARE - [10, 1]
2023-05-24 01:47:43,240 INFO 0 <---- 0 with COMMIT - [8, 2]
2023-05-24 01:47:43,245 INFO 2 <---- 6 with COMMIT - [6, 0]
2023-05-24 01:47:43,246 INFO 4 <---- 7 with COMMIT - [4, 0]
2023-05-24 01:47:43,246 INFO 2 <---- 1 with PREPARE - [8, 2]
2023-05-24 01:47:43,260 INFO 7 <---- 0 with COMMIT - [4, 0]
2023-05-24 01:47:43,277 INFO 2 <---- 7 with COMMIT - [6, 0]
2023-05-24 01:47:43,279 INFO 3 <---- 0 with PREPARE - [6, 0]
2023-05-24 01:47:43,294 INFO 6 <---- 0 with COMMIT - [6, 0]
2023-05-24 01:47:43,309 INFO 2 <---- 5 with COMMIT - [8, 2]
2023-05-24 01:47:43,326 INFO 5 <---- 0 with PREPARE - [9, 1]
2023-05-24 01:47:43,328 INFO 1 <---- 6 with COMMIT - [8, 2]
2023-05-24 01:47:43,329 INFO @@@
2023-05-24 01:47:43,331 INFO Client [0] has received message :result, from ['127.0.0.1', 49718] with number [8, 2]
2023-05-24 01:47:43,339 INFO 6 <---- 0 with PREPARE - [6, 0]
2023-05-24 01:47:43,355 INFO 2 <---- 0 with PREPARE - [9, 1]
2023-05-24 01:47:43,370 INFO 4 <---- 1 with PREPARE - [8, 2]
2023-05-24 01:47:43,373 INFO 0 <---- 0 with COMMIT - [8, 2]
2023-05-24 01:47:43,388 INFO 1 <---- 0 with PREPARE - [9, 1]
2023-05-24 01:47:43,390 INFO 7 <---- 1 with PREPARE - [8, 2]
2023-05-24 01:47:43,392 INFO 0 <---- 1 with COMMIT - [9, 1]
2023-05-24 01:47:43,402 INFO 5 <---- 4 with COMMIT - [6, 0]
2023-05-24 01:47:43,403 INFO @@@
2023-05-24 01:47:43,405 INFO 3 <---- 6 with COMMIT - [6, 0]
2023-05-24 01:47:43,406 INFO Client [0] has received message :result, from ['127.0.0.1', 49722] with number [6, 0]
2023-05-24 01:47:43,418 INFO 6 <---- 5 with COMMIT - [6, 0]
2023-05-24 01:47:43,432 INFO 7 <---- 0 with COMMIT - [6, 0]
2023-05-24 01:47:43,463 INFO 5 <---- 7 with COMMIT - [4, 0]
2023-05-24 01:47:43,463 INFO 1 <---- 3 with PRE_PREPARE [10, 1]
2023-05-24 01:47:43,464 INFO 0 <---- 0 with PREPARE - [10, 1]
2023-05-24 01:47:43,478 INFO 6 <---- 0 with COMMIT - [6, 0]
2023-05-24 01:47:43,478 INFO @@@
2023-05-24 01:47:43,479 INFO 3 <---- 0 with PREPARE - [10, 1]
2023-05-24 01:47:43,479 INFO 3 <---- 7 with COMMIT - [6, 0]
2023-05-24 01:47:43,480 INFO Client [0] has received message :result, from ['127.0.0.1', 49723] with number [6, 0]
2023-05-24 01:47:43,493 INFO 7 <---- 1 with PREPARE - [8, 2]
2023-05-24 01:47:43,494 INFO 6 <---- 1 with PREPARE - [8, 2]
2023-05-24 01:47:43,494 INFO 0 <---- 7 with COMMIT - [8, 2]
2023-05-24 01:47:43,510 INFO 7 <---- 0 with PREPARE - [6, 0]
2023-05-24 01:47:43,511 INFO 3 <---- 0 with COMMIT - [8, 2]
2023-05-24 01:47:43,512 INFO 2 <---- 6 with COMMIT - [8, 2]
2023-05-24 01:47:43,512 INFO @@@
2023-05-24 01:47:43,513 INFO 3 <---- 5 with COMMIT - [8, 2]
2023-05-24 01:47:43,513 INFO @@@
2023-05-24 01:47:43,514 INFO Client [0] has received message :result, from ['127.0.0.1', 49719] with number [8, 2]
2023-05-24 01:47:43,514 INFO Number [8, 2] has reached an agreement ! 
2023-05-24 01:47:43,515 INFO Client [0] has received message :result, from ['127.0.0.1', 49720] with number [8, 2]
